-----------------------------------------
-- not recursive
entrypoint p1 :: {Bit 32} [Bit 32] ->> [Bit 32]
p1{t0} t1 = add((t0, t1))

-----------------------------------------
-- not recursive
entrypoint p0 :: {} [Bit 32] ->> [[Bit 32] ->> [Bit 32]]
p0{} t0 = p1{t0}

-----------------------------------------
-- not recursive
entrypoint ext :: [Bit 32] ->> [[Bit 32] ->> [Bit 32]]
ext <-
  p0{}

-----------------------------------------
-- not recursive
entrypoint fromNat1 :: forall (a :: *). {a} [] ->> [a]
fromNat1{t0} [] = return t0

-----------------------------------------
-- not recursive
entrypoint fromNat0 :: forall (a :: *). {} [a] ->> [[] ->> [a]]
fromNat0{} t0 = fromNat1{t0}

-----------------------------------------
-- not recursive
entrypoint fromNat :: forall (a :: *). [a] ->> [[] ->> [a]]
fromNat <-
  fromNat0{}

-----------------------------------------
-- not recursive
entrypoint b :: [Bit 32, Bit 32, Bit 32, Bit 32] >>= [Bit 32, Bit 32]
b[t0, t1, t2, t3] =
  [t4, t5] <- subc0((t1, t3))
  [t6, t7] <- subc((t0, t2, t5))
  return [t4, t6]

-----------------------------------------
-- not recursive
entrypoint kb :: {Bit 32, Bit 32} [Bit 32, Bit 32] ->> [Bit 32, Bit 32]
kb{t0, t1} [t2, t3] = b[t0, t1, t2, t3]

-----------------------------------------
-- not recursive
entrypoint ka :: {} [Bit 32, Bit 32] ->> [[Bit 32, Bit 32] ->> [Bit 32, Bit 32]]
ka{} [t0, t1] = kb{t0, t1}

-----------------------------------------
-- not recursive
entrypoint subx :: [Bit 32, Bit 32] ->> [[Bit 32, Bit 32] ->> [Bit 32, Bit 32]]
subx <-
  ka{}

-----------------------------------------
-- not recursive
entrypoint k1 :: {Bit 32, Bit 32} [Bit 32, Bit 32] ->> [Bit 32, Bit 32]
k1{t0, t1} [t2, t3] = b[t0, t1, t2, t3]

-----------------------------------------
-- not recursive
entrypoint k :: {} [Bit 32, Bit 32] ->> [[Bit 32, Bit 32] ->> [Bit 32, Bit 32]]
k{} [t0, t1] = k1{t0, t1}

-----------------------------------------
-- not recursive
entrypoint sub64 :: [Bit 32, Bit 32] ->> [[Bit 32, Bit 32] ->> [Bit 32, Bit 32]]
sub64 <-
  k{}

-----------------------------------------
-- not recursive
b5 :: [] >>= [Bit 32]
b5[] =
  [t0, t1] <- rdtscPrim(())
  return t0

-----------------------------------------
-- not recursive
entrypoint rdtscClosure :: {} [] ->> [Bit 32]
rdtscClosure{} [] = b5[]

-----------------------------------------
-- not recursive
entrypoint rdtsc :: [] ->> [Bit 32]
rdtsc <-
  rdtscClosure{}

-----------------------------------------
-- Entrypoints: ext fromNat subx sub64 rdtsc
