-----------------------------------------
-- recursive
b78 :: [Word, [Word] ->> [Word]] >>= [Word]
b78[t0, t1] =
  t2 <- t1 @ t0
  b73[t1, t0]
b73 :: [[Word] ->> [Word], Word] >>= [Word]
b73[t0, t1] =
  t2 <- b78[t1, t0]
  loop(())

-----------------------------------------
-- not recursive
b68 :: [Word, [Word] ->> [Word], Word] >>= [Word]
b68[t0, t1, t2] =
  t3 <- t1 @ t2
  t4 <- t1 @ t0
  t5 <- b73[t1, t0]
  loop(())

-----------------------------------------
-- not recursive
entrypoint k54 :: {Word, [Word] ->> [Word]} [Word] ->> [Word]
k54{t0, t1} t2 = b68[t0, t1, t2]

-----------------------------------------
-- Entrypoints: k54
