-----------------------------------------
-- not recursive
entrypoint orex :: [Bit 32, Bit 32] >>= [Bit 32]
orex[t0, t1] =
  and((t1, 11))

-----------------------------------------
-- not recursive
entrypoint andex :: [Bit 32, Bit 32] >>= [Bit 32]
andex[t0, t1] =
  return 0

-----------------------------------------
-- not recursive
entrypoint simple1 :: [Bit 32, Bit 32] >>= [Bit 32]
simple1[t0, t1] =
  t2 <- and((t0, -6))
  t3 <- and((t1, 5))
  or((t2, t3))

-----------------------------------------
-- not recursive
entrypoint simple :: [Bit 32, Bit 32] >>= [Bit 32]
simple[t0, t1] =
  t2 <- and((t0, -6))
  t3 <- and((t1, 5))
  or((t2, t3))

-----------------------------------------
-- not recursive
entrypoint novel :: [Bit 32, Bit 32] >>= [Bit 32]
novel[t0, t1] =
  t2 <- and((t0, 5))
  t3 <- and((t1, 10))
  or((t2, t3))

-----------------------------------------
-- Entrypoints: orex andex simple1 simple novel
