-----------------------------------------
-- not recursive
external b :: Word

-----------------------------------------
-- not recursive
entrypoint a :: Word
a <-
  return b

-----------------------------------------
-- not recursive
b40 :: [] >>= [Bit 1]
b40[] =
  return flag0

-----------------------------------------
-- not recursive
b38 :: [Word, Word, Word] >>= [Bit 1]
b38[t0, t1, t2] =
  t3 <- and((t0, t1))
  primEq((t3, t2))

-----------------------------------------
-- not recursive
entrypoint isNull :: [Word, Word] >>= [Bit 1]
isNull[t0, t1] =
  t2 <- primEq((t0, 0))
  if t2
    then b38[t1, 0, 0]
    else b40[]

-----------------------------------------
-- Entrypoints: a isNull
