@raw.0 = internal global [16 x i8] zeroinitializer, align 16

@s1 = internal alias i8, i8* bitcast([16 x i8]* @raw.0 to i8*)

@raw.1 = internal global [16 x i8] zeroinitializer, align 16

@s2 = internal alias i8, i8* bitcast([16 x i8]* @raw.1 to i8*)

declare void @printWord(i32)

define internal void @func_b123(i32 %r0) {
  br label %b123

b123:
  %r11 = inttoptr i32 %r0 to i32*
  %r10 = load i32, i32* %r11
  call void @printWord(i32 %r10)
  %r9 = add i32 %r0, 4
  %r8 = inttoptr i32 %r9 to i32*
  %r7 = load i32, i32* %r8
  call void @printWord(i32 %r7)
  %r6 = add i32 %r0, 8
  %r5 = inttoptr i32 %r6 to i32*
  %r4 = load i32, i32* %r5
  call void @printWord(i32 %r4)
  %r3 = add i32 %r0, 12
  %r2 = inttoptr i32 %r3 to i32*
  %r1 = load i32, i32* %r2
  call void @printWord(i32 %r1)
  ret void
}

define void @display(i32 %r0) {
  br label %display

display:
  br label %c4

c4:
  tail call void @func_b123(i32 %r0)
  ret void
}

define void @main() {
  br label %main

main:
  call void @func_b123(i32 ptrtoint(i8* @s1 to i32))
  call void @func_b123(i32 ptrtoint(i8* @s2 to i32))
  %r7 = inttoptr i32 ptrtoint(i8* @s1 to i32) to i32*
  %r3 = load i32, i32* %r7
  %r6 = add i32 ptrtoint(i8* @s1 to i32), 4
  %r5 = inttoptr i32 %r6 to i32*
  %r4 = load i32, i32* %r5
  %r2 = add i32 ptrtoint(i8* @s2 to i32), 12
  %r1 = add i32 %r3, %r4
  %r0 = inttoptr i32 %r2 to i32*
  store i32 %r1, i32* %r0
  br label %c7

c7:
  tail call void @func_b123(i32 ptrtoint(i8* @s2 to i32))
  ret void
}

define void @writeT(i32 %r0, i32 %r1) {
  br label %writeT

writeT:
  %r3 = add i32 %r0, 12
  %r2 = inttoptr i32 %r3 to i32*
  store i32 %r1, i32* %r2
  ret void
}

define void @writeZ(i32 %r0, i32 %r1) {
  br label %writeZ

writeZ:
  %r3 = add i32 %r0, 8
  %r2 = inttoptr i32 %r3 to i32*
  store i32 %r1, i32* %r2
  ret void
}

define void @writeY(i32 %r0, i32 %r1) {
  br label %writeY

writeY:
  %r3 = add i32 %r0, 4
  %r2 = inttoptr i32 %r3 to i32*
  store i32 %r1, i32* %r2
  ret void
}

define void @writeX(i32 %r0, i32 %r1) {
  br label %writeX

writeX:
  %r2 = inttoptr i32 %r0 to i32*
  store i32 %r1, i32* %r2
  ret void
}

define i32 @readT(i32 %r0) {
  br label %readT

readT:
  %r3 = add i32 %r0, 12
  %r2 = inttoptr i32 %r3 to i32*
  %r1 = load i32, i32* %r2
  ret i32 %r1
}

define i32 @readZ(i32 %r0) {
  br label %readZ

readZ:
  %r3 = add i32 %r0, 8
  %r2 = inttoptr i32 %r3 to i32*
  %r1 = load i32, i32* %r2
  ret i32 %r1
}

define i32 @readY(i32 %r0) {
  br label %readY

readY:
  %r3 = add i32 %r0, 4
  %r2 = inttoptr i32 %r3 to i32*
  %r1 = load i32, i32* %r2
  ret i32 %r1
}

define i32 @readX(i32 %r0) {
  br label %readX

readX:
  %r2 = inttoptr i32 %r0 to i32*
  %r1 = load i32, i32* %r2
  ret i32 %r1
}

define internal void @func_b131(i32 %r0, i32 %r1, i32 %r2, i32 %r3, i32 %r4, i32 %r5, i32 %r6, i32 %r7, i32 %r8) {
  br label %b131

b131:
  %r16 = add i32 %r8, %r1
  %r15 = inttoptr i32 %r16 to i32*
  store i32 %r0, i32* %r15
  %r14 = add i32 %r8, %r3
  %r13 = inttoptr i32 %r14 to i32*
  store i32 %r2, i32* %r13
  %r12 = add i32 %r8, %r5
  %r11 = inttoptr i32 %r12 to i32*
  store i32 %r4, i32* %r11
  %r10 = add i32 %r8, %r7
  %r9 = inttoptr i32 %r10 to i32*
  store i32 %r6, i32* %r9
  ret void
}

define void @init(i32 %r0) {
  br label %init

init:
  br label %c28

c28:
  tail call void @func_b131(i32 10, i32 0, i32 9, i32 4, i32 19, i32 8, i32 94, i32 12, i32 %r0)
  ret void
}

define void @main() {
  br label %initialize

initialize:
  call void @func_b131(i32 10, i32 0, i32 9, i32 4, i32 19, i32 8, i32 94, i32 12, i32 ptrtoint(i8* @s1 to i32))
  br label %c31

c31:
  tail call void @func_b131(i32 10, i32 0, i32 9, i32 4, i32 19, i32 8, i32 94, i32 12, i32 ptrtoint(i8* @s2 to i32))
  ret void
}

