@str.0 = private unnamed_addr constant [25 x i8] c"Please enter your name: \00"

@str2 = internal alias i8, i8* getelementptr inbounds ([25 x i8], [25 x i8]* @str.0, i32 0, i32 0)

@prompt = global i32 0

@str.1 = private unnamed_addr constant [8 x i8] c"goodbye\00"

@str0 = internal alias i8, i8* getelementptr inbounds ([8 x i8], [8 x i8]* @str.1, i32 0, i32 0)

@str.2 = private unnamed_addr constant [6 x i8] c"hello\00"

@str1 = internal alias i8, i8* getelementptr inbounds ([6 x i8], [6 x i8]* @str.2, i32 0, i32 0)

define i32 @greet(i1 %r0) {
  br label %greet

greet:
  br i1 %r0, label %b67, label %b66

b67:
  ret i32 ptrtoint(i8* @str1 to i32)

b66:
  ret i32 ptrtoint(i8* @str0 to i32)
}

define void @main() {
  store i32 ptrtoint(i8* @str2 to i32), i32* @prompt
  br label %b71

b71:
  ret void
}

