-----------------------------------------
-- not recursive
str2 :: Word
str2 <- "goodbye"

-----------------------------------------
-- not recursive
b66 :: [] >>= [Word]
b66[] =
  return str2

-----------------------------------------
-- not recursive
str1 :: Word
str1 <- "hello"

-----------------------------------------
-- not recursive
b65 :: [] >>= [Word]
b65[] =
  return str1

-----------------------------------------
-- not recursive
entrypoint greet :: [Flag] >>= [Word]
greet[t0] =
  if t0
    then b65[]
    else b66[]

-----------------------------------------
-- not recursive
str0 :: Word
str0 <- "Please enter your name: "

-----------------------------------------
-- not recursive
entrypoint prompt :: Word
prompt <-
  return str0

-----------------------------------------
-- Entrypoints: greet prompt
