-----------------------------------------
-- not recursive
str0 :: Ref String
str0 <- "hello"

-----------------------------------------
-- not recursive
b3 :: forall (a :: tuple). [[Ref String] ->> a] >>= a
b3[t0] =
  t0 @ str0

-----------------------------------------
-- not recursive
entrypoint b1 :: forall (a :: *) (b :: tuple). [[a] ->> b, a] >>= b
b1[t0, t1] =
  t0 @ t1

-----------------------------------------
-- not recursive
entrypoint b :: forall (a :: tuple). [Flag, [Ref String] ->> a, Ref String] >>= a
b[t0, t1, t2] =
  if t0
    then b1[t1, t2]
    else b3[t1]

-----------------------------------------
-- Entrypoints: b
