-----------------------------------------
-- not recursive
str0 :: Word
str0 <- "hello"

-----------------------------------------
-- not recursive
b4 :: [[Word] ->> [Word]] >>= [Word]
b4[t0] =
  t0 @ str0

-----------------------------------------
-- not recursive
b1 :: [[Word] ->> [Word], Word] >>= [Word]
b1[t0, t1] =
  t0 @ t1

-----------------------------------------
-- not recursive
entrypoint b :: [Flag, [Word] ->> [Word], Word] >>= [Word]
b[t0, t1, t2] =
  if t0
    then b1[t1, t2]
    else b4[t1]

-----------------------------------------
-- Entrypoints: b
