data Maybe0
  = Nothing0
  | Just1 Word

-----------------------------------------
-- not recursive
Nothing :: Maybe0
Nothing <-
  Nothing0()

-----------------------------------------
-- not recursive
b92 :: [] >>= [Maybe0]
b92[] =
  return Nothing

-----------------------------------------
-- not recursive
b91 :: [Word] >>= [Maybe0]
b91[t0] =
  Just1(t0)

-----------------------------------------
-- not recursive
entrypoint why :: [Word] >>= [Maybe0]
why[t0] =
  t1 <- primUle((t0, 23))
  if t1
    then b91[t0]
    else b92[]

-----------------------------------------
-- Entrypoints: why
