-----------------------------------------
-- not recursive
b4 :: forall (a :: *) (b :: *). [[] ->> [a], [a] ->> [[] ->> [b]]] >>= [b]
b4[t0, t1] =
  t2 <- t0 @ []
  t3 <- t1 @ t2
  t3 @ []

-----------------------------------------
-- not recursive
k3 :: forall (a :: *) (b :: *). {[a] ->> [[] ->> [b]], [] ->> [a]} [] ->> [b]
k3{t0, t1} [] = b4[t1, t0]

-----------------------------------------
-- not recursive
k4 :: forall (a :: *) (b :: *). {[] ->> [a]} [[a] ->> [[] ->> [b]]] ->> [[] ->> [b]]
k4{t0} t1 = k3{t1, t0}

-----------------------------------------
-- not recursive
k5 :: forall (a :: *) (b :: *). {} [[] ->> [a]] ->> [[[a] ->> [[] ->> [b]]] ->> [[] ->> [b]]]
k5{} t0 = k4{t0}

-----------------------------------------
-- not recursive
entrypoint bind :: forall (a :: *) (b :: *). [[] ->> [a]] ->> [[[a] ->> [[] ->> [b]]] ->> [[] ->> [b]]]
bind <-
  k5{}

-----------------------------------------
-- Entrypoints: bind
