-----------------------------------------
-- not recursive
entrypoint zeroByte :: Bit 32
zeroByte <-
  fromWord((0))

-----------------------------------------
-- not recursive
entrypoint fullByte :: Bit 32
fullByte <-
  fromWord((255))

-----------------------------------------
-- not recursive
entrypoint fromByte :: [Bit 32] >>= [Bit 32]
fromByte[t0] =
  return t0

-----------------------------------------
-- not recursive
entrypoint seventeen :: Bit 32
seventeen <-
  fromWord((17))

-----------------------------------------
-- not recursive
entrypoint no :: Bit 1
no <-
  fromWord1((0))

-----------------------------------------
-- not recursive
entrypoint yes :: Bit 1
yes <-
  fromWord1((1))

-----------------------------------------
-- not recursive
entrypoint makeTwo :: [Bit 1, Bit 1] >>= [Bit 32]
makeTwo[t0, t1] =
  t2 <- flagToWord((t0))
  t3 <- flagToWord((t1))
  t4 <- shl((t3, 1))
  or((t2, t4))

-----------------------------------------
-- not recursive
entrypoint getT :: [Bit 32] >>= [Bit 1]
getT[t0] =
  t1 <- and((t0, 2))
  primNeq((t1, 0))

-----------------------------------------
-- not recursive
entrypoint getF :: [Bit 32] >>= [Bit 1]
getF[t0] =
  t1 <- and((t0, 1))
  primNeq((t1, 0))

-----------------------------------------
-- not recursive
b74 :: [] >>= [Bit 1]
b74[] =
  return no

-----------------------------------------
-- not recursive
b73 :: [] >>= [Bit 1]
b73[] =
  return yes

-----------------------------------------
-- not recursive
entrypoint bool2one :: [Bit 1] >>= [Bit 1]
bool2one[t0] =
  if t0
    then b73[]
    else b74[]

-----------------------------------------
-- not recursive
entrypoint boolflip :: [Bit 1] >>= [Bit 1]
boolflip[t0] =
  if t0
    then b74[]
    else b73[]

-----------------------------------------
-- not recursive
b77 :: [] >>= [Bit 32]
b77[] =
  t0 <- fromWord2((6))
  t1 <- fromWord2((2))
  t2 <- shl((t0, 4))
  or((t1, t2))

-----------------------------------------
-- not recursive
entrypoint nibs1 :: Bit 32
nibs1 <-
  b77[]

-----------------------------------------
-- not recursive
b78 :: [] >>= [Bit 32]
b78[] =
  t0 <- fromWord2((2))
  t1 <- fromWord2((6))
  t2 <- shl((t1, 4))
  or((t0, t2))

-----------------------------------------
-- not recursive
entrypoint nibs2 :: Bit 32
nibs2 <-
  b78[]

-----------------------------------------
-- not recursive
entrypoint getVal :: [Bit 32] >>= [Bit 32]
getVal[t0] =
  lshr((t0, 1))

-----------------------------------------
-- not recursive
entrypoint example :: [Bit 32] >>= [Bit 32]
example[t0] =
  toWord((t0))

-----------------------------------------
-- not recursive
entrypoint pcicont :: [[Bit 32] ->> [[Bit 32] ->> [[Bit 32] ->> [Bit 32]]], Bit 32] >>= [Bit 32]
pcicont[t0, t1] =
  t2 <- lshr((t1, 8))
  t3 <- t0 @ t2
  t4 <- lshr((t1, 3))
  t5 <- and((t4, 31))
  t6 <- t3 @ t5
  t7 <- and((t1, 7))
  t6 @ t7

-----------------------------------------
-- not recursive
entrypoint setfun :: [Bit 32, Bit 32] >>= [Bit 32]
setfun[t0, t1] =
  t2 <- and((t0, 65528))
  or((t2, t1))

-----------------------------------------
-- not recursive
b123 :: [] >>= [Bit 32]
b123[] =
  t0 <- flagToWord((no))
  t1 <- shl((t0, 1))
  t2 <- or((t0, t1))
  t3 <- shl((t0, 2))
  or((t2, t3))

-----------------------------------------
-- not recursive
s1 :: Bit 32
s1 <-
  b123[]

-----------------------------------------
-- not recursive
entrypoint noperms :: Bit 32
noperms <-
  return s1

-----------------------------------------
-- not recursive
b96 :: [] >>= [Bit 32]
b96[] =
  t0 <- and((s1, 3))
  t1 <- flagToWord((yes))
  t2 <- shl((t1, 2))
  or((t0, t2))

-----------------------------------------
-- not recursive
entrypoint roperms :: Bit 32
roperms <-
  b96[]

-----------------------------------------
-- not recursive
b97 :: [] >>= [Bit 32]
b97[] =
  t0 <- and((roperms, 5))
  t1 <- flagToWord((yes))
  t2 <- shl((t1, 1))
  or((t0, t2))

-----------------------------------------
-- not recursive
entrypoint rwperms :: Bit 32
rwperms <-
  b97[]

-----------------------------------------
-- not recursive
b98 :: [] >>= [Bit 32]
b98[] =
  t0 <- and((rwperms, 6))
  t1 <- flagToWord((yes))
  or((t0, t1))

-----------------------------------------
-- not recursive
entrypoint allperms :: Bit 32
allperms <-
  b98[]

-----------------------------------------
-- not recursive
entrypoint addWrite :: [Bit 32] >>= [Bit 32]
addWrite[t0] =
  t1 <- and((t0, 5))
  t2 <- flagToWord((yes))
  t3 <- shl((t2, 1))
  or((t1, t3))

-----------------------------------------
-- not recursive
entrypoint addExec :: [Bit 32] >>= [Bit 32]
addExec[t0] =
  t1 <- and((t0, 6))
  t2 <- flagToWord((yes))
  or((t1, t2))

-----------------------------------------
-- not recursive
entrypoint setWrite :: [Bit 1, Bit 32] >>= [Bit 32]
setWrite[t0, t1] =
  t2 <- and((t1, 5))
  t3 <- flagToWord((t0))
  t4 <- shl((t3, 1))
  or((t2, t4))

-----------------------------------------
-- not recursive
entrypoint oddCreate :: [Bit 1] >>= [Bit 32]
oddCreate[t0] =
  t1 <- flagToWord((t0))
  t2 <- flagToWord((yes))
  t3 <- shl((t2, 1))
  t4 <- or((t1, t3))
  t5 <- shl((t2, 2))
  or((t4, t5))

-----------------------------------------
-- Entrypoints: zeroByte fullByte fromByte seventeen no yes makeTwo getT getF bool2one boolflip nibs1 nibs2 getVal example pcicont setfun noperms roperms rwperms allperms addWrite addExec setWrite oddCreate
