data List0
  = Nil0
  | Cons1 Word List0

data Main1
  = Main2 ([Word] ->> [[Word] ->> [List0]]) ([Word] ->> [Word]) ([Word] ->> [Word]) ([Word] ->> [Word]) Word ([Word] ->> [Word]) ([Word] ->> [[Word] ->> [Word]]) ([Word] ->> [[Word] ->> [Word]])

-----------------------------------------
-- not recursive
b73 :: [Word, Word] >>= [Word]
b73[t0, t1] =
  t2 <- add((t0, t1))
  add((t2, 4))

-----------------------------------------
-- not recursive
k51 :: {Word} [Word] ->> [Word]
k51{t0} t1 = b73[t0, t1]

-----------------------------------------
-- not recursive
k52 :: {} [Word] ->> [[Word] ->> [Word]]
k52{} t0 = k51{t0}

-----------------------------------------
-- not recursive
ex5 :: [Word] ->> [[Word] ->> [Word]]
ex5 <-
  k52{}

-----------------------------------------
-- not recursive
b76 :: [Word, Word] >>= [Word]
b76[t0, t1] =
  t2 <- add((t0, t1))
  add((t2, 7))

-----------------------------------------
-- not recursive
k53 :: {Word} [Word] ->> [Word]
k53{t0} t1 = b76[t0, t1]

-----------------------------------------
-- not recursive
k54 :: {} [Word] ->> [[Word] ->> [Word]]
k54{} t0 = k53{t0}

-----------------------------------------
-- not recursive
ex4 :: [Word] ->> [[Word] ->> [Word]]
ex4 <-
  k54{}

-----------------------------------------
-- not recursive
k55 :: {} [Word] ->> [Word]
k55{} t0 = mul((t0, 5))

-----------------------------------------
-- not recursive
ex3 :: [Word] ->> [Word]
ex3 <-
  k55{}

-----------------------------------------
-- not recursive
k58 :: {} [Word] ->> [Word]
k58{} t0 = mul((t0, 2))

-----------------------------------------
-- not recursive
ex2 :: [Word] ->> [Word]
ex2 <-
  k58{}

-----------------------------------------
-- not recursive
k59 :: {} [Word] ->> [Word]
k59{} t0 = mul((t0, 3))

-----------------------------------------
-- not recursive
ex1a :: [Word] ->> [Word]
ex1a <-
  k59{}

-----------------------------------------
-- not recursive
Nil :: List0
Nil <-
  Nil0()

-----------------------------------------
-- not recursive
b92 :: [Word, Word] >>= [List0]
b92[t0, t1] =
  t2 <- shl((t1, 2))
  t3 <- add((t2, t1))
  t4 <- mul((t1, 10))
  t5 <- sub((t0, t1))
  t6 <- sub((t1, t0))
  t7 <- sub((1, t1))
  t8 <- sub((2, t1))
  t9 <- add((t1, 1))
  t10 <- add((t1, 9))
  t11 <- add((t1, -13))
  t12 <- sub((99, t0))
  t13 <- sub((102, t0))
  t14 <- add((t0, 100))
  t15 <- add((t1, t0))
  t16 <- neg((t15))
  t17 <- add((t0, t1))
  t18 <- Cons1(t17, Nil)
  t19 <- Cons1(t16, t18)
  t20 <- Cons1(t14, t19)
  t21 <- Cons1(t13, t20)
  t22 <- Cons1(t12, t21)
  t23 <- Cons1(t11, t22)
  t24 <- Cons1(t10, t23)
  t25 <- Cons1(t9, t24)
  t26 <- Cons1(t9, t25)
  t27 <- Cons1(t8, t26)
  t28 <- Cons1(t7, t27)
  t29 <- Cons1(t6, t28)
  t30 <- Cons1(t5, t29)
  t31 <- Cons1(t4, t30)
  t32 <- Cons1(t3, t31)
  Cons1(t2, t32)

-----------------------------------------
-- not recursive
k61 :: {Word} [Word] ->> [List0]
k61{t0} t1 = b92[t1, t0]

-----------------------------------------
-- not recursive
k62 :: {} [Word] ->> [[Word] ->> [List0]]
k62{} t0 = k61{t0}

-----------------------------------------
-- not recursive
ex0 :: [Word] ->> [[Word] ->> [List0]]
ex0 <-
  k62{}

-----------------------------------------
-- not recursive
entrypoint main :: Main1
main <-
  Main2(ex0, ex1a, ex1a, ex2, 6, ex3, ex4, ex5)

-----------------------------------------
-- Entrypoints: main
