data List0
  = Nil0
  | Cons1 (Bit 32) List0

-----------------------------------------
-- not recursive
b82 :: [] >>= [Bit 32]
b82[] =
  return 1

-----------------------------------------
-- not recursive
b89 :: [List0] >>= [Bit 32]
b89[t0] =
  assert t0 Cons1
  Cons1 0 t0

-----------------------------------------
-- not recursive
entrypoint main :: [List0] >>= [Bit 32]
main[t0] =
  case t0 of
    Nil0 -> b82[]
    Cons1 -> b89[t0]

-----------------------------------------
-- Entrypoints: main
