data Dup1
  = Dup1 Word Word

-----------------------------------------
-- not recursive
entrypoint swap7 :: [Dup1] >>= [Dup1]
swap7[t0] =
  t1 <- Dup1 0 t0
  t2 <- Dup1 1 t0
  Dup1(t2, t1)

-----------------------------------------
-- not recursive
entrypoint swap8 :: [Dup1] >>= [Dup1]
swap8[t0] =
  t1 <- Dup1 0 t0
  t2 <- Dup1 1 t0
  Dup1(t2, t1)

-----------------------------------------
-- not recursive
entrypoint d1 :: Dup1
d1 <-
  Dup1(1, 6)

-----------------------------------------
-- Entrypoints: swap7 swap8 d1
