data Dup0
  = Dup0 (Bit 7) (Bit 7)

data Dup1
  = Dup1 (Bit 8) (Bit 8)

data Dup2
  = Dup2 (Bit 3) (Bit 3)

-----------------------------------------
-- not recursive
b80 :: [Dup0] >>= [Dup0]
b80[t0] =
  t1 <- Dup0 0 t0
  t2 <- Dup0 1 t0
  Dup0(t2, t1)

-----------------------------------------
-- not recursive
k54 :: {} [Dup0] ->> [Dup0]
k54{} t0 = b80[t0]

-----------------------------------------
-- not recursive
swap :: [Dup0] ->> [Dup0]
swap <-
  k54{}

-----------------------------------------
-- not recursive
entrypoint swap7 :: [Dup0] ->> [Dup0]
swap7 <-
  return swap

-----------------------------------------
-- not recursive
b801 :: [Dup1] >>= [Dup1]
b801[t0] =
  t1 <- Dup1 0 t0
  t2 <- Dup1 1 t0
  Dup1(t2, t1)

-----------------------------------------
-- not recursive
k541 :: {} [Dup1] ->> [Dup1]
k541{} t0 = b801[t0]

-----------------------------------------
-- not recursive
s1 :: [Dup1] ->> [Dup1]
s1 <-
  k541{}

-----------------------------------------
-- not recursive
entrypoint swap8 :: [Dup1] ->> [Dup1]
swap8 <-
  return s1

-----------------------------------------
-- not recursive
entrypoint d1 :: Dup2
d1 <-
  Dup2(B001, B110)

-----------------------------------------
-- Entrypoints: swap7 swap8 d1
