-----------------------------------------
-- not recursive
b69 :: [] >>= [Word]
b69[] =
  return 1

-----------------------------------------
-- not recursive
b72 :: [] >>= [Word]
b72[] =
  return 0

-----------------------------------------
-- recursive
b86 :: [Word] >>= [Word]
b86[t0] =
  t1 <- primEq((t0, 1))
  if t1
    then b69[]
    else b66[t0]
b66 :: [Word] >>= [Word]
b66[t0] =
  t1 <- add((t0, -1))
  t2 <- b90[t1]
  t3 <- add((t0, -2))
  t4 <- b90[t3]
  add((t2, t4))
b90 :: [Word] >>= [Word]
b90[t0] =
  t1 <- primEq((t0, 0))
  if t1
    then b72[]
    else b86[t0]

-----------------------------------------
-- not recursive
b64 :: [] >>= [Word]
b64[] =
  t0 <- b90[11]
  t1 <- b90[10]
  add((t0, t1))

-----------------------------------------
-- not recursive
entrypoint main :: Word
main <-
  b64[]

-----------------------------------------
-- Entrypoints: main
