data Unit
  = Unit

-----------------------------------------
-- not recursive
s1 :: Unit
s1 <-
  Unit()

-----------------------------------------
-- not recursive
b76 :: [Bit 32] >>= [Unit]
b76[t0] =
  [] <- printWord((t0))
  return s1

-----------------------------------------
-- not recursive
entrypoint printWord1 :: {Bit 32} [] ->> [Unit]
printWord1{t0} [] = b76[t0]

-----------------------------------------
-- not recursive
main :: [] ->> [Unit]
main <-
  printWord1{144}

-----------------------------------------
-- Entrypoints:
