data Maybe0
  = Nothing0
  | Just1 Word

data Unit
  = Unit

-----------------------------------------
-- not recursive
Unit :: Unit
Unit <-
  Unit()

-----------------------------------------
-- not recursive
b97 :: [] >>= [Unit]
b97[] =
  [] <- print((1))
  [] <- print((2))
  [] <- print((3))
  return Unit

-----------------------------------------
-- not recursive
b98 :: [] >>= [Unit]
b98[] =
  [] <- print((3))
  return Unit

-----------------------------------------
-- not recursive
entrypoint main :: [Maybe0] >>= [Unit]
main[t0] =
  case t0 of
    Just1 -> b97[]
    Nothing0 -> b98[]

-----------------------------------------
-- Entrypoints: main
