data Maybe0
  = Nothing0
  | Just1 (Bit 32)

data Unit
  = Unit

-----------------------------------------
-- not recursive
Unit :: Unit
Unit <-
  Unit()

-----------------------------------------
-- not recursive
b88 :: [] >>= [Unit]
b88[] =
  [] <- print((1))
  [] <- print((2))
  [] <- print((3))
  return Unit

-----------------------------------------
-- not recursive
b0 :: [] >>= [Unit]
b0[] =
  halt(())

-----------------------------------------
-- not recursive
entrypoint main :: [Maybe0] >>= [Unit]
main[t0] =
  case t0 of
    Just1 -> b88[]
    Nothing0 -> b0[]

-----------------------------------------
-- Entrypoints: main
