-----------------------------------------
-- not recursive
entrypoint main :: [Bit 32] >>= [Bit 32]
main[t0] =
  t1 <- add((t0, 3))
  mul((t1, t1))

-----------------------------------------
-- not recursive
b79 :: [] >>= [Bit 32]
b79[] =
  return 0

-----------------------------------------
-- recursive
b78 :: [Bit 32] >>= [Bit 32]
b78[t0] =
  t1 <- add((t0, -1))
  t2 <- primEq((t1, 0))
  if t2
    then b79[]
    else b78[t1]

-----------------------------------------
-- not recursive
entrypoint main1 :: [Bit 32] >>= [Bit 32]
main1[t0] =
  t1 <- primEq((t0, 0))
  if t1
    then b79[]
    else b78[t0]

-----------------------------------------
-- Entrypoints: main main1
