data Maybe0
  = Nothing0
  | Just1 (Bit 32) (Bit 32)

data Unit
  = Unit

-----------------------------------------
-- not recursive
b120 :: [Bit 32, Bit 32] >>= [Bit 1]
b120[t0, t1] =
  primSlt((t0, t1))

-----------------------------------------
-- not recursive
btrue :: [] >>= [Bit 1]
btrue[] =
  return flag1

-----------------------------------------
-- not recursive
entrypoint disjoint :: [Bit 32, Bit 32, Bit 32, Bit 32] >>= [Bit 1]
disjoint[t0, t1, t2, t3] =
  t4 <- primSlt((t0, t3))
  if t4
    then btrue[]
    else b120[t2, t1]

-----------------------------------------
-- not recursive
bfalse :: [] >>= [Bit 1]
bfalse[] =
  return flag0

-----------------------------------------
-- not recursive
b134 :: [Bit 32, Bit 32] >>= [Bit 1]
b134[t0, t1] =
  t2 <- add((t0, 1))
  primSlt((t2, t1))

-----------------------------------------
-- not recursive
b213 :: [Bit 32, Bit 32] >>= [Bit 1]
b213[t0, t1] =
  t2 <- primSlt((t0, t1))
  if t2
    then b134[t0, t1]
    else bfalse[]

-----------------------------------------
-- not recursive
b478 :: [Bit 32, Bit 32, Bit 32, Bit 32] >>= [Bit 1]
b478[t0, t1, t2, t3] =
  t4 <- add((t0, 1))
  t5 <- primSlt((t4, t1))
  if t5
    then btrue[]
    else b213[t3, t2]

-----------------------------------------
-- not recursive
entrypoint separate :: [Bit 32, Bit 32, Bit 32, Bit 32] >>= [Bit 1]
separate[t0, t1, t2, t3] =
  t4 <- primSlt((t0, t3))
  if t4
    then b478[t0, t3, t1, t2]
    else b213[t2, t1]

-----------------------------------------
-- not recursive
b277 :: [Bit 32, Bit 32] >>= [Maybe0]
b277[t0, t1] =
  Just1(t0, t1)

-----------------------------------------
-- not recursive
b281 :: [Bit 32, Bit 32, Bit 32] >>= [Maybe0]
b281[t0, t1, t2] =
  t3 <- primSlt((t0, t1))
  if t3
    then b277[t1, t2]
    else b277[t0, t2]

-----------------------------------------
-- not recursive
b142 :: [Bit 32, Bit 32, Bit 32, Bit 32] >>= [Maybe0]
b142[t0, t1, t2, t3] =
  t4 <- primSlt((t3, t1))
  if t4
    then b281[t0, t2, t3]
    else b281[t0, t2, t1]

-----------------------------------------
-- not recursive
Nothing :: Maybe0
Nothing <-
  Nothing0()

-----------------------------------------
-- not recursive
b143 :: [] >>= [Maybe0]
b143[] =
  return Nothing

-----------------------------------------
-- not recursive
b479 :: [Bit 32, Bit 32, Bit 32, Bit 32] >>= [Maybe0]
b479[t0, t1, t2, t3] =
  t4 <- add((t0, 1))
  t5 <- primSlt((t4, t1))
  if t5
    then b143[]
    else b142[t3, t1, t0, t2]

-----------------------------------------
-- not recursive
b254 :: [Bit 32, Bit 32, Bit 32, Bit 32] >>= [Maybe0]
b254[t0, t1, t2, t3] =
  t4 <- primSlt((t0, t3))
  if t4
    then b479[t0, t3, t1, t2]
    else b142[t2, t3, t0, t1]

-----------------------------------------
-- not recursive
b480 :: [Bit 32, Bit 32, Bit 32, Bit 32] >>= [Maybe0]
b480[t0, t1, t2, t3] =
  t4 <- add((t0, 1))
  t5 <- primSlt((t4, t1))
  if t5
    then b143[]
    else b254[t3, t1, t0, t2]

-----------------------------------------
-- not recursive
entrypoint merge :: [Bit 32, Bit 32, Bit 32, Bit 32] >>= [Maybe0]
merge[t0, t1, t2, t3] =
  t4 <- primSlt((t0, t3))
  if t4
    then b480[t0, t3, t1, t2]
    else b254[t2, t3, t0, t1]

-----------------------------------------
-- not recursive
b367 :: [Bit 32, Bit 32, Bit 32, Bit 32] >>= [Bit 1]
b367[t0, t1, t2, t3] =
  t4 <- shl((t3, 1))
  t5 <- shl((t3, 3))
  t6 <- add((t2, t5))
  t7 <- store32((t6, t1))
  t8 <- add((t6, 4))
  t9 <- store32((t8, t0))
  t10 <- add((t2, 256))
  t11 <- store8((t10, t4))
  return flag1

-----------------------------------------
-- not recursive
b268 :: [Bit 32] >>= [Bit 1]
b268[t0] =
  t1 <- add((t0, 256))
  t2 <- store8((t1, 0))
  return flag0

-----------------------------------------
-- not recursive
b538 :: [Bit 32, Bit 32, Bit 32, Bit 32] >>= [Bit 1]
b538[t0, t1, t2, t3] =
  t4 <- shl((t0, 1))
  t5 <- shl((t0, 3))
  t6 <- add((t1, t5))
  t7 <- store32((t6, t3))
  t8 <- add((t6, 4))
  t9 <- store32((t8, t2))
  t10 <- add((t1, 256))
  t11 <- store8((t10, t4))
  return flag1

-----------------------------------------
-- not recursive
b609 :: [Bit 32, Bit 32, Bit 32, Bit 32, Bit 32, Bit 32] >>= [Bit 1]
b609[t0, t1, t2, t3, t4, t5] =
  t6 <- add((t1, t0))
  t7 <- primUle((t6, t2))
  if t7
    then b538[t6, t5, t4, t3]
    else b268[t5]

-----------------------------------------
-- not recursive
b214 :: [Bit 32, Bit 32] >>= [Bit 1]
b214[t0, t1] =
  t2 <- shl((t1, 1))
  t3 <- add((t0, 256))
  t4 <- store8((t3, t2))
  return flag0

-----------------------------------------
-- not recursive
b617 :: [Bit 32, Bit 32, Bit 32, Bit 32, Bit 32, Bit 32] >>= [Bit 1]
b617[t0, t1, t2, t3, t4, t5] =
  t6 <- add((t1, t0))
  t7 <- primUle((t6, t2))
  if t7
    then b538[t6, t5, t4, t3]
    else b214[t5, t1]

-----------------------------------------
-- recursive
b616 :: [Bit 32, Bit 32, Bit 32, Bit 32, Bit 32, Bit 32] >>= [Bit 1]
b616[t0, t1, t2, t3, t4, t5] =
  t6 <- primSlt((t1, t2))
  if t6
    then b601[1, t4, t5, t3, t2, t0]
    else b601[1, t4, t5, t3, t1, t0]
b613 :: [Bit 32, Bit 32, Bit 32, Bit 32, Bit 32, Bit 32, Bit 32] >>= [Bit 1]
b613[t0, t1, t2, t3, t4, t5, t6] =
  t7 <- primSlt((t3, t0))
  if t7
    then b615[t1, t2, t3, t4, t5, t6]
    else b616[t0, t1, t2, t4, t5, t6]
b615 :: [Bit 32, Bit 32, Bit 32, Bit 32, Bit 32, Bit 32] >>= [Bit 1]
b615[t0, t1, t2, t3, t4, t5] =
  t6 <- primSlt((t0, t1))
  if t6
    then b601[1, t4, t5, t3, t1, t2]
    else b601[1, t4, t5, t3, t0, t2]
b601 :: [Bit 32, Bit 32, Bit 32, Bit 32, Bit 32, Bit 32] >>= [Bit 1]
b601[t0, t1, t2, t3, t4, t5] =
  t6 <- sub((t2, t0))
  t7 <- primSle((t1, t6))
  if t7
    then b605[t6, t2, t3, t1, t5, t4]
    else b367[t5, t4, t3, t2]
b605 :: [Bit 32, Bit 32, Bit 32, Bit 32, Bit 32, Bit 32] >>= [Bit 1]
b605[t0, t1, t2, t3, t4, t5] =
  t6 <- shl((t1, 3))
  t7 <- add((t2, t6))
  t8 <- shl((t3, 3))
  t9 <- add((t2, t8))
  t10 <- load32((t7))
  t11 <- add((t7, 4))
  t12 <- load32((t11))
  t13 <- store32((t9, t10))
  t14 <- add((t9, 4))
  t15 <- store32((t14, t12))
  b608[t4, t5, t0, t2, t3]
b611 :: [Bit 32, Bit 32, Bit 32, Bit 32, Bit 32, Bit 32, Bit 32] >>= [Bit 1]
b611[t0, t1, t2, t3, t4, t5, t6] =
  t7 <- primSlt((t0, t2))
  if t7
    then b612[t0, t2, t1, t3, t4, t5, t6]
    else b613[t2, t3, t0, t1, t4, t5, t6]
b612 :: [Bit 32, Bit 32, Bit 32, Bit 32, Bit 32, Bit 32, Bit 32] >>= [Bit 1]
b612[t0, t1, t2, t3, t4, t5, t6] =
  t7 <- add((t0, 1))
  t8 <- primSlt((t7, t1))
  if t8
    then b614[1, t5, t6, t3, t1, t4]
    else b613[t1, t3, t0, t2, t4, t5, t6]
b610 :: [Bit 32, Bit 32, Bit 32, Bit 32, Bit 32, Bit 32, Bit 32] >>= [Bit 1]
b610[t0, t1, t2, t3, t4, t5, t6] =
  t7 <- add((t0, 1))
  t8 <- primSlt((t7, t1))
  if t8
    then b614[1, t5, t6, t0, t2, t4]
    else b611[t3, t1, t2, t0, t4, t5, t6]
b614 :: [Bit 32, Bit 32, Bit 32, Bit 32, Bit 32, Bit 32] >>= [Bit 1]
b614[t0, t1, t2, t3, t4, t5] =
  t6 <- add((t1, t0))
  t7 <- primUle((t6, t2))
  if t7
    then b608[t4, t3, t2, t5, t6]
    else b617[1, t1, 31, t3, t4, t5]
b608 :: [Bit 32, Bit 32, Bit 32, Bit 32, Bit 32] >>= [Bit 1]
b608[t0, t1, t2, t3, t4] =
  t5 <- shl((t4, 3))
  t6 <- add((t3, t5))
  t7 <- load32((t6))
  t8 <- add((t6, 4))
  t9 <- load32((t8))
  t10 <- primSlt((t1, t9))
  if t10
    then b610[t1, t9, t0, t7, t3, t4, t2]
    else b611[t7, t9, t0, t1, t3, t4, t2]

-----------------------------------------
-- not recursive
b604 :: [Bit 32, Bit 32, Bit 32, Bit 32, Bit 32, Bit 32] >>= [Bit 1]
b604[t0, t1, t2, t3, t4, t5] =
  t6 <- add((t1, t0))
  t7 <- primUle((t6, t2))
  if t7
    then b608[t4, t3, t2, t5, t6]
    else b609[1, 0, 31, t3, t4, t5]

-----------------------------------------
-- recursive
b602 :: [Bit 32, Bit 32, Bit 32, Bit 32, Bit 32, Bit 32] >>= [Bit 1]
b602[t0, t1, t2, t3, t4, t5] =
  t6 <- add((t0, 1))
  t7 <- primSlt((t6, t1))
  if t7
    then b604[1, 0, t5, t3, t1, t4]
    else b603[t1, t3, t0, t2, t4, t5]
b599 :: [Bit 32, Bit 32, Bit 32, Bit 32, Bit 32, Bit 32] >>= [Bit 1]
b599[t0, t1, t2, t3, t4, t5] =
  t6 <- add((t0, 1))
  t7 <- primSlt((t6, t1))
  if t7
    then b604[1, 0, t5, t0, t2, t4]
    else b600[t3, t1, t2, t0, t4, t5]
b607 :: [Bit 32, Bit 32, Bit 32, Bit 32, Bit 32] >>= [Bit 1]
b607[t0, t1, t2, t3, t4] =
  t5 <- primSlt((t1, t2))
  if t5
    then b590[1, 0, t4, t3, t2, t0]
    else b590[1, 0, t4, t3, t1, t0]
b590 :: [Bit 32, Bit 32, Bit 32, Bit 32, Bit 32, Bit 32] >>= [Bit 1]
b590[t0, t1, t2, t3, t4, t5] =
  t6 <- sub((t2, t0))
  t7 <- primSle((t1, t6))
  if t7
    then b595[t6, t2, t3, t5, t4]
    else b367[t5, t4, t3, t2]
b595 :: [Bit 32, Bit 32, Bit 32, Bit 32, Bit 32] >>= [Bit 1]
b595[t0, t1, t2, t3, t4] =
  t5 <- shl((t1, 3))
  t6 <- add((t2, t5))
  t7 <- load32((t6))
  t8 <- add((t6, 4))
  t9 <- load32((t8))
  t10 <- store32((t2, t7))
  t11 <- add((t2, 4))
  t12 <- store32((t11, t9))
  t13 <- load32((t2))
  t14 <- load32((t11))
  t15 <- primSlt((t4, t14))
  if t15
    then b599[t4, t14, t3, t13, t2, t0]
    else b600[t13, t14, t3, t4, t2, t0]
b600 :: [Bit 32, Bit 32, Bit 32, Bit 32, Bit 32, Bit 32] >>= [Bit 1]
b600[t0, t1, t2, t3, t4, t5] =
  t6 <- primSlt((t0, t2))
  if t6
    then b602[t0, t2, t1, t3, t4, t5]
    else b603[t2, t3, t0, t1, t4, t5]
b603 :: [Bit 32, Bit 32, Bit 32, Bit 32, Bit 32, Bit 32] >>= [Bit 1]
b603[t0, t1, t2, t3, t4, t5] =
  t6 <- primSlt((t3, t0))
  if t6
    then b606[t1, t2, t3, t4, t5]
    else b607[t0, t1, t2, t4, t5]
b606 :: [Bit 32, Bit 32, Bit 32, Bit 32, Bit 32] >>= [Bit 1]
b606[t0, t1, t2, t3, t4] =
  t5 <- primSlt((t0, t1))
  if t5
    then b590[1, 0, t4, t3, t1, t2]
    else b590[1, 0, t4, t3, t0, t2]

-----------------------------------------
-- not recursive
b517 :: [Bit 32, Bit 32, Bit 32, Bit 32, Bit 32, Bit 32] >>= [Bit 1]
b517[t0, t1, t2, t3, t4, t5] =
  t6 <- primSlt((t3, t1))
  if t6
    then b606[t0, t2, t3, t4, t5]
    else b606[t0, t2, t1, t4, t5]

-----------------------------------------
-- not recursive
b566 :: [Bit 32, Bit 32, Bit 32, Bit 32] >>= [Bit 1]
b566[t0, t1, t2, t3] =
  t4 <- shl((t0, 1))
  t5 <- shl((t0, 3))
  t6 <- add((t1, t5))
  t7 <- store32((t6, t2))
  t8 <- add((t6, 4))
  t9 <- store32((t8, t3))
  t10 <- add((t1, 256))
  t11 <- store8((t10, t4))
  return flag1

-----------------------------------------
-- not recursive
b593 :: [Bit 32, Bit 32, Bit 32, Bit 32, Bit 32, Bit 32, Bit 32] >>= [Bit 1]
b593[t0, t1, t2, t3, t4, t5, t6] =
  t7 <- primSlt((t3, t1))
  if t7
    then b615[t0, t2, t3, t4, t5, t6]
    else b615[t0, t2, t1, t4, t5, t6]

-----------------------------------------
-- not recursive
b598 :: [Bit 32, Bit 32, Bit 32, Bit 32, Bit 32, Bit 32] >>= [Bit 1]
b598[t0, t1, t2, t3, t4, t5] =
  t6 <- add((t1, t0))
  t7 <- primUle((t6, t2))
  if t7
    then b566[t6, t5, t4, t3]
    else b214[t5, t1]

-----------------------------------------
-- recursive
b587 :: [Bit 32, Bit 32, Bit 32, Bit 32, Bit 32, Bit 32, Bit 32] >>= [Bit 1]
b587[t0, t1, t2, t3, t4, t5, t6] =
  t7 <- primSlt((t0, t3))
  if t7
    then b592[t0, t3, t1, t2, t4, t5, t6]
    else b593[t2, t3, t0, t1, t4, t5, t6]
b592 :: [Bit 32, Bit 32, Bit 32, Bit 32, Bit 32, Bit 32, Bit 32] >>= [Bit 1]
b592[t0, t1, t2, t3, t4, t5, t6] =
  t7 <- add((t0, 1))
  t8 <- primSlt((t7, t1))
  if t8
    then b594[1, t5, t6, t1, t3, t4]
    else b593[t3, t1, t0, t2, t4, t5, t6]
b586 :: [Bit 32, Bit 32, Bit 32, Bit 32, Bit 32, Bit 32, Bit 32] >>= [Bit 1]
b586[t0, t1, t2, t3, t4, t5, t6] =
  t7 <- add((t0, 1))
  t8 <- primSlt((t7, t1))
  if t8
    then b594[1, t5, t6, t2, t0, t4]
    else b587[t3, t1, t0, t2, t4, t5, t6]
b594 :: [Bit 32, Bit 32, Bit 32, Bit 32, Bit 32, Bit 32] >>= [Bit 1]
b594[t0, t1, t2, t3, t4, t5] =
  t6 <- add((t1, t0))
  t7 <- primUle((t6, t2))
  if t7
    then b597[t6, t5, t2, t4, t3]
    else b598[1, t1, 31, t3, t4, t5]
b597 :: [Bit 32, Bit 32, Bit 32, Bit 32, Bit 32] >>= [Bit 1]
b597[t0, t1, t2, t3, t4] =
  t5 <- shl((t0, 3))
  t6 <- add((t1, t5))
  t7 <- load32((t6))
  t8 <- add((t6, 4))
  t9 <- load32((t8))
  t10 <- primSlt((t3, t9))
  if t10
    then b586[t3, t9, t4, t7, t1, t0, t2]
    else b587[t7, t9, t3, t4, t1, t0, t2]

-----------------------------------------
-- not recursive
b589 :: [Bit 32, Bit 32, Bit 32, Bit 32, Bit 32, Bit 32] >>= [Bit 1]
b589[t0, t1, t2, t3, t4, t5] =
  t6 <- add((t1, t0))
  t7 <- primUle((t6, t2))
  if t7
    then b597[t6, t5, t2, t4, t3]
    else b566[1, t5, t4, t3]

-----------------------------------------
-- not recursive
b516 :: [Bit 32, Bit 32, Bit 32, Bit 32, Bit 32, Bit 32] >>= [Bit 1]
b516[t0, t1, t2, t3, t4, t5] =
  t6 <- add((t0, 1))
  t7 <- primSlt((t6, t1))
  if t7
    then b589[1, 0, t5, t1, t3, t4]
    else b517[t3, t1, t0, t2, t4, t5]

-----------------------------------------
-- not recursive
b511 :: [Bit 32, Bit 32, Bit 32, Bit 32, Bit 32, Bit 32] >>= [Bit 1]
b511[t0, t1, t2, t3, t4, t5] =
  t6 <- primSlt((t0, t3))
  if t6
    then b516[t0, t3, t1, t2, t4, t5]
    else b517[t2, t3, t0, t1, t4, t5]

-----------------------------------------
-- not recursive
b510 :: [Bit 32, Bit 32, Bit 32, Bit 32, Bit 32, Bit 32] >>= [Bit 1]
b510[t0, t1, t2, t3, t4, t5] =
  t6 <- add((t0, 1))
  t7 <- primSlt((t6, t1))
  if t7
    then b589[1, 0, t5, t2, t0, t4]
    else b511[t3, t1, t0, t2, t4, t5]

-----------------------------------------
-- not recursive
b507 :: [Bit 32, Bit 32, Bit 32, Bit 32] >>= [Bit 1]
b507[t0, t1, t2, t3] =
  t4 <- lshr((t0, 1))
  t5 <- load32((t1))
  t6 <- add((t1, 4))
  t7 <- load32((t6))
  t8 <- primSlt((t2, t7))
  if t8
    then b510[t2, t7, t3, t5, t1, t4]
    else b511[t5, t7, t2, t3, t1, t4]

-----------------------------------------
-- not recursive
b294 :: [Bit 32, Bit 32, Bit 32] >>= [Bit 1]
b294[t0, t1, t2] =
  t3 <- store32((t2, t0))
  t4 <- add((t2, 4))
  t5 <- store32((t4, t1))
  t6 <- add((t2, 256))
  t7 <- store8((t6, 0))
  return flag1

-----------------------------------------
-- not recursive
entrypoint insertInterval :: [Bit 32, Bit 32, Bit 32] >>= [Bit 1]
insertInterval[t0, t1, t2] =
  t3 <- add((t0, 256))
  t4 <- load8((t3))
  t5 <- primEq((t4, 1))
  if t5
    then b294[t1, t2, t0]
    else b507[t4, t0, t1, t2]

-----------------------------------------
-- Entrypoints: disjoint separate merge insertInterval
