-----------------------------------------
-- not recursive
b125 :: [Bit 1] >>= [Word]
b125[t0] =
  t1 <- flagToWord((t0))
  t2 <- shl((t1, 1))
  t3 <- or((t1, t2))
  t4 <- shl((t1, 2))
  or((t3, t4))

-----------------------------------------
-- not recursive
entrypoint set1 :: [Bit 1] >>= [Word]
set1[t0] =
  b125[t0]

-----------------------------------------
-- not recursive
entrypoint set2 :: [Bit 1] >>= [Word]
set2[t0] =
  b125[t0]

-----------------------------------------
-- not recursive
construct_Perms :: [Bit 1, Bit 1, Bit 1] >>= [Word]
construct_Perms[t0, t1, t2] =
  t3 <- flagToWord((t2))
  t4 <- flagToWord((t1))
  t5 <- shl((t4, 1))
  t6 <- or((t3, t5))
  t7 <- flagToWord((t0))
  t8 <- shl((t7, 2))
  or((t6, t8))

-----------------------------------------
-- not recursive
entrypoint set4 :: [Bit 1, Bit 1, Bit 1] >>= [Word]
set4[t0, t1, t2] =
  construct_Perms[t0, t1, t2]

-----------------------------------------
-- not recursive
entrypoint set5 :: [Bit 1, Bit 1, Bit 1] >>= [Word]
set5[t0, t1, t2] =
  construct_Perms[t0, t1, t2]

-----------------------------------------
-- not recursive
entrypoint upd1 :: [Bit 1, Word] >>= [Word]
upd1[t0, t1] =
  t2 <- and((t1, 3))
  t3 <- flagToWord((t0))
  t4 <- shl((t3, 2))
  or((t2, t4))

-----------------------------------------
-- not recursive
entrypoint upd2 :: [Bit 1, Word] >>= [Word]
upd2[t0, t1] =
  t2 <- and((t1, 5))
  t3 <- flagToWord((t0))
  t4 <- shl((t3, 1))
  or((t2, t4))

-----------------------------------------
-- not recursive
entrypoint upd4 :: [Bit 1, Word] >>= [Word]
upd4[t0, t1] =
  t2 <- and((t1, 3))
  t3 <- flagToWord((t0))
  t4 <- shl((t3, 2))
  t5 <- or((t2, t4))
  t6 <- and((t5, 5))
  t7 <- shl((t3, 1))
  or((t6, t7))

-----------------------------------------
-- not recursive
entrypoint upd5 :: [Bit 1, Word] >>= [Word]
upd5[t0, t1] =
  t2 <- and((t1, 5))
  t3 <- flagToWord((t0))
  t4 <- shl((t3, 1))
  t5 <- or((t2, t4))
  t6 <- and((t5, 3))
  t7 <- shl((t3, 2))
  or((t6, t7))

-----------------------------------------
-- Entrypoints: set1 set2 set4 set5 upd1 upd2 upd4 upd5
