struct Coord / 2
  [ row :: Stored (Ix 25)  {- offset=0 -}
  | col :: Stored (Ix 80)  {- offset=1 -} ]
  aligned 1

data Unit
  = Unit

struct Window / 7
  [ topleft :: Coord  {- offset=0 -}
  | bottomright :: Coord  {- offset=2 -}
  | current :: Coord  {- offset=4 -}
  | attr :: Stored (Bit 8)  {- offset=6 -} ]
  aligned 8

-----------------------------------------
-- not recursive
s130 :: Unit
s130 <-
  Unit()

-----------------------------------------
-- not recursive
b815 :: [] >>= [Unit]
b815[] =
  return s130

-----------------------------------------
-- recursive
b932 :: [Bit 32, Bit 32] >>= [Unit]
b932[t0, t1] =
  t2 <- store8((t0, 0))
  t3 <- add((t1, 1))
  t4 <- add((t0, 1))
  b931[t4, t3]
b931 :: [Bit 32, Bit 32] >>= [Unit]
b931[t0, t1] =
  t2 <- primUlt((t1, 32))
  if t2
    then b932[t0, t1]
    else b815[]

-----------------------------------------
-- not recursive
itoaBuf :: Bit 32
itoaBuf <- area (Array 32 (Stored (Bit 8))) aligned 1

-----------------------------------------
-- recursive
b606 :: [Bit 32, Bit 32, Bit 32, Bit 32] >>= [Unit]
b606[t0, t1, t2, t3] =
  t4 <- mul((t3, 160))
  t5 <- mul((t0, 2))
  t6 <- add((t4, t5))
  t7 <- add((t6, 753664))
  t8 <- shl((t2, 8))
  t9 <- or((t8, 32))
  t10 <- store16((t7, t9))
  t11 <- add((t0, 1))
  t12 <- primUle((t11, t1))
  if t12
    then b606[t11, t1, t2, t3]
    else b815[]

-----------------------------------------
-- recursive
b608 :: [Bit 32, Bit 32, Bit 32, Bit 32, Bit 32] >>= [Unit]
b608[t0, t1, t2, t3, t4] =
  t5 <- b606[t4, t3, t2, t0]
  t6 <- add((t0, 1))
  t7 <- primUle((t6, t1))
  if t7
    then b608[t6, t1, t2, t3, t4]
    else b815[]

-----------------------------------------
-- not recursive
str0 :: Bit 32
str0 <- "Trivial kernel has booted!\n"

-----------------------------------------
-- not recursive
b937 :: [Bit 32] >>= [Unit]
b937[t0] =
  outb((1016, t0))

-----------------------------------------
-- recursive
b264 :: [Bit 32] >>= [Unit]
b264[t0] =
  t1 <- inb((1021))
  t2 <- and((t1, 96))
  t3 <- primEq((t2, 0))
  if t3
    then b264[t0]
    else b937[t0]

-----------------------------------------
-- recursive
b613 :: [Bit 32, Bit 32, Bit 32, Bit 32] >>= [Unit]
b613[t0, t1, t2, t3] =
  t4 <- mul((t3, 160))
  t5 <- mul((t0, 2))
  t6 <- add((t4, t5))
  t7 <- add((t6, 753664))
  t8 <- shl((t2, 8))
  t9 <- or((t8, 32))
  t10 <- store16((t7, t9))
  t11 <- add((t0, 1))
  t12 <- primUle((t11, t1))
  if t12
    then b613[t11, t1, t2, t3]
    else b815[]

-----------------------------------------
-- recursive
b616 :: [Bit 32, Bit 32, Bit 32, Bit 32] >>= [Unit]
b616[t0, t1, t2, t3] =
  t4 <- mul((t3, 160))
  t5 <- mul((t0, 2))
  t6 <- add((t4, t5))
  t7 <- add((t6, 753664))
  t8 <- mul((t2, 160))
  t9 <- add((t8, t5))
  t10 <- add((t9, 753664))
  t11 <- load16((t7))
  t12 <- store16((t10, t11))
  t13 <- add((t0, 1))
  t14 <- primUle((t13, t1))
  if t14
    then b616[t13, t1, t2, t3]
    else b815[]

-----------------------------------------
-- recursive
b693 :: [Bit 32, Bit 32, Bit 32, Bit 32, Bit 32, Bit 32] >>= [Unit]
b693[t0, t1, t2, t3, t4, t5] =
  t6 <- b616[t3, t2, t0, t5]
  b1065[1, t5, t1, t4, t3, t2]
b1065 :: [Bit 32, Bit 32, Bit 32, Bit 32, Bit 32, Bit 32] >>= [Unit]
b1065[t0, t1, t2, t3, t4, t5] =
  t6 <- add((t1, t0))
  t7 <- primUle((t6, t2))
  if t7
    then b693[t1, t2, t5, t4, t3, t6]
    else b613[t4, t5, t3, t2]

-----------------------------------------
-- not recursive
b375 :: [Bit 32] >>= [Unit]
b375[t0] =
  t1 <- load8((t0))
  t2 <- add((t0, 1))
  t3 <- load8((t2))
  t4 <- add((t0, 2))
  t5 <- load8((t4))
  t6 <- add((t0, 3))
  t7 <- load8((t6))
  t8 <- add((t0, 6))
  t9 <- load8((t8))
  t10 <- add((t1, 1))
  t11 <- primUle((t10, t5))
  if t11
    then b693[t1, t5, t7, t3, t9, t10]
    else b613[t3, t7, t9, t5]

-----------------------------------------
-- not recursive
b1072 :: [Bit 32, Bit 32] >>= [Unit]
b1072[t0, t1] =
  t2 <- add((t1, 4))
  store8((t2, t0))

-----------------------------------------
-- not recursive
b364 :: [Bit 32, Bit 32] >>= [Unit]
b364[t0, t1] =
  t2 <- add((t1, 1))
  t3 <- add((t1, 5))
  t4 <- load8((t2))
  t5 <- store8((t3, t4))
  t6 <- add((t1, 2))
  t7 <- load8((t6))
  t8 <- add((t0, 1))
  t9 <- primUle((t8, t7))
  if t9
    then b1072[t8, t1]
    else b375[t1]

-----------------------------------------
-- not recursive
b1076 :: [Bit 32, Bit 32] >>= [Unit]
b1076[t0, t1] =
  t2 <- add((t1, 5))
  store8((t2, t0))

-----------------------------------------
-- not recursive
b352 :: [Bit 32, Bit 32, Bit 32] >>= [Unit]
b352[t0, t1, t2] =
  t3 <- add((t1, 5))
  t4 <- load8((t3))
  t5 <- add((t1, 6))
  t6 <- load8((t5))
  t7 <- mul((t2, 160))
  t8 <- mul((t4, 2))
  t9 <- add((t7, t8))
  t10 <- add((t9, 753664))
  t11 <- and((t0, 255))
  t12 <- shl((t6, 8))
  t13 <- or((t11, t12))
  t14 <- store16((t10, t13))
  t15 <- add((t1, 3))
  t16 <- load8((t15))
  t17 <- add((t4, 1))
  t18 <- primUle((t17, t16))
  if t18
    then b1076[t17, t1]
    else b364[t2, t1]

-----------------------------------------
-- not recursive
b355 :: [Bit 32, Bit 32, Bit 32] >>= [Unit]
b355[t0, t1, t2] =
  t3 <- primEq((t2, 10))
  if t3
    then b364[t0, t1]
    else b352[t2, t1, t0]

-----------------------------------------
-- not recursive
b642 :: [Bit 32, Bit 32] >>= [Unit]
b642[t0, t1] =
  t2 <- add((t1, 4))
  t3 <- load8((t2))
  t4 <- primEq((t0, 13))
  if t4
    then b364[t3, t1]
    else b355[t3, t1, t0]

-----------------------------------------
-- recursive
b1094 :: [Bit 32, Bit 32, Bit 32, Bit 32, Bit 32, Bit 32, Bit 32] >>= [Unit]
b1094[t0, t1, t2, t3, t4, t5, t6] =
  t7 <- b613[t0, t1, t2, t3]
  b953[t5, t6]
b966 :: [Bit 32, Bit 32, Bit 32, Bit 32, Bit 32, Bit 32, Bit 32] >>= [Unit]
b966[t0, t1, t2, t3, t4, t5, t6] =
  t7 <- mul((t3, 160))
  t8 <- mul((t0, 2))
  t9 <- add((t7, t8))
  t10 <- add((t9, 753664))
  t11 <- shl((t2, 8))
  t12 <- or((t11, 32))
  t13 <- store16((t10, t12))
  t14 <- add((t0, 1))
  t15 <- primUle((t14, t1))
  if t15
    then b1094[t14, t1, t2, t3, t4, t5, t6]
    else b953[t5, t6]
b964 :: [Bit 32, Bit 32, Bit 32] >>= [Unit]
b964[t0, t1, t2] =
  t3 <- load8((t0))
  t4 <- add((t0, 1))
  t5 <- load8((t4))
  t6 <- add((t0, 2))
  t7 <- load8((t6))
  t8 <- add((t0, 3))
  t9 <- load8((t8))
  t10 <- add((t0, 6))
  t11 <- load8((t10))
  t12 <- add((t3, 1))
  t13 <- primUle((t12, t7))
  if t13
    then b1089[t12, t3, t7, t9, t5, t11, t1, t2, t0]
    else b966[t5, t9, t11, t7, t1, t2, t0]
b1089 :: [Bit 32, Bit 32, Bit 32, Bit 32, Bit 32, Bit 32, Bit 32, Bit 32, Bit 32] >>= [Unit]
b1089[t0, t1, t2, t3, t4, t5, t6, t7, t8] =
  t9 <- b616[t4, t3, t1, t0]
  t10 <- b1065[1, t0, t2, t5, t4, t3]
  b953[t7, t8]
b962 :: [Bit 32, Bit 32, Bit 32, Bit 32] >>= [Unit]
b962[t0, t1, t2, t3] =
  t4 <- add((t1, 1))
  t5 <- add((t1, 5))
  t6 <- load8((t4))
  t7 <- store8((t5, t6))
  t8 <- add((t1, 2))
  t9 <- load8((t8))
  t10 <- add((t0, 1))
  t11 <- primUle((t10, t9))
  if t11
    then b1085[t10, t1, t2, t3]
    else b964[t1, t2, t3]
b1085 :: [Bit 32, Bit 32, Bit 32, Bit 32] >>= [Unit]
b1085[t0, t1, t2, t3] =
  t4 <- add((t1, 4))
  t5 <- store8((t4, t0))
  b953[t3, t1]
b971 :: [Bit 32, Bit 32, Bit 32] >>= [Unit]
b971[t0, t1, t2] =
  t3 <- add((t1, 4))
  t4 <- load8((t3))
  t5 <- primEq((t0, 13))
  if t5
    then b962[t4, t1, t0, t2]
    else b993[t4, t1, t0, t2]
b993 :: [Bit 32, Bit 32, Bit 32, Bit 32] >>= [Unit]
b993[t0, t1, t2, t3] =
  t4 <- primEq((t2, 10))
  if t4
    then b962[t0, t1, t2, t3]
    else b1082[t2, t1, t0, t3]
b1082 :: [Bit 32, Bit 32, Bit 32, Bit 32] >>= [Unit]
b1082[t0, t1, t2, t3] =
  t4 <- add((t1, 5))
  t5 <- load8((t4))
  t6 <- add((t1, 6))
  t7 <- load8((t6))
  t8 <- mul((t2, 160))
  t9 <- mul((t5, 2))
  t10 <- add((t8, t9))
  t11 <- add((t10, 753664))
  t12 <- and((t0, 255))
  t13 <- shl((t7, 8))
  t14 <- or((t12, t13))
  t15 <- store16((t11, t14))
  t16 <- add((t1, 3))
  t17 <- load8((t16))
  t18 <- add((t5, 1))
  t19 <- primUle((t18, t17))
  if t19
    then b1080[t18, t1, t0, t3]
    else b962[t2, t1, t0, t3]
b1080 :: [Bit 32, Bit 32, Bit 32, Bit 32] >>= [Unit]
b1080[t0, t1, t2, t3] =
  t4 <- add((t1, 5))
  t5 <- store8((t4, t0))
  b953[t3, t1]
b955 :: [Bit 32, Bit 32, Bit 32] >>= [Unit]
b955[t0, t1, t2] =
  t3 <- add((t1, 1))
  t4 <- b264[t0]
  t5 <- primEq((t0, 10))
  if t5
    then b960[t0, t2, t3]
    else b971[t0, t2, t3]
b960 :: [Bit 32, Bit 32, Bit 32] >>= [Unit]
b960[t0, t1, t2] =
  t3 <- b264[13]
  t4 <- b642[t0, t1]
  b953[t2, t1]
b953 :: [Bit 32, Bit 32] >>= [Unit]
b953[t0, t1] =
  t2 <- load8((t0))
  t3 <- primEq((t2, 0))
  if t3
    then b815[]
    else b955[t2, t0, t1]

-----------------------------------------
-- not recursive
console :: Bit 32
console <- area Window aligned 8

-----------------------------------------
-- not recursive
str12 :: Bit 32
str12 <- "Headers:\n"

-----------------------------------------
-- not recursive
str2 :: Bit 32
str2 <- " "

-----------------------------------------
-- not recursive
str3 :: Bit 32
str3 <- "["

-----------------------------------------
-- not recursive
b662 :: [Bit 32, Bit 32] >>= [Unit]
b662[t0, t1] =
  t2 <- b264[13]
  t3 <- add((t1, 4))
  t4 <- load8((t3))
  t5 <- primEq((t0, 13))
  if t5
    then b364[t4, t1]
    else b355[t4, t1, t0]

-----------------------------------------
-- not recursive
b664 :: [Bit 32, Bit 32] >>= [Unit]
b664[t0, t1] =
  t2 <- b264[t0]
  t3 <- primEq((t0, 10))
  if t3
    then b662[t0, t1]
    else b642[t0, t1]

-----------------------------------------
-- recursive
b1106 :: [Bit 32, Bit 32, Bit 32] >>= [Unit]
b1106[t0, t1, t2] =
  t3 <- b664[t1, t2]
  t4 <- add((t0, 1))
  t5 <- primUle((t4, 0))
  if t5
    then b1106[t4, t1, t2]
    else b815[]

-----------------------------------------
-- not recursive
b1104 :: [Bit 32, Bit 32, Bit 32, Bit 32, Bit 32] >>= [Unit]
b1104[t0, t1, t2, t3, t4] =
  t5 <- add((t1, t0))
  t6 <- primUle((t5, t2))
  if t6
    then b1106[t5, t4, t3]
    else b815[]

-----------------------------------------
-- recursive
b745 :: [Bit 32, Bit 32] >>= [Unit]
b745[t0, t1] =
  t2 <- add((itoaBuf, t0))
  t3 <- load8((t2))
  t4 <- b664[t3, t1]
  t5 <- add((t0, -1))
  t6 <- primSle((0, t5))
  if t6
    then b745[t5, t1]
    else b815[]

-----------------------------------------
-- not recursive
b750 :: [Bit 32, Bit 32, Bit 32] >>= [Unit]
b750[t0, t1, t2] =
  t3 <- b1104[1, t2, 0, t1, t0]
  b745[t2, t1]

-----------------------------------------
-- recursive
b894 :: [Bit 32, Bit 32, Bit 32, Bit 32, Bit 32, Bit 32] >>= [Unit]
b894[t0, t1, t2, t3, t4, t5] =
  t6 <- add((t0, 87))
  t7 <- and((t6, 255))
  b893[t1, t7, t2, t3, t4, t5]
b892 :: [Bit 32, Bit 32, Bit 32, Bit 32, Bit 32, Bit 32] >>= [Unit]
b892[t0, t1, t2, t3, t4, t5] =
  t6 <- add((t0, 48))
  t7 <- and((t6, 255))
  b893[t1, t7, t2, t3, t4, t5]
b893 :: [Bit 32, Bit 32, Bit 32, Bit 32, Bit 32, Bit 32] >>= [Unit]
b893[t0, t1, t2, t3, t4, t5] =
  t6 <- store8((t0, t1))
  t7 <- add((t3, 1))
  t8 <- primUle((t7, 31))
  if t8
    then b1129[t7, t2, t3, t4, t5]
    else b750[t5, t4, t3]
b1129 :: [Bit 32, Bit 32, Bit 32, Bit 32, Bit 32] >>= [Unit]
b1129[t0, t1, t2, t3, t4] =
  t5 <- nzdiv((t1, 10))
  t6 <- primEq((t5, 0))
  if t6
    then b750[t4, t3, t2]
    else b747[t5, t0, t3, t4]
b747 :: [Bit 32, Bit 32, Bit 32, Bit 32] >>= [Unit]
b747[t0, t1, t2, t3] =
  t4 <- add((itoaBuf, t1))
  t5 <- nzrem((t0, 10))
  t6 <- primUle((t5, 9))
  if t6
    then b892[t5, t4, t0, t1, t2, t3]
    else b894[t5, t4, t0, t1, t2, t3]

-----------------------------------------
-- not recursive
b771 :: [Bit 32] >>= [Unit]
b771[t0] =
  t1 <- load8((itoaBuf))
  t2 <- b664[t1, t0]
  return s130

-----------------------------------------
-- not recursive
b1113 :: [Bit 32, Bit 32, Bit 32] >>= [Unit]
b1113[t0, t1, t2] =
  t3 <- b664[t1, t2]
  t4 <- b1104[1, t0, 0, t2, t1]
  t5 <- load8((itoaBuf))
  t6 <- b664[t5, t2]
  return s130

-----------------------------------------
-- not recursive
b1111 :: [Bit 32, Bit 32, Bit 32, Bit 32] >>= [Unit]
b1111[t0, t1, t2, t3] =
  t4 <- add((t1, t0))
  t5 <- primUle((t4, t1))
  if t5
    then b1113[t4, t2, t3]
    else b771[t3]

-----------------------------------------
-- not recursive
b898 :: [Bit 32, Bit 32, Bit 32, Bit 32, Bit 32] >>= [Unit]
b898[t0, t1, t2, t3, t4] =
  t5 <- add((t0, 87))
  t6 <- and((t5, 255))
  t7 <- store8((t1, t6))
  t8 <- nzdiv((t2, 10))
  t9 <- primEq((t8, 0))
  if t9
    then b1111[1, 0, t4, t3]
    else b747[t8, 1, t3, t4]

-----------------------------------------
-- not recursive
b896 :: [Bit 32, Bit 32, Bit 32, Bit 32, Bit 32] >>= [Unit]
b896[t0, t1, t2, t3, t4] =
  t5 <- add((t0, 48))
  t6 <- and((t5, 255))
  t7 <- store8((t1, t6))
  t8 <- nzdiv((t2, 10))
  t9 <- primEq((t8, 0))
  if t9
    then b1111[1, 0, t4, t3]
    else b747[t8, 1, t3, t4]

-----------------------------------------
-- not recursive
b727 :: [Bit 32, Bit 32, Bit 32] >>= [Unit]
b727[t0, t1, t2] =
  t3 <- nzrem((t2, 10))
  t4 <- primUle((t3, 9))
  if t4
    then b896[t3, itoaBuf, t2, t0, t1]
    else b898[t3, itoaBuf, t2, t0, t1]

-----------------------------------------
-- not recursive
str4 :: Bit 32
str4 <- "]: "

-----------------------------------------
-- not recursive
str6 :: Bit 32
str6 <- "[0x"

-----------------------------------------
-- not recursive
str7 :: Bit 32
str7 <- "-0x"

-----------------------------------------
-- not recursive
str8 :: Bit 32
str8 <- "], entry 0x"

-----------------------------------------
-- recursive
b902 :: [Bit 32, Bit 32, Bit 32, Bit 32, Bit 32, Bit 32] >>= [Unit]
b902[t0, t1, t2, t3, t4, t5] =
  t6 <- add((t0, 87))
  t7 <- and((t6, 255))
  b901[t1, t7, t2, t3, t4, t5]
b900 :: [Bit 32, Bit 32, Bit 32, Bit 32, Bit 32, Bit 32] >>= [Unit]
b900[t0, t1, t2, t3, t4, t5] =
  t6 <- add((t0, 48))
  t7 <- and((t6, 255))
  b901[t1, t7, t2, t3, t4, t5]
b901 :: [Bit 32, Bit 32, Bit 32, Bit 32, Bit 32, Bit 32] >>= [Unit]
b901[t0, t1, t2, t3, t4, t5] =
  t6 <- store8((t0, t1))
  t7 <- add((t3, 1))
  t8 <- primUle((t7, 31))
  if t8
    then b1117[t7, t2, t3, t4, t5]
    else b750[t5, t4, t3]
b1117 :: [Bit 32, Bit 32, Bit 32, Bit 32, Bit 32] >>= [Unit]
b1117[t0, t1, t2, t3, t4] =
  t5 <- lshr((t1, 4))
  t6 <- primEq((t5, 0))
  if t6
    then b750[t4, t3, t2]
    else b763[t5, t0, t3, t4]
b763 :: [Bit 32, Bit 32, Bit 32, Bit 32] >>= [Unit]
b763[t0, t1, t2, t3] =
  t4 <- add((itoaBuf, t1))
  t5 <- and((t0, 15))
  t6 <- primUle((t5, 9))
  if t6
    then b900[t5, t4, t0, t1, t2, t3]
    else b902[t5, t4, t0, t1, t2, t3]

-----------------------------------------
-- not recursive
b906 :: [Bit 32, Bit 32, Bit 32, Bit 32, Bit 32] >>= [Unit]
b906[t0, t1, t2, t3, t4] =
  t5 <- add((t0, 87))
  t6 <- and((t5, 255))
  t7 <- store8((t1, t6))
  t8 <- lshr((t2, 4))
  t9 <- primEq((t8, 0))
  if t9
    then b1111[1, 0, t4, t3]
    else b763[t8, 1, t3, t4]

-----------------------------------------
-- not recursive
b904 :: [Bit 32, Bit 32, Bit 32, Bit 32, Bit 32] >>= [Unit]
b904[t0, t1, t2, t3, t4] =
  t5 <- add((t0, 48))
  t6 <- and((t5, 255))
  t7 <- store8((t1, t6))
  t8 <- lshr((t2, 4))
  t9 <- primEq((t8, 0))
  if t9
    then b1111[1, 0, t4, t3]
    else b763[t8, 1, t3, t4]

-----------------------------------------
-- not recursive
b710 :: [Bit 32, Bit 32, Bit 32] >>= [Unit]
b710[t0, t1, t2] =
  t3 <- and((t2, 15))
  t4 <- primUle((t3, 9))
  if t4
    then b904[t3, itoaBuf, t2, t0, t1]
    else b906[t3, itoaBuf, t2, t0, t1]

-----------------------------------------
-- not recursive
str5 :: Bit 32
str5 <- "\n"

-----------------------------------------
-- not recursive
str14 :: Bit 32
str14 <- "Memory map:\n"

-----------------------------------------
-- not recursive
str9 :: Bit 32
str9 <- "[0x"

-----------------------------------------
-- not recursive
str10 :: Bit 32
str10 <- "-0x"

-----------------------------------------
-- not recursive
str11 :: Bit 32
str11 <- "]"

-----------------------------------------
-- not recursive
str16 :: Bit 32
str16 <- "Strings:\n"

-----------------------------------------
-- not recursive
str17 :: Bit 32
str17 <- "cmdline"

-----------------------------------------
-- not recursive
str19 :: Bit 32
str19 <- " "

-----------------------------------------
-- not recursive
str18 :: Bit 32
str18 <- "imgline"

-----------------------------------------
-- not recursive
str20 :: Bit 32
str20 <- ": "

-----------------------------------------
-- not recursive
str21 :: Bit 32
str21 <- " ["

-----------------------------------------
-- not recursive
str22 :: Bit 32
str22 <- "]\n"

-----------------------------------------
-- not recursive
str1 :: Bit 32
str1 <- "Halting kernel, returning to mimgload\n"

-----------------------------------------
-- not recursive
b1034 :: [] >>= [Unit]
b1034[] =
  t0 <- b953[str16, console]
  t1 <- load32((4104))
  t2 <- b953[str19, console]
  t3 <- b953[str17, console]
  t4 <- b953[str20, console]
  t5 <- b953[t1, console]
  t6 <- b953[str21, console]
  t7 <- b710[console, 32, t1]
  t8 <- b953[str22, console]
  t9 <- load32((4108))
  t10 <- b953[str19, console]
  t11 <- b953[str18, console]
  t12 <- b953[str20, console]
  t13 <- b953[t9, console]
  t14 <- b953[str21, console]
  t15 <- b710[console, 32, t9]
  t16 <- b953[str22, console]
  t17 <- load8((str1))
  t18 <- primEq((t17, 0))
  if t18
    then b815[]
    else b955[t17, str1, console]

-----------------------------------------
-- recursive
b1141 :: [Bit 32, Bit 32, Bit 32, Bit 32, Bit 32] >>= [Unit]
b1141[t0, t1, t2, t3, t4] =
  t5 <- add((t1, t2))
  t6 <- add((t0, -1))
  t7 <- b953[str2, console]
  t8 <- b953[t3, console]
  t9 <- b953[str3, console]
  t10 <- b727[console, 32, t4]
  t11 <- b953[str4, console]
  t12 <- b953[str9, console]
  t13 <- load32((t1))
  t14 <- b710[console, 32, t13]
  t15 <- b953[str10, console]
  t16 <- add((t1, 4))
  t17 <- load32((t16))
  t18 <- b710[console, 32, t17]
  t19 <- b953[str11, console]
  t20 <- b953[str5, console]
  t21 <- add((t4, 1))
  t22 <- primEq((t6, 0))
  if t22
    then b1034[]
    else b1141[t6, t5, 8, t3, t21]

-----------------------------------------
-- not recursive
str15 :: Bit 32
str15 <- "mmap"

-----------------------------------------
-- not recursive
b1038 :: [] >>= [Unit]
b1038[] =
  t0 <- b953[str14, console]
  t1 <- load32((4100))
  t2 <- load32((t1))
  t3 <- add((t1, 4))
  t4 <- primEq((t2, 0))
  if t4
    then b1034[]
    else b1141[t2, t3, 8, str15, 0]

-----------------------------------------
-- recursive
b1144 :: [Bit 32, Bit 32, Bit 32, Bit 32, Bit 32] >>= [Unit]
b1144[t0, t1, t2, t3, t4] =
  t5 <- add((t1, t2))
  t6 <- add((t0, -1))
  t7 <- b953[str2, console]
  t8 <- b953[t3, console]
  t9 <- b953[str3, console]
  t10 <- b727[console, 32, t4]
  t11 <- b953[str4, console]
  t12 <- b953[str6, console]
  t13 <- load32((t1))
  t14 <- b710[console, 32, t13]
  t15 <- b953[str7, console]
  t16 <- add((t1, 4))
  t17 <- load32((t16))
  t18 <- b710[console, 32, t17]
  t19 <- b953[str8, console]
  t20 <- add((t1, 8))
  t21 <- load32((t20))
  t22 <- b710[console, 32, t21]
  t23 <- b953[str5, console]
  t24 <- add((t4, 1))
  t25 <- primEq((t6, 0))
  if t25
    then b1038[]
    else b1144[t6, t5, 12, t3, t24]

-----------------------------------------
-- not recursive
str13 :: Bit 32
str13 <- "header"

-----------------------------------------
-- not recursive
initialize :: [] >>= [Unit]
initialize[] =
  t0 <- b931[itoaBuf, 0]
  t1 <- store8((console, 0))
  t2 <- add((console, 1))
  t3 <- store8((t2, 0))
  t4 <- add((console, 2))
  t5 <- store8((t4, 24))
  t6 <- add((console, 3))
  t7 <- store8((t6, 79))
  t8 <- add((console, 4))
  t9 <- store8((t8, 0))
  t10 <- add((console, 5))
  t11 <- store8((t10, 0))
  t12 <- add((console, 6))
  t13 <- store8((t12, 10))
  t14 <- load8((console))
  t15 <- load8((t2))
  t16 <- store8((t8, t14))
  t17 <- store8((t10, t15))
  t18 <- load8((t4))
  t19 <- load8((t6))
  t20 <- load8((t12))
  t21 <- b608[t14, t18, t20, t19, t15]
  t22 <- b953[str0, console]
  t23 <- b953[str12, console]
  t24 <- load32((4096))
  t25 <- load32((t24))
  t26 <- add((t24, 4))
  t27 <- primEq((t25, 0))
  if t27
    then b1038[]
    else b1144[t25, t26, 12, str13, 0]

-----------------------------------------
-- Entrypoints:
