Loading source files ...
Running type checker ...
Using passes "csoros":
Running constructor function rewrite ...
Running type checker ...
Running specializer ...
Running type checker ...
Running optimizer ...
Running type checker ...
Running representation transformation ...
Running type checker ...
Running optimizer ...
Running type checker ...
Running specializer ...
Running type checker ...
*** llvm output:
@raw.0 = internal global [7 x i8] zeroinitializer, align 8

@topleft = internal alias i8, i8* bitcast([7 x i8]* @raw.0 to i8*)

@str.1 = private unnamed_addr constant [14 x i8] c"\0ahhhh   hhhh\0a\00"

@str4 = internal alias i8, i8* getelementptr inbounds ([14 x i8], [14 x i8]* @str.1, i32 0, i32 0)

@str.2 = private unnamed_addr constant [27 x i8] c" hh    hhh        lll lll\0a\00"

@str5 = internal alias i8, i8* getelementptr inbounds ([27 x i8], [27 x i8]* @str.2, i32 0, i32 0)

@str.3 = private unnamed_addr constant [33 x i8] c" hh    hh   eeee  ll  ll   oooo\0a\00"

@str6 = internal alias i8, i8* getelementptr inbounds ([33 x i8], [33 x i8]* @str.3, i32 0, i32 0)

@str.4 = private unnamed_addr constant [34 x i8] c" hhhhhhhh  ee  ee ll  ll  oo  oo\0a\00"

@str7 = internal alias i8, i8* getelementptr inbounds ([34 x i8], [34 x i8]* @str.4, i32 0, i32 0)

@str.5 = private unnamed_addr constant [34 x i8] c" hh    hh eeeeeee ll  ll oo   oo\0a\00"

@str8 = internal alias i8, i8* getelementptr inbounds ([34 x i8], [34 x i8]* @str.5, i32 0, i32 0)

@str.6 = private unnamed_addr constant [33 x i8] c" hh    hh  ee     ll  ll oo  oo\0a\00"

@str9 = internal alias i8, i8* getelementptr inbounds ([33 x i8], [33 x i8]* @str.6, i32 0, i32 0)

@str.7 = private unnamed_addr constant [32 x i8] c"hhh   hhhh  eeee  ll  ll  oooo\0a\00"

@str10 = internal alias i8, i8* getelementptr inbounds ([32 x i8], [32 x i8]* @str.7, i32 0, i32 0)

@str.8 = private unnamed_addr constant [2 x i8] c"\0a\00"

@str11 = internal alias i8, i8* getelementptr inbounds ([2 x i8], [2 x i8]* @str.8, i32 0, i32 0)

@str.9 = private unnamed_addr constant [29 x i8] c"    K e r n e l   W o r l d\0a\00"

@str12 = internal alias i8, i8* getelementptr inbounds ([29 x i8], [29 x i8]* @str.9, i32 0, i32 0)

@raw.10 = internal global [7 x i8] zeroinitializer, align 8

@botright = internal alias i8, i8* bitcast([7 x i8]* @raw.10 to i8*)

@str.11 = private unnamed_addr constant [24 x i8] c"\0a      from LC and MIL\0a\00"

@str13 = internal alias i8, i8* getelementptr inbounds ([24 x i8], [24 x i8]* @str.11, i32 0, i32 0)

@str.12 = private unnamed_addr constant [9 x i8] c"6 * 7 = \00"

@str0 = internal alias i8, i8* getelementptr inbounds ([9 x i8], [9 x i8]* @str.12, i32 0, i32 0)

@raw.13 = internal global [32 x i8] zeroinitializer, align 1

@itoaBuf = internal alias i8, i8* bitcast([32 x i8]* @raw.13 to i8*)

@raw.14 = internal global [7 x i8] zeroinitializer, align 8

@topright = internal alias i8, i8* bitcast([7 x i8]* @raw.14 to i8*)

@str.15 = private unnamed_addr constant [5 x i8] c"fac(\00"

@str1 = internal alias i8, i8* getelementptr inbounds ([5 x i8], [5 x i8]* @str.15, i32 0, i32 0)

@str.16 = private unnamed_addr constant [5 x i8] c") = \00"

@str2 = internal alias i8, i8* getelementptr inbounds ([5 x i8], [5 x i8]* @str.16, i32 0, i32 0)

@str.17 = private unnamed_addr constant [2 x i8] c"\0a\00"

@str3 = internal alias i8, i8* getelementptr inbounds ([2 x i8], [2 x i8]* @str.17, i32 0, i32 0)

@raw.18 = internal global [7 x i8] zeroinitializer, align 8

@botleft = internal alias i8, i8* bitcast([7 x i8]* @raw.18 to i8*)

define internal void @func_b818(i32 %r0, i32 %r1) {
  br label %b818

b818:
  %r6 = phi i32 [%r0, %0], [%r5, %b819]
  %r3 = phi i32 [%r1, %0], [%r4, %b819]
  %r2 = icmp ult i32 %r3, 32
  br i1 %r2, label %b819, label %b724

b819:
  %r7 = inttoptr i32 %r6 to i8*
  %r8 = trunc i32 0 to i8
  store i8 %r8, i8* %r7
  %r4 = add i32 %r3, 1
  %r5 = add i32 %r6, 1
  br label %b818

b724:
  ret void
}

define internal void @func_b488(i32 %r0, i32 %r1, i32 %r2, i32 %r3) {
  br label %b488

b488:
  %r7 = phi i32 [%r0, %0], [%r5, %b488]
  %r6 = phi i32 [%r1, %0], [%r6, %b488]
  %r18 = phi i32 [%r2, %0], [%r18, %b488]
  %r21 = phi i32 [%r3, %0], [%r21, %b488]
  %r20 = mul i32 %r21, 160
  %r17 = mul i32 %r7, 2
  %r19 = add i32 %r20, %r17
  %r14 = add i32 %r19, 753664
  %r16 = mul i32 %r18, 160
  %r15 = add i32 %r16, %r17
  %r11 = add i32 %r15, 753664
  %r12 = inttoptr i32 %r14 to i16*
  %r13 = load i16, i16* %r12
  %r9 = zext i16 %r13 to i32
  %r8 = inttoptr i32 %r11 to i16*
  %r10 = trunc i32 %r9 to i16
  store i16 %r10, i16* %r8
  %r5 = add i32 %r7, 1
  %r4 = icmp ule i32 %r5, %r6
  br i1 %r4, label %b488, label %b724

b724:
  ret void
}

define internal void @func_b313(i32 %r0, i32 %r1) {
  br label %b313

b313:
  %r6 = add i32 %r0, 4
  %r4 = inttoptr i32 %r6 to i8*
  %r5 = load i8, i8* %r4
  %r3 = zext i8 %r5 to i32
  %r2 = icmp eq i32 %r1, 13
  br i1 %r2, label %b320, label %b311

b320:
  %r10 = phi i32 [%r3, %b313], [%r3, %b311], [%r3, %b308]
  %r14 = phi i32 [%r0, %b313], [%r0, %b311], [%r0, %b308]
  %r21 = add i32 %r14, 1
  %r18 = add i32 %r14, 5
  %r19 = inttoptr i32 %r21 to i8*
  %r20 = load i8, i8* %r19
  %r16 = zext i8 %r20 to i32
  %r15 = inttoptr i32 %r18 to i8*
  %r17 = trunc i32 %r16 to i8
  store i8 %r17, i8* %r15
  %r13 = add i32 %r14, 2
  %r11 = inttoptr i32 %r13 to i8*
  %r12 = load i8, i8* %r11
  %r9 = zext i8 %r12 to i32
  %r8 = add i32 %r10, 1
  %r7 = icmp ule i32 %r8, %r9
  br i1 %r7, label %b948, label %b331

b311:
  %r22 = icmp eq i32 %r1, 10
  br i1 %r22, label %b320, label %b308

b948:
  %r25 = add i32 %r14, 4
  %r23 = inttoptr i32 %r25 to i8*
  %r24 = trunc i32 %r8 to i8
  store i8 %r24, i8* %r23
  ret void

b331:
  %r45 = inttoptr i32 %r14 to i8*
  %r46 = load i8, i8* %r45
  %r29 = zext i8 %r46 to i32
  %r44 = add i32 %r14, 1
  %r42 = inttoptr i32 %r44 to i8*
  %r43 = load i8, i8* %r42
  %r41 = zext i8 %r43 to i32
  %r40 = add i32 %r14, 2
  %r38 = inttoptr i32 %r40 to i8*
  %r39 = load i8, i8* %r38
  %r28 = zext i8 %r39 to i32
  %r37 = add i32 %r14, 3
  %r35 = inttoptr i32 %r37 to i8*
  %r36 = load i8, i8* %r35
  %r34 = zext i8 %r36 to i32
  %r33 = add i32 %r14, 6
  %r31 = inttoptr i32 %r33 to i8*
  %r32 = load i8, i8* %r31
  %r30 = zext i8 %r32 to i32
  %r27 = add i32 %r29, 1
  %r26 = icmp ule i32 %r27, %r28
  br i1 %r26, label %b939, label %b485

b308:
  %r69 = add i32 %r0, 5
  %r67 = inttoptr i32 %r69 to i8*
  %r68 = load i8, i8* %r67
  %r50 = zext i8 %r68 to i32
  %r66 = add i32 %r0, 6
  %r64 = inttoptr i32 %r66 to i8*
  %r65 = load i8, i8* %r64
  %r60 = zext i8 %r65 to i32
  %r62 = mul i32 %r3, 160
  %r63 = mul i32 %r50, 2
  %r61 = add i32 %r62, %r63
  %r57 = add i32 %r61, 753664
  %r58 = and i32 %r1, 255
  %r59 = shl i32 %r60, 8
  %r55 = or i32 %r58, %r59
  %r54 = inttoptr i32 %r57 to i16*
  %r56 = trunc i32 %r55 to i16
  store i16 %r56, i16* %r54
  %r53 = add i32 %r0, 3
  %r51 = inttoptr i32 %r53 to i8*
  %r52 = load i8, i8* %r51
  %r49 = zext i8 %r52 to i32
  %r48 = add i32 %r50, 1
  %r47 = icmp ule i32 %r48, %r49
  br i1 %r47, label %b952, label %b320

b939:
  %r73 = phi i32 [%r27, %b331], [%r71, %b939]
  %r76 = phi i32 [%r29, %b331], [%r73, %b939]
  %r72 = phi i32 [%r28, %b331], [%r72, %b939]
  %r75 = phi i32 [%r34, %b331], [%r75, %b939]
  %r74 = phi i32 [%r41, %b331], [%r74, %b939]
  %r77 = phi i32 [%r30, %b331], [%r77, %b939]
  call void @func_b488(i32 %r74, i32 %r75, i32 %r76, i32 %r73)
  %r71 = add i32 %r73, 1
  %r70 = icmp ule i32 %r71, %r72
  br i1 %r70, label %b939, label %b485

b485:
  %r81 = phi i32 [%r41, %b331], [%r74, %b939], [%r79, %b485]
  %r80 = phi i32 [%r34, %b331], [%r75, %b939], [%r80, %b485]
  %r87 = phi i32 [%r30, %b331], [%r77, %b939], [%r87, %b485]
  %r91 = phi i32 [%r28, %b331], [%r72, %b939], [%r91, %b485]
  %r89 = mul i32 %r91, 160
  %r90 = mul i32 %r81, 2
  %r88 = add i32 %r89, %r90
  %r85 = add i32 %r88, 753664
  %r86 = shl i32 %r87, 8
  %r83 = or i32 %r86, 32
  %r82 = inttoptr i32 %r85 to i16*
  %r84 = trunc i32 %r83 to i16
  store i16 %r84, i16* %r82
  %r79 = add i32 %r81, 1
  %r78 = icmp ule i32 %r79, %r80
  br i1 %r78, label %b485, label %b724

b952:
  %r94 = add i32 %r0, 5
  %r92 = inttoptr i32 %r94 to i8*
  %r93 = trunc i32 %r48 to i8
  store i8 %r93, i8* %r92
  ret void

b724:
  ret void
}

define internal void @func_b844(i32 %r0, i32 %r1) {
  br label %b844

b844:
  %r4 = inttoptr i32 %r0 to i8*
  %r5 = load i8, i8* %r4
  %r3 = zext i8 %r5 to i32
  %r2 = icmp eq i32 %r3, 0
  br i1 %r2, label %b724, label %b846

b724:
  ret void

b846:
  %r12 = phi i32 [%r3, %b844], [%r7, %b846]
  %r13 = phi i32 [%r0, %b844], [%r10, %b846]
  %r11 = phi i32 [%r1, %b844], [%r11, %b846]
  %r10 = add i32 %r13, 1
  call void @func_b313(i32 %r11, i32 %r12)
  %r8 = inttoptr i32 %r10 to i8*
  %r9 = load i8, i8* %r8
  %r7 = zext i8 %r9 to i32
  %r6 = icmp eq i32 %r7, 0
  br i1 %r6, label %b724, label %b846
}

define internal void @func_b790(i32 %r0, i32 %r1, i32 %r2, i32 %r3, i32 %r4, i32 %r5) {
  br label %b790

b790:
  %r12 = phi i32 [%r0, %0], [%r19, %b789], [%r19, %b791]
  %r10 = phi i32 [%r1, %0], [%r18, %b789], [%r17, %b791]
  %r16 = phi i32 [%r2, %0], [%r15, %b789], [%r15, %b791]
  %r8 = phi i32 [%r3, %0], [%r7, %b789], [%r7, %b791]
  %r14 = phi i32 [%r4, %0], [%r14, %b789], [%r14, %b791]
  %r13 = phi i32 [%r5, %0], [%r13, %b789], [%r13, %b791]
  %r9 = inttoptr i32 %r12 to i8*
  %r11 = trunc i32 %r10 to i8
  store i8 %r11, i8* %r9
  %r7 = add i32 %r8, 1
  %r6 = icmp ule i32 %r7, 31
  br i1 %r6, label %b1018, label %b1031

b1018:
  %r15 = lshr i32 %r16, 4
  %r20 = icmp eq i32 %r15, 0
  br i1 %r20, label %b1031, label %b597

b1031:
  %r25 = phi i32 [1, %b790], [1, %b1018]
  %r24 = phi i32 [%r8, %b790], [%r8, %b1018]
  %r23 = phi i32 [0, %b790], [0, %b1018]
  %r27 = phi i32 [%r14, %b790], [%r14, %b1018]
  %r26 = phi i32 [%r13, %b790], [%r13, %b1018]
  %r22 = add i32 %r24, %r25
  %r21 = icmp ule i32 %r22, %r23
  br i1 %r21, label %b1032, label %b538

b597:
  %r19 = add i32 ptrtoint(i8* @itoaBuf to i32), %r7
  %r29 = and i32 %r15, 15
  %r28 = icmp ule i32 %r29, 9
  br i1 %r28, label %b789, label %b791

b1032:
  %r32 = phi i32 [%r22, %b1031], [%r31, %b1032]
  %r34 = phi i32 [%r26, %b1031], [%r34, %b1032]
  %r33 = phi i32 [%r27, %b1031], [%r33, %b1032]
  %r35 = phi i32 [%r24, %b1031], [%r35, %b1032]
  call void @func_b313(i32 %r33, i32 %r34)
  %r31 = add i32 %r32, 1
  %r30 = icmp ule i32 %r31, 0
  br i1 %r30, label %b1032, label %b538

b538:
  %r38 = phi i32 [%r24, %b1031], [%r35, %b1032], [%r37, %b538]
  %r39 = phi i32 [%r27, %b1031], [%r33, %b1032], [%r39, %b538]
  %r43 = add i32 ptrtoint(i8* @itoaBuf to i32), %r38
  %r41 = inttoptr i32 %r43 to i8*
  %r42 = load i8, i8* %r41
  %r40 = zext i8 %r42 to i32
  call void @func_b313(i32 %r39, i32 %r40)
  %r37 = add i32 %r38, -1
  %r36 = icmp sle i32 0, %r37
  br i1 %r36, label %b538, label %b724

b789:
  %r44 = add i32 %r29, 48
  %r18 = and i32 %r44, 255
  br label %b790

b791:
  %r45 = add i32 %r29, 87
  %r17 = and i32 %r45, 255
  br label %b790

b724:
  ret void
}

define internal void @func_b502(i32 %r0, i32 %r1, i32 %r2, i32 %r3) {
  br label %b502

b502:
  %r7 = phi i32 [%r0, %0], [%r5, %b502]
  %r6 = phi i32 [%r1, %0], [%r6, %b502]
  %r13 = phi i32 [%r2, %0], [%r13, %b502]
  %r17 = phi i32 [%r3, %0], [%r17, %b502]
  %r15 = mul i32 %r17, 160
  %r16 = mul i32 %r7, 2
  %r14 = add i32 %r15, %r16
  %r11 = add i32 %r14, 753664
  %r12 = shl i32 %r13, 8
  %r9 = or i32 %r12, 32
  %r8 = inttoptr i32 %r11 to i16*
  %r10 = trunc i32 %r9 to i16
  store i16 %r10, i16* %r8
  %r5 = add i32 %r7, 1
  %r4 = icmp ule i32 %r5, %r6
  br i1 %r4, label %b502, label %b724

b724:
  ret void
}

define internal void @func_b504(i32 %r0, i32 %r1, i32 %r2, i32 %r3, i32 %r4) {
  br label %b504

b504:
  %r8 = phi i32 [%r0, %0], [%r6, %b504]
  %r7 = phi i32 [%r1, %0], [%r7, %b504]
  %r11 = phi i32 [%r2, %0], [%r11, %b504]
  %r10 = phi i32 [%r3, %0], [%r10, %b504]
  %r9 = phi i32 [%r4, %0], [%r9, %b504]
  call void @func_b502(i32 %r9, i32 %r10, i32 %r11, i32 %r8)
  %r6 = add i32 %r8, 1
  %r5 = icmp ule i32 %r6, %r7
  br i1 %r5, label %b504, label %b724

b724:
  ret void
}

define internal void @func_b961(i32 %r0, i32 %r1, i32 %r2, i32 %r3, i32 %r4) {
  br label %b961

b961:
  %r6 = add i32 %r1, %r0
  %r5 = icmp ule i32 %r6, %r2
  br i1 %r5, label %b963, label %b724

b963:
  %r9 = phi i32 [%r6, %b961], [%r8, %b963]
  %r11 = phi i32 [%r4, %b961], [%r11, %b963]
  %r10 = phi i32 [%r3, %b961], [%r10, %b963]
  call void @func_b313(i32 %r10, i32 %r11)
  %r8 = add i32 %r9, 1
  %r7 = icmp ule i32 %r8, 2
  br i1 %r7, label %b963, label %b724

b724:
  ret void
}

define internal void @func_b997(i32 %r0, i32 %r1, i32 %r2, i32 %r3, i32 %r4, i32 %r5) {
  br label %b997

b997:
  %r7 = add i32 %r1, %r0
  %r6 = icmp ule i32 %r7, %r2
  br i1 %r6, label %b999, label %b968

b999:
  %r9 = udiv i32 %r3, 10
  %r8 = icmp eq i32 %r9, 0
  br i1 %r8, label %b968, label %b615

b968:
  %r14 = phi i32 [1, %b997], [1, %b999]
  %r13 = phi i32 [0, %b997], [0, %b999]
  %r12 = phi i32 [2, %b997], [2, %b999]
  %r16 = phi i32 [%r5, %b997], [%r5, %b999]
  %r15 = phi i32 [%r4, %b997], [%r4, %b999]
  %r11 = add i32 %r13, %r14
  %r10 = icmp ule i32 %r11, %r12
  br i1 %r10, label %b970, label %b636

b615:
  %r19 = phi i32 [%r9, %b999], [%r27, %b974]
  %r21 = phi i32 [%r7, %b999], [%r26, %b974]
  %r25 = phi i32 [%r4, %b999], [%r24, %b974]
  %r23 = phi i32 [%r5, %b999], [%r22, %b974]
  %r20 = add i32 ptrtoint(i8* @itoaBuf to i32), %r21
  %r18 = urem i32 %r19, 10
  %r17 = icmp ule i32 %r18, 9
  br i1 %r17, label %b796, label %b798

b970:
  call void @func_b313(i32 %r15, i32 %r16)
  call void @func_b961(i32 1, i32 %r11, i32 2, i32 %r15, i32 %r16)
  %r29 = inttoptr i32 ptrtoint(i8* @itoaBuf to i32) to i8*
  %r30 = load i8, i8* %r29
  %r28 = zext i8 %r30 to i32
  call void @func_b313(i32 %r15, i32 %r28)
  ret void

b636:
  %r32 = inttoptr i32 ptrtoint(i8* @itoaBuf to i32) to i8*
  %r33 = load i8, i8* %r32
  %r31 = zext i8 %r33 to i32
  call void @func_b313(i32 %r15, i32 %r31)
  ret void

b796:
  %r35 = add i32 %r18, 48
  %r34 = and i32 %r35, 255
  br label %b797

b798:
  %r37 = add i32 %r18, 87
  %r36 = and i32 %r37, 255
  br label %b797

b797:
  %r43 = phi i32 [%r20, %b796], [%r20, %b798]
  %r41 = phi i32 [%r34, %b796], [%r36, %b798]
  %r44 = phi i32 [%r19, %b796], [%r19, %b798]
  %r39 = phi i32 [%r21, %b796], [%r21, %b798]
  %r24 = phi i32 [%r25, %b796], [%r25, %b798]
  %r22 = phi i32 [%r23, %b796], [%r23, %b798]
  %r40 = inttoptr i32 %r43 to i8*
  %r42 = trunc i32 %r41 to i8
  store i8 %r42, i8* %r40
  %r26 = add i32 %r39, 1
  %r38 = icmp ule i32 %r26, 31
  br i1 %r38, label %b974, label %b618

b974:
  %r27 = udiv i32 %r44, 10
  %r45 = icmp eq i32 %r27, 0
  br i1 %r45, label %b618, label %b615

b618:
  %r46 = phi i32 [%r39, %b797], [%r39, %b974]
  %r47 = phi i32 [%r24, %b797], [%r24, %b974]
  %r48 = phi i32 [%r22, %b797], [%r22, %b974]
  call void @func_b961(i32 1, i32 %r46, i32 2, i32 %r47, i32 %r48)
  br label %b538

b538:
  %r51 = phi i32 [%r46, %b618], [%r50, %b538]
  %r52 = phi i32 [%r47, %b618], [%r52, %b538]
  %r56 = add i32 ptrtoint(i8* @itoaBuf to i32), %r51
  %r54 = inttoptr i32 %r56 to i8*
  %r55 = load i8, i8* %r54
  %r53 = zext i8 %r55 to i32
  call void @func_b313(i32 %r52, i32 %r53)
  %r50 = add i32 %r51, -1
  %r49 = icmp sle i32 0, %r50
  br i1 %r49, label %b538, label %b724

b724:
  ret void
}

define internal void @func_b977(i32 %r0, i32 %r1, i32 %r2, i32 %r3, i32 %r4) {
  br label %b977

b977:
  %r6 = add i32 %r1, %r0
  %r5 = icmp ule i32 %r6, %r2
  br i1 %r5, label %b979, label %b724

b979:
  %r9 = phi i32 [%r6, %b977], [%r8, %b979]
  %r11 = phi i32 [%r4, %b977], [%r11, %b979]
  %r10 = phi i32 [%r3, %b977], [%r10, %b979]
  call void @func_b313(i32 %r10, i32 %r11)
  %r8 = add i32 %r9, 1
  %r7 = icmp ule i32 %r8, 4
  br i1 %r7, label %b979, label %b724

b724:
  ret void
}

define internal void @func_b993(i32 %r0, i32 %r1, i32 %r2, i32 %r3, i32 %r4, i32 %r5) {
  br label %b993

b993:
  %r7 = add i32 %r1, %r0
  %r6 = icmp ule i32 %r7, %r2
  br i1 %r6, label %b995, label %b984

b995:
  %r9 = udiv i32 %r3, 10
  %r8 = icmp eq i32 %r9, 0
  br i1 %r8, label %b984, label %b629

b984:
  %r14 = phi i32 [1, %b993], [1, %b995]
  %r13 = phi i32 [0, %b993], [0, %b995]
  %r12 = phi i32 [4, %b993], [4, %b995]
  %r16 = phi i32 [%r5, %b993], [%r5, %b995]
  %r15 = phi i32 [%r4, %b993], [%r4, %b995]
  %r11 = add i32 %r13, %r14
  %r10 = icmp ule i32 %r11, %r12
  br i1 %r10, label %b986, label %b636

b629:
  %r19 = phi i32 [%r9, %b995], [%r27, %b990]
  %r21 = phi i32 [%r7, %b995], [%r26, %b990]
  %r25 = phi i32 [%r4, %b995], [%r24, %b990]
  %r23 = phi i32 [%r5, %b995], [%r22, %b990]
  %r20 = add i32 ptrtoint(i8* @itoaBuf to i32), %r21
  %r18 = urem i32 %r19, 10
  %r17 = icmp ule i32 %r18, 9
  br i1 %r17, label %b803, label %b805

b986:
  call void @func_b313(i32 %r15, i32 %r16)
  call void @func_b977(i32 1, i32 %r11, i32 4, i32 %r15, i32 %r16)
  %r29 = inttoptr i32 ptrtoint(i8* @itoaBuf to i32) to i8*
  %r30 = load i8, i8* %r29
  %r28 = zext i8 %r30 to i32
  call void @func_b313(i32 %r15, i32 %r28)
  ret void

b636:
  %r32 = inttoptr i32 ptrtoint(i8* @itoaBuf to i32) to i8*
  %r33 = load i8, i8* %r32
  %r31 = zext i8 %r33 to i32
  call void @func_b313(i32 %r15, i32 %r31)
  ret void

b803:
  %r35 = add i32 %r18, 48
  %r34 = and i32 %r35, 255
  br label %b804

b805:
  %r37 = add i32 %r18, 87
  %r36 = and i32 %r37, 255
  br label %b804

b804:
  %r43 = phi i32 [%r20, %b803], [%r20, %b805]
  %r41 = phi i32 [%r34, %b803], [%r36, %b805]
  %r44 = phi i32 [%r19, %b803], [%r19, %b805]
  %r39 = phi i32 [%r21, %b803], [%r21, %b805]
  %r24 = phi i32 [%r25, %b803], [%r25, %b805]
  %r22 = phi i32 [%r23, %b803], [%r23, %b805]
  %r40 = inttoptr i32 %r43 to i8*
  %r42 = trunc i32 %r41 to i8
  store i8 %r42, i8* %r40
  %r26 = add i32 %r39, 1
  %r38 = icmp ule i32 %r26, 5
  br i1 %r38, label %b990, label %b632

b990:
  %r27 = udiv i32 %r44, 10
  %r45 = icmp eq i32 %r27, 0
  br i1 %r45, label %b632, label %b629

b632:
  %r46 = phi i32 [%r39, %b804], [%r39, %b990]
  %r47 = phi i32 [%r24, %b804], [%r24, %b990]
  %r48 = phi i32 [%r22, %b804], [%r22, %b990]
  call void @func_b977(i32 1, i32 %r46, i32 4, i32 %r47, i32 %r48)
  br label %b538

b538:
  %r51 = phi i32 [%r46, %b632], [%r50, %b538]
  %r52 = phi i32 [%r47, %b632], [%r52, %b538]
  %r56 = add i32 ptrtoint(i8* @itoaBuf to i32), %r51
  %r54 = inttoptr i32 %r56 to i8*
  %r55 = load i8, i8* %r54
  %r53 = zext i8 %r55 to i32
  call void @func_b313(i32 %r52, i32 %r53)
  %r50 = add i32 %r51, -1
  %r49 = icmp sle i32 0, %r50
  br i1 %r49, label %b538, label %b724

b724:
  ret void
}

define void @hello() {
  br label %initialize

initialize:
  %r157 = inttoptr i32 ptrtoint(i8* @topleft to i32) to i8*
  %r158 = trunc i32 0 to i8
  store i8 %r158, i8* %r157
  %r100 = add i32 ptrtoint(i8* @topleft to i32), 1
  %r155 = inttoptr i32 %r100 to i8*
  %r156 = trunc i32 0 to i8
  store i8 %r156, i8* %r155
  %r91 = add i32 ptrtoint(i8* @topleft to i32), 2
  %r153 = inttoptr i32 %r91 to i8*
  %r154 = trunc i32 11 to i8
  store i8 %r154, i8* %r153
  %r88 = add i32 ptrtoint(i8* @topleft to i32), 3
  %r151 = inttoptr i32 %r88 to i8*
  %r152 = trunc i32 39 to i8
  store i8 %r152, i8* %r151
  %r97 = add i32 ptrtoint(i8* @topleft to i32), 4
  %r149 = inttoptr i32 %r97 to i8*
  %r150 = trunc i32 0 to i8
  store i8 %r150, i8* %r149
  %r94 = add i32 ptrtoint(i8* @topleft to i32), 5
  %r147 = inttoptr i32 %r94 to i8*
  %r148 = trunc i32 0 to i8
  store i8 %r148, i8* %r147
  %r85 = add i32 ptrtoint(i8* @topleft to i32), 6
  %r145 = inttoptr i32 %r85 to i8*
  %r146 = trunc i32 7 to i8
  store i8 %r146, i8* %r145
  %r143 = inttoptr i32 ptrtoint(i8* @botright to i32) to i8*
  %r144 = trunc i32 12 to i8
  store i8 %r144, i8* %r143
  %r75 = add i32 ptrtoint(i8* @botright to i32), 1
  %r141 = inttoptr i32 %r75 to i8*
  %r142 = trunc i32 40 to i8
  store i8 %r142, i8* %r141
  %r66 = add i32 ptrtoint(i8* @botright to i32), 2
  %r139 = inttoptr i32 %r66 to i8*
  %r140 = trunc i32 23 to i8
  store i8 %r140, i8* %r139
  %r63 = add i32 ptrtoint(i8* @botright to i32), 3
  %r137 = inttoptr i32 %r63 to i8*
  %r138 = trunc i32 79 to i8
  store i8 %r138, i8* %r137
  %r72 = add i32 ptrtoint(i8* @botright to i32), 4
  %r135 = inttoptr i32 %r72 to i8*
  %r136 = trunc i32 12 to i8
  store i8 %r136, i8* %r135
  %r69 = add i32 ptrtoint(i8* @botright to i32), 5
  %r133 = inttoptr i32 %r69 to i8*
  %r134 = trunc i32 40 to i8
  store i8 %r134, i8* %r133
  %r60 = add i32 ptrtoint(i8* @botright to i32), 6
  %r131 = inttoptr i32 %r60 to i8*
  %r132 = trunc i32 77 to i8
  store i8 %r132, i8* %r131
  call void @func_b818(i32 ptrtoint(i8* @itoaBuf to i32), i32 0)
  %r129 = inttoptr i32 ptrtoint(i8* @topright to i32) to i8*
  %r130 = trunc i32 0 to i8
  store i8 %r130, i8* %r129
  %r50 = add i32 ptrtoint(i8* @topright to i32), 1
  %r127 = inttoptr i32 %r50 to i8*
  %r128 = trunc i32 40 to i8
  store i8 %r128, i8* %r127
  %r41 = add i32 ptrtoint(i8* @topright to i32), 2
  %r125 = inttoptr i32 %r41 to i8*
  %r126 = trunc i32 11 to i8
  store i8 %r126, i8* %r125
  %r38 = add i32 ptrtoint(i8* @topright to i32), 3
  %r123 = inttoptr i32 %r38 to i8*
  %r124 = trunc i32 79 to i8
  store i8 %r124, i8* %r123
  %r47 = add i32 ptrtoint(i8* @topright to i32), 4
  %r121 = inttoptr i32 %r47 to i8*
  %r122 = trunc i32 0 to i8
  store i8 %r122, i8* %r121
  %r44 = add i32 ptrtoint(i8* @topright to i32), 5
  %r119 = inttoptr i32 %r44 to i8*
  %r120 = trunc i32 40 to i8
  store i8 %r120, i8* %r119
  %r35 = add i32 ptrtoint(i8* @topright to i32), 6
  %r117 = inttoptr i32 %r35 to i8*
  %r118 = trunc i32 30 to i8
  store i8 %r118, i8* %r117
  %r115 = inttoptr i32 ptrtoint(i8* @botleft to i32) to i8*
  %r116 = trunc i32 12 to i8
  store i8 %r116, i8* %r115
  %r22 = add i32 ptrtoint(i8* @botleft to i32), 1
  %r113 = inttoptr i32 %r22 to i8*
  %r114 = trunc i32 0 to i8
  store i8 %r114, i8* %r113
  %r13 = add i32 ptrtoint(i8* @botleft to i32), 2
  %r111 = inttoptr i32 %r13 to i8*
  %r112 = trunc i32 23 to i8
  store i8 %r112, i8* %r111
  %r10 = add i32 ptrtoint(i8* @botleft to i32), 3
  %r109 = inttoptr i32 %r10 to i8*
  %r110 = trunc i32 39 to i8
  store i8 %r110, i8* %r109
  %r19 = add i32 ptrtoint(i8* @botleft to i32), 4
  %r107 = inttoptr i32 %r19 to i8*
  %r108 = trunc i32 12 to i8
  store i8 %r108, i8* %r107
  %r16 = add i32 ptrtoint(i8* @botleft to i32), 5
  %r105 = inttoptr i32 %r16 to i8*
  %r106 = trunc i32 0 to i8
  store i8 %r106, i8* %r105
  %r7 = add i32 ptrtoint(i8* @botleft to i32), 6
  %r103 = inttoptr i32 %r7 to i8*
  %r104 = trunc i32 32 to i8
  store i8 %r104, i8* %r103
  %r101 = inttoptr i32 ptrtoint(i8* @topleft to i32) to i8*
  %r102 = load i8, i8* %r101
  %r78 = zext i8 %r102 to i32
  %r98 = inttoptr i32 %r100 to i8*
  %r99 = load i8, i8* %r98
  %r82 = zext i8 %r99 to i32
  %r95 = inttoptr i32 %r97 to i8*
  %r96 = trunc i32 %r78 to i8
  store i8 %r96, i8* %r95
  %r92 = inttoptr i32 %r94 to i8*
  %r93 = trunc i32 %r82 to i8
  store i8 %r93, i8* %r92
  %r89 = inttoptr i32 %r91 to i8*
  %r90 = load i8, i8* %r89
  %r79 = zext i8 %r90 to i32
  %r86 = inttoptr i32 %r88 to i8*
  %r87 = load i8, i8* %r86
  %r81 = zext i8 %r87 to i32
  %r83 = inttoptr i32 %r85 to i8*
  %r84 = load i8, i8* %r83
  %r80 = zext i8 %r84 to i32
  call void @func_b504(i32 %r78, i32 %r79, i32 %r80, i32 %r81, i32 %r82)
  call void @func_b844(i32 ptrtoint(i8* @str4 to i32), i32 ptrtoint(i8* @topleft to i32))
  call void @func_b844(i32 ptrtoint(i8* @str5 to i32), i32 ptrtoint(i8* @topleft to i32))
  call void @func_b844(i32 ptrtoint(i8* @str6 to i32), i32 ptrtoint(i8* @topleft to i32))
  call void @func_b844(i32 ptrtoint(i8* @str7 to i32), i32 ptrtoint(i8* @topleft to i32))
  call void @func_b844(i32 ptrtoint(i8* @str8 to i32), i32 ptrtoint(i8* @topleft to i32))
  call void @func_b844(i32 ptrtoint(i8* @str9 to i32), i32 ptrtoint(i8* @topleft to i32))
  call void @func_b844(i32 ptrtoint(i8* @str10 to i32), i32 ptrtoint(i8* @topleft to i32))
  call void @func_b844(i32 ptrtoint(i8* @str11 to i32), i32 ptrtoint(i8* @topleft to i32))
  call void @func_b844(i32 ptrtoint(i8* @str12 to i32), i32 ptrtoint(i8* @topleft to i32))
  call void @func_b844(i32 ptrtoint(i8* @str13 to i32), i32 ptrtoint(i8* @topleft to i32))
  %r76 = inttoptr i32 ptrtoint(i8* @botright to i32) to i8*
  %r77 = load i8, i8* %r76
  %r53 = zext i8 %r77 to i32
  %r73 = inttoptr i32 %r75 to i8*
  %r74 = load i8, i8* %r73
  %r57 = zext i8 %r74 to i32
  %r70 = inttoptr i32 %r72 to i8*
  %r71 = trunc i32 %r53 to i8
  store i8 %r71, i8* %r70
  %r67 = inttoptr i32 %r69 to i8*
  %r68 = trunc i32 %r57 to i8
  store i8 %r68, i8* %r67
  %r64 = inttoptr i32 %r66 to i8*
  %r65 = load i8, i8* %r64
  %r54 = zext i8 %r65 to i32
  %r61 = inttoptr i32 %r63 to i8*
  %r62 = load i8, i8* %r61
  %r56 = zext i8 %r62 to i32
  %r58 = inttoptr i32 %r60 to i8*
  %r59 = load i8, i8* %r58
  %r55 = zext i8 %r59 to i32
  call void @func_b504(i32 %r53, i32 %r54, i32 %r55, i32 %r56, i32 %r57)
  call void @func_b844(i32 ptrtoint(i8* @str4 to i32), i32 ptrtoint(i8* @botright to i32))
  call void @func_b844(i32 ptrtoint(i8* @str5 to i32), i32 ptrtoint(i8* @botright to i32))
  call void @func_b844(i32 ptrtoint(i8* @str6 to i32), i32 ptrtoint(i8* @botright to i32))
  call void @func_b844(i32 ptrtoint(i8* @str7 to i32), i32 ptrtoint(i8* @botright to i32))
  call void @func_b844(i32 ptrtoint(i8* @str8 to i32), i32 ptrtoint(i8* @botright to i32))
  call void @func_b844(i32 ptrtoint(i8* @str9 to i32), i32 ptrtoint(i8* @botright to i32))
  call void @func_b844(i32 ptrtoint(i8* @str10 to i32), i32 ptrtoint(i8* @botright to i32))
  call void @func_b844(i32 ptrtoint(i8* @str11 to i32), i32 ptrtoint(i8* @botright to i32))
  call void @func_b844(i32 ptrtoint(i8* @str12 to i32), i32 ptrtoint(i8* @botright to i32))
  call void @func_b844(i32 ptrtoint(i8* @str13 to i32), i32 ptrtoint(i8* @botright to i32))
  %r51 = inttoptr i32 ptrtoint(i8* @topright to i32) to i8*
  %r52 = load i8, i8* %r51
  %r28 = zext i8 %r52 to i32
  %r48 = inttoptr i32 %r50 to i8*
  %r49 = load i8, i8* %r48
  %r32 = zext i8 %r49 to i32
  %r45 = inttoptr i32 %r47 to i8*
  %r46 = trunc i32 %r28 to i8
  store i8 %r46, i8* %r45
  %r42 = inttoptr i32 %r44 to i8*
  %r43 = trunc i32 %r32 to i8
  store i8 %r43, i8* %r42
  %r39 = inttoptr i32 %r41 to i8*
  %r40 = load i8, i8* %r39
  %r29 = zext i8 %r40 to i32
  %r36 = inttoptr i32 %r38 to i8*
  %r37 = load i8, i8* %r36
  %r31 = zext i8 %r37 to i32
  %r33 = inttoptr i32 %r35 to i8*
  %r34 = load i8, i8* %r33
  %r30 = zext i8 %r34 to i32
  call void @func_b504(i32 %r28, i32 %r29, i32 %r30, i32 %r31, i32 %r32)
  call void @func_b844(i32 ptrtoint(i8* @str0 to i32), i32 ptrtoint(i8* @topright to i32))
  %r26 = inttoptr i32 ptrtoint(i8* @itoaBuf to i32) to i8*
  %r27 = trunc i32 97 to i8
  store i8 %r27, i8* %r26
  %r25 = add i32 ptrtoint(i8* @itoaBuf to i32), 1
  call void @func_b790(i32 %r25, i32 50, i32 2, i32 1, i32 ptrtoint(i8* @topright to i32), i32 32)
  call void @func_b313(i32 ptrtoint(i8* @topright to i32), i32 10)
  %r23 = inttoptr i32 ptrtoint(i8* @botleft to i32) to i8*
  %r24 = load i8, i8* %r23
  %r0 = zext i8 %r24 to i32
  %r20 = inttoptr i32 %r22 to i8*
  %r21 = load i8, i8* %r20
  %r4 = zext i8 %r21 to i32
  %r17 = inttoptr i32 %r19 to i8*
  %r18 = trunc i32 %r0 to i8
  store i8 %r18, i8* %r17
  %r14 = inttoptr i32 %r16 to i8*
  %r15 = trunc i32 %r4 to i8
  store i8 %r15, i8* %r14
  %r11 = inttoptr i32 %r13 to i8*
  %r12 = load i8, i8* %r11
  %r1 = zext i8 %r12 to i32
  %r8 = inttoptr i32 %r10 to i8*
  %r9 = load i8, i8* %r8
  %r3 = zext i8 %r9 to i32
  %r5 = inttoptr i32 %r7 to i8*
  %r6 = load i8, i8* %r5
  %r2 = zext i8 %r6 to i32
  call void @func_b504(i32 %r0, i32 %r1, i32 %r2, i32 %r3, i32 %r4)
  br label %b372

b372:
  %r161 = phi i32 [20, %initialize], [%r167, %b671]
  %r166 = phi i32 [ptrtoint(i8* @botleft to i32), %initialize], [%r165, %b671]
  %r160 = phi i32 [0, %initialize], [%r164, %b671]
  %r163 = phi i32 [1, %initialize], [%r162, %b671]
  %r159 = icmp uge i32 %r160, %r161
  br i1 %r159, label %b724, label %b370

b724:
  ret void

b370:
  call void @func_b844(i32 ptrtoint(i8* @str1 to i32), i32 %r166)
  %r169 = urem i32 %r160, 10
  %r168 = icmp ule i32 %r169, 9
  br i1 %r168, label %b807, label %b809

b807:
  %r173 = add i32 %r169, 48
  %r171 = and i32 %r173, 255
  %r170 = inttoptr i32 ptrtoint(i8* @itoaBuf to i32) to i8*
  %r172 = trunc i32 %r171 to i8
  store i8 %r172, i8* %r170
  call void @func_b997(i32 1, i32 0, i32 31, i32 %r160, i32 %r166, i32 32)
  br label %b675

b809:
  %r177 = add i32 %r169, 87
  %r175 = and i32 %r177, 255
  %r174 = inttoptr i32 ptrtoint(i8* @itoaBuf to i32) to i8*
  %r176 = trunc i32 %r175 to i8
  store i8 %r176, i8* %r174
  call void @func_b997(i32 1, i32 0, i32 31, i32 %r160, i32 %r166, i32 32)
  br label %b675

b675:
  %r183 = phi i32 [%r161, %b807], [%r161, %b809]
  %r182 = phi i32 [%r160, %b807], [%r160, %b809]
  %r180 = phi i32 [%r163, %b807], [%r163, %b809]
  %r181 = phi i32 [%r166, %b807], [%r166, %b809]
  call void @func_b844(i32 ptrtoint(i8* @str2 to i32), i32 %r181)
  %r179 = urem i32 %r180, 10
  %r178 = icmp ule i32 %r179, 9
  br i1 %r178, label %b810, label %b812

b810:
  %r187 = add i32 %r179, 48
  %r185 = and i32 %r187, 255
  %r184 = inttoptr i32 ptrtoint(i8* @itoaBuf to i32) to i8*
  %r186 = trunc i32 %r185 to i8
  store i8 %r186, i8* %r184
  call void @func_b993(i32 1, i32 0, i32 5, i32 %r180, i32 %r181, i32 32)
  br label %b671

b812:
  %r191 = add i32 %r179, 87
  %r189 = and i32 %r191, 255
  %r188 = inttoptr i32 ptrtoint(i8* @itoaBuf to i32) to i8*
  %r190 = trunc i32 %r189 to i8
  store i8 %r190, i8* %r188
  call void @func_b993(i32 1, i32 0, i32 5, i32 %r180, i32 %r181, i32 32)
  br label %b671

b671:
  %r193 = phi i32 [%r182, %b810], [%r182, %b812]
  %r192 = phi i32 [%r180, %b810], [%r180, %b812]
  %r165 = phi i32 [%r181, %b810], [%r181, %b812]
  %r167 = phi i32 [%r183, %b810], [%r183, %b812]
  call void @func_b844(i32 ptrtoint(i8* @str3 to i32), i32 %r165)
  %r164 = add i32 %r193, 1
  %r162 = mul i32 %r164, %r192
  br label %b372
}

Success!
