data List4
  = Nil8
  | Cons9 Word List4

data Maybe0
  = Nothing0
  | Just1 Word

data Maybe1
  = Nothing2
  | Just3 Maybe0

data Maybe2
  = Nothing4
  | Just5 Maybe1

-----------------------------------------
-- not recursive
entrypoint j1 :: Maybe0
j1 <-
  Just1(1)

-----------------------------------------
-- not recursive
entrypoint j2 :: Maybe1
j2 <-
  Just3(j1)

-----------------------------------------
-- not recursive
entrypoint j3 :: Maybe2
j3 <-
  Just5(j2)

-----------------------------------------
-- not recursive
entrypoint j4 :: Word
j4 <-
  return 3

-----------------------------------------
-- not recursive
Nil :: List4
Nil <-
  Nil8()

-----------------------------------------
-- not recursive
s1 :: List4
s1 <-
  Cons9(3, Nil)

-----------------------------------------
-- not recursive
s2 :: List4
s2 <-
  Cons9(2, s1)

-----------------------------------------
-- not recursive
entrypoint l :: List4
l <-
  Cons9(1, s2)

-----------------------------------------
-- not recursive
entrypoint en :: Word
en <-
  return 2

-----------------------------------------
-- not recursive
entrypoint ee :: Word
ee <-
  return 1

-----------------------------------------
-- not recursive
entrypoint yx :: Bit 1
yx <-
  return flag0

-----------------------------------------
-- not recursive
entrypoint sx :: Bit 1
sx <-
  return flag0

-----------------------------------------
-- not recursive
entrypoint ux :: Bit 1
ux <-
  return flag0

-----------------------------------------
-- not recursive
entrypoint tx :: Bit 1
tx <-
  return flag0

-----------------------------------------
-- Entrypoints: j1 j2 j3 j4 l en ee yx sx ux tx
