-----------------------------------------
-- not recursive
b83 :: [Bit 32] >>= [Bit 32]
b83[t0] =
  lshr((t0, 2))

-----------------------------------------
-- not recursive
b79 :: [] >>= [Bit 32]
b79[] =
  return 0

-----------------------------------------
-- not recursive
entrypoint derefSW :: [Bit 32] >>= [Bit 32]
derefSW[t0] =
  t1 <- primEq((t0, 0))
  if t1
    then b79[]
    else b83[t0]

-----------------------------------------
-- not recursive
b84 :: [Bit 32] >>= [Bit 32]
b84[t0] =
  return t0

-----------------------------------------
-- not recursive
entrypoint derefSI :: [Bit 32] >>= [Bit 32]
derefSI[t0] =
  t1 <- primEq((t0, 0))
  if t1
    then b79[]
    else b84[t0]

-----------------------------------------
-- Entrypoints: derefSW derefSI
