bitdata ExB /32
  = ExB [ val :: Ptr (Stored (Bit 8)) ]
    -- predExB(x :: Bit 32) = true

-- bit pattern:
--  ________________________________

bitdata ExL /32
  = ExL [ val :: Ptr (Stored (Bit 64)) | B000 ]
    -- predExL(x :: Bit 32) = true

-- bit pattern:
--  _____________________________000

bitdata ExW /32
  = ExW [ val :: Ptr (Stored (Bit 32)) | B00 ]
    -- predExW(x :: Bit 32) = true

-- bit pattern:
--  ______________________________00

-----------------------------------------
-- not recursive
b20 :: [ExL] >>= [Ptr (Stored (Bit 64))]
b20[t0] =
  t1 <- ExL 0 t0
  ExL.ExL 0 t1

-----------------------------------------
-- not recursive
k8 :: {} [ExL] ->> [Ptr (Stored (Bit 64))]
k8{} t0 = b20[t0]

-----------------------------------------
-- not recursive
entrypoint idexL :: [ExL] ->> [Ptr (Stored (Bit 64))]
idexL <-
  k8{}

-----------------------------------------
-- not recursive
b18 :: [ExB] >>= [Ptr (Stored (Bit 8))]
b18[t0] =
  t1 <- ExB 0 t0
  ExB.ExB 0 t1

-----------------------------------------
-- not recursive
k7 :: {} [ExB] ->> [Ptr (Stored (Bit 8))]
k7{} t0 = b18[t0]

-----------------------------------------
-- not recursive
entrypoint idexB :: [ExB] ->> [Ptr (Stored (Bit 8))]
idexB <-
  k7{}

-----------------------------------------
-- not recursive
b16 :: [ExW] >>= [Ptr (Stored (Bit 32))]
b16[t0] =
  t1 <- ExW 0 t0
  ExW.ExW 0 t1

-----------------------------------------
-- not recursive
k6 :: {} [ExW] ->> [Ptr (Stored (Bit 32))]
k6{} t0 = b16[t0]

-----------------------------------------
-- not recursive
entrypoint idexW :: [ExW] ->> [Ptr (Stored (Bit 32))]
idexW <-
  k6{}

-----------------------------------------
-- Entrypoints: idexL idexB idexW
