-----------------------------------------
-- not recursive
b79 :: [] >>= [Word]
b79[] =
  return 0

-----------------------------------------
-- not recursive
b108 :: [Word, Word] >>= [Word]
b108[t0, t1] =
  t2 <- shl((t1, 2))
  add((t0, t2))

-----------------------------------------
-- recursive
b124 :: [Word, Word] >>= [Word]
b124[t0, t1] =
  t2 <- shl((t0, 1))
  t3 <- add((t2, 2))
  t4 <- or((t3, 1))
  b119[t1, t4]
b119 :: [Word, Word] >>= [Word]
b119[t0, t1] =
  t2 <- and((t1, 1))
  t3 <- primEq((t2, 1))
  if t3
    then b107[t1, t0]
    else b79[]
b107 :: [Word, Word] >>= [Word]
b107[t0, t1] =
  t2 <- lshr((t0, 1))
  t3 <- shl((t2, 2))
  t4 <- add((t1, t3))
  t5 <- load32((t4))
  t6 <- primEq((t5, 0))
  if t6
    then b108[t1, t2]
    else b123[t2, t1]
b123 :: [Word, Word] >>= [Word]
b123[t0, t1] =
  t2 <- primUlt((t0, 15))
  if t2
    then b124[t0, t1]
    else b119[t1, 0]

-----------------------------------------
-- not recursive
b126 :: forall (a :: *). [a] >>= [a]
b126[t0] =
  return t0

-----------------------------------------
-- not recursive
entrypoint findNull :: [Word] >>= [Word]
findNull[t0] =
  t1 <- load32((t0))
  t2 <- primEq((t1, 0))
  if t2
    then b126[t0]
    else b123[0, t0]

-----------------------------------------
-- Entrypoints: findNull
