data Maybe1
  = Nothing2
  | Just3 Word

-----------------------------------------
-- not recursive
b71 :: [Word] >>= [Maybe1]
b71[t0] =
  Just3(t0)

-----------------------------------------
-- not recursive
Nothing :: Maybe1
Nothing <-
  Nothing2()

-----------------------------------------
-- not recursive
b66 :: [] >>= [Maybe1]
b66[] =
  return Nothing

-----------------------------------------
-- not recursive
entrypoint derefSW :: [Word] >>= [Maybe1]
derefSW[t0] =
  t1 <- primEq((t0, 0))
  if t1
    then b66[]
    else b71[t0]

-----------------------------------------
-- not recursive
entrypoint derefSI :: [Word] >>= [Maybe1]
derefSI[t0] =
  t1 <- primEq((t0, 0))
  if t1
    then b66[]
    else b71[t0]

-----------------------------------------
-- Entrypoints: derefSW derefSI
