-----------------------------------------
-- not recursive
b79 :: [] >>= [Word]
b79[] =
  return 0

-----------------------------------------
-- not recursive
b101 :: [Word, Word] >>= [Word]
b101[t0, t1] =
  t2 <- shl((t1, 2))
  add((t0, t2))

-----------------------------------------
-- recursive
b115 :: [Word, Word] >>= [Word]
b115[t0, t1] =
  t2 <- primUlt((t0, 15))
  if t2
    then b116[t0, t1]
    else b79[]
b116 :: [Word, Word] >>= [Word]
b116[t0, t1] =
  t2 <- add((t0, 1))
  b83[t2, t1]
b83 :: [Word, Word] >>= [Word]
b83[t0, t1] =
  t2 <- shl((t0, 2))
  t3 <- add((t1, t2))
  t4 <- load32((t3))
  t5 <- primEq((t4, 0))
  if t5
    then b101[t1, t0]
    else b115[t0, t1]

-----------------------------------------
-- not recursive
entrypoint findNull :: [Word] >>= [Word]
findNull[t0] =
  b83[0, t0]

-----------------------------------------
-- Entrypoints: findNull
