data Unit
  = Unit

-----------------------------------------
-- not recursive
external bit0u {primBitFromLiteral 0 64} :: [Unit] ->> [Bit 64]

-----------------------------------------
-- not recursive
Unit :: Unit
Unit <-
  Unit()

-----------------------------------------
-- not recursive
bit0 :: Bit 64
bit0 <-
  bit0u @ Unit

-----------------------------------------
-- not recursive
entrypoint val :: Bit 64
val <-
  return bit0

-----------------------------------------
-- Entrypoints: val
