struct S / 12
  [ x :: Stored Word  {- offset=0 -}
  | y :: Stored Word  {- offset=4 -}
  | z :: Stored Word  {- offset=8 -} ]
  aligned 4

data Unit
  = Unit

-----------------------------------------
-- not recursive
entrypoint s :: Word
s <- area S aligned 4

-----------------------------------------
-- not recursive
b15 :: [] >>= [Unit]
b15[] =
  t0 <- store32((s, 12))
  t1 <- add((s, 4))
  t2 <- store32((t1, 100))
  t3 <- add((s, 8))
  store32((t3, 93))

-----------------------------------------
-- not recursive
initialize :: [] >>= [Unit]
initialize[] =
  b15[]

-----------------------------------------
-- Entrypoints: s
