struct S / 12
  [ x :: Stored (Bit 32)  {- offset=0 -}
  | y :: Stored (Bit 32)  {- offset=4 -}
  | z :: Stored (Bit 32)  {- offset=8 -} ]
  aligned 4

data Unit
  = Unit

-----------------------------------------
-- not recursive
entrypoint s :: Bit 32
s <- area S aligned 4

-----------------------------------------
-- not recursive
b16 :: [] >>= [Unit]
b16[] =
  t0 <- store32((s, 12))
  t1 <- add((s, 4))
  t2 <- store32((t1, 17))
  t3 <- add((s, 8))
  store32((t3, 93))

-----------------------------------------
-- not recursive
initialize :: [] >>= [Unit]
initialize[] =
  b16[]

-----------------------------------------
-- Entrypoints: s
