data -> (a :: *) (b :: *)
  = Func ([a] ->> [b])

bitdata Bool /1
  = False [ B0 ]
    -- predFalse(x :: Bit 1) = x == 0x0
  | True [ B1 ]
    -- predTrue(x :: Bit 1) = x == 0x1

-- bit pattern:
--  _

data Proc (a :: *)
  = Proc ([] ->> [a])

data Unit
  = Unit

-----------------------------------------
-- not recursive
entrypoint false :: Bool
false <-
  False()

-----------------------------------------
-- not recursive
entrypoint bfalse :: [] >>= [Bool]
bfalse[] =
  return false

-----------------------------------------
-- not recursive
entrypoint true :: Bool
true <-
  True()

-----------------------------------------
-- not recursive
entrypoint btrue :: [] >>= [Bool]
btrue[] =
  return true

-----------------------------------------
-- not recursive
entrypoint bconv :: [Bit 1] >>= [Bool]
bconv[t0] =
  if t0
    then btrue[]
    else bfalse[]

-----------------------------------------
-- not recursive
b42 :: [Bit 32, Bit 32] >>= [Bool]
b42[t0, t1] =
  t2 <- primEq((t0, t1))
  bconv[t2]

-----------------------------------------
-- not recursive
k27 :: {Bit 32} [Bit 32] ->> [Bool]
k27{t0} t1 = b42[t0, t1]

-----------------------------------------
-- not recursive
b43 :: [Bit 32] >>= [Bit 32 -> Bool]
b43[t0] =
  t1 <- k27{t0}
  Func(t1)

-----------------------------------------
-- not recursive
k28 :: {} [Bit 32] ->> [Bit 32 -> Bool]
k28{} t0 = b43[t0]

-----------------------------------------
-- not recursive
b44 :: [] >>= [Bit 32 -> Bit 32 -> Bool]
b44[] =
  t0 <- k28{}
  Func(t0)

-----------------------------------------
-- not recursive
entrypoint eq :: Bit 32 -> Bit 32 -> Bool
eq <-
  b44[]

-----------------------------------------
-- not recursive
b90 :: [Bit 32] >>= [Bit 32]
b90[t0] =
  return t0

-----------------------------------------
-- not recursive
b95 :: [] >>= [Bit 32]
b95[] =
  t0 <- return 0
  b90[t0]

-----------------------------------------
-- not recursive
b91 :: [Bit 32] >>= [Bit 32]
b91[t0] =
  t1 <- return t0
  b90[t1]

-----------------------------------------
-- not recursive
b93 :: [] >>= [Bit 32]
b93[] =
  t0 <- return 1
  b91[t0]

-----------------------------------------
-- not recursive
b6 :: [Bit 32, Bit 32] >>= [Bit 32]
b6[t0, t1] =
  add((t0, t1))

-----------------------------------------
-- not recursive
k4 :: {Bit 32} [Bit 32] ->> [Bit 32]
k4{t0} t1 = b6[t0, t1]

-----------------------------------------
-- not recursive
b7 :: [Bit 32] >>= [Bit 32 -> Bit 32]
b7[t0] =
  t1 <- k4{t0}
  Func(t1)

-----------------------------------------
-- not recursive
k5 :: {} [Bit 32] ->> [Bit 32 -> Bit 32]
k5{} t0 = b7[t0]

-----------------------------------------
-- not recursive
b8 :: [] >>= [Bit 32 -> Bit 32 -> Bit 32]
b8[] =
  t0 <- k5{}
  Func(t0)

-----------------------------------------
-- not recursive
entrypoint add :: Bit 32 -> Bit 32 -> Bit 32
add <-
  b8[]

-----------------------------------------
-- not recursive
b9 :: [Bit 32, Bit 32] >>= [Bit 32]
b9[t0, t1] =
  sub((t0, t1))

-----------------------------------------
-- not recursive
k6 :: {Bit 32} [Bit 32] ->> [Bit 32]
k6{t0} t1 = b9[t0, t1]

-----------------------------------------
-- not recursive
b10 :: [Bit 32] >>= [Bit 32 -> Bit 32]
b10[t0] =
  t1 <- k6{t0}
  Func(t1)

-----------------------------------------
-- not recursive
k7 :: {} [Bit 32] ->> [Bit 32 -> Bit 32]
k7{} t0 = b10[t0]

-----------------------------------------
-- not recursive
b11 :: [] >>= [Bit 32 -> Bit 32 -> Bit 32]
b11[] =
  t0 <- k7{}
  Func(t0)

-----------------------------------------
-- not recursive
entrypoint sub :: Bit 32 -> Bit 32 -> Bit 32
sub <-
  b11[]

-----------------------------------------
-- not recursive
b0 :: forall (a :: tuple). [] >>= a
b0[] =
  halt(())

-----------------------------------------
-- recursive
b97 :: [] >>= [Bit 32 -> Bit 32]
b97[] =
  t0 <- k55{}
  Func(t0)
k55 :: {} [Bit 32] ->> [Bit 32]
k55{} t0 = b96[t0]
b96 :: [Bit 32] >>= [Bit 32]
b96[t0] =
  t1 <- Func 0 eq
  t2 <- t1 @ t0
  t3 <- Func 0 t2
  t4 <- t3 @ 0
  case t4 of
    True -> b95[]
    False -> b94[t0]
    _ -> b0[]
b94 :: [Bit 32] >>= [Bit 32]
b94[t0] =
  t1 <- Func 0 eq
  t2 <- t1 @ t0
  t3 <- Func 0 t2
  t4 <- t3 @ 1
  case t4 of
    True -> b93[]
    False -> b92[t0]
    _ -> b0[]
b92 :: [Bit 32] >>= [Bit 32]
b92[t0] =
  t1 <- Func 0 add
  t2 <- Func 0 fib
  t3 <- Func 0 sub
  t4 <- t3 @ t0
  t5 <- Func 0 t4
  t6 <- t5 @ 1
  t7 <- t2 @ t6
  t8 <- t1 @ t7
  t9 <- Func 0 t8
  t10 <- Func 0 fib
  t11 <- Func 0 sub
  t12 <- t11 @ t0
  t13 <- Func 0 t12
  t14 <- t13 @ 2
  t15 <- t10 @ t14
  t16 <- t9 @ t15
  b91[t16]
fib :: Bit 32 -> Bit 32
fib <-
  b97[]

-----------------------------------------
-- not recursive
b82 :: [Bit 32] >>= [Bit 32]
b82[t0] =
  return t0

-----------------------------------------
-- not recursive
b87 :: [] >>= [Bit 32]
b87[] =
  t0 <- return 0
  b82[t0]

-----------------------------------------
-- not recursive
b83 :: [Bit 32] >>= [Bit 32]
b83[t0] =
  t1 <- return t0
  b82[t1]

-----------------------------------------
-- not recursive
b85 :: [] >>= [Bit 32]
b85[] =
  t0 <- return 1
  b83[t0]

-----------------------------------------
-- not recursive
b84 :: [Bit 32] >>= [Bit 32]
b84[t0] =
  t1 <- Func 0 add
  t2 <- Func 0 fib
  t3 <- Func 0 sub
  t4 <- t3 @ t0
  t5 <- Func 0 t4
  t6 <- t5 @ 1
  t7 <- t2 @ t6
  t8 <- t1 @ t7
  t9 <- Func 0 t8
  t10 <- Func 0 fib
  t11 <- Func 0 sub
  t12 <- t11 @ t0
  t13 <- Func 0 t12
  t14 <- t13 @ 2
  t15 <- t10 @ t14
  t16 <- t9 @ t15
  b83[t16]

-----------------------------------------
-- not recursive
b86 :: [Bit 32] >>= [Bit 32]
b86[t0] =
  t1 <- Func 0 eq
  t2 <- t1 @ t0
  t3 <- Func 0 t2
  t4 <- t3 @ 1
  case t4 of
    True -> b85[]
    False -> b84[t0]
    _ -> b0[]

-----------------------------------------
-- not recursive
b88 :: [Bit 32] >>= [Bit 32]
b88[t0] =
  t1 <- Func 0 eq
  t2 <- t1 @ t0
  t3 <- Func 0 t2
  t4 <- t3 @ 0
  case t4 of
    True -> b87[]
    False -> b86[t0]
    _ -> b0[]

-----------------------------------------
-- not recursive
k54 :: {} [Bit 32] ->> [Bit 32]
k54{} t0 = b88[t0]

-----------------------------------------
-- not recursive
b89 :: [] >>= [Bit 32 -> Bit 32]
b89[] =
  t0 <- k54{}
  Func(t0)

-----------------------------------------
-- not recursive
fib1 :: Bit 32 -> Bit 32
fib1 <-
  b89[]

-----------------------------------------
-- not recursive
b76 :: [Bit 32] >>= [Unit]
b76[t0] =
  [] <- printWord((t0))
  Unit()

-----------------------------------------
-- not recursive
entrypoint printWord1 :: {Bit 32} [] ->> [Unit]
printWord1{t0} [] = b76[t0]

-----------------------------------------
-- not recursive
b74 :: [Bit 32] >>= [Proc Unit]
b74[t0] =
  t1 <- printWord1{t0}
  Proc(t1)

-----------------------------------------
-- not recursive
k48 :: {} [Bit 32] ->> [Proc Unit]
k48{} t0 = b74[t0]

-----------------------------------------
-- not recursive
b75 :: [] >>= [Bit 32 -> Proc Unit]
b75[] =
  t0 <- k48{}
  Func(t0)

-----------------------------------------
-- not recursive
entrypoint printWord :: Bit 32 -> Proc Unit
printWord <-
  b75[]

-----------------------------------------
-- not recursive
b98 :: [] >>= [Unit]
b98[] =
  t0 <- Func 0 printWord
  t1 <- t0 @ 91
  t2 <- Proc 0 t1
  t3 <- t2 @ []
  t4 <- Func 0 printWord
  t5 <- Func 0 fib
  t6 <- t5 @ 12
  t7 <- t4 @ t6
  t8 <- Proc 0 t7
  t9 <- t8 @ []
  t10 <- Func 0 printWord
  t11 <- Func 0 fib1
  t12 <- t11 @ 12
  t13 <- t10 @ t12
  t14 <- Proc 0 t13
  t15 <- t14 @ []
  t16 <- Func 0 printWord
  t17 <- t16 @ 17
  t18 <- Proc 0 t17
  t18 @ []

-----------------------------------------
-- not recursive
k56 :: {} [] ->> [Unit]
k56{} [] = b98[]

-----------------------------------------
-- not recursive
b99 :: [] >>= [Proc Unit]
b99[] =
  t0 <- k56{}
  Proc(t0)

-----------------------------------------
-- not recursive
main :: Proc Unit
main <-
  b99[]

-----------------------------------------
-- Entrypoints:
