data Maybe (a :: *)
  = Nothing
  | Just a

data Unit
  = Unit

-----------------------------------------
-- not recursive
external print :: [Bit 32] ->> [[] ->> [Unit]]

-----------------------------------------
-- not recursive
b8 :: forall (a :: *). [[] ->> [Maybe a]] >>= [Unit]
b8[t0] =
  t1 <- t0 @ []
  t2 <- print @ 2
  t2 @ []

-----------------------------------------
-- not recursive
k4 :: forall (a :: *). {[] ->> [Maybe a]} [] ->> [Unit]
k4{t0} [] = b8[t0]

-----------------------------------------
-- not recursive
k5 :: forall (a :: *). {} [[] ->> [Maybe a]] ->> [[] ->> [Unit]]
k5{} t0 = k4{t0}

-----------------------------------------
-- not recursive
entrypoint test1 :: forall (a :: *). [[] ->> [Maybe a]] ->> [[] ->> [Unit]]
test1 <-
  k5{}

-----------------------------------------
-- Entrypoints: test1
