data Unit
  = Unit

-----------------------------------------
-- not recursive
external print :: [Bit 32] ->> [[] ->> [Unit]]

-----------------------------------------
-- not recursive
b8 :: forall (a :: *). [[] ->> [a]] >>= [Unit]
b8[t0] =
  t1 <- t0 @ []
  t2 <- print @ 1
  t2 @ []

-----------------------------------------
-- not recursive
k4 :: forall (a :: *). {[] ->> [a]} [] ->> [Unit]
k4{t0} [] = b8[t0]

-----------------------------------------
-- not recursive
k5 :: forall (a :: *). {} [[] ->> [a]] ->> [[] ->> [Unit]]
k5{} t0 = k4{t0}

-----------------------------------------
-- not recursive
entrypoint test1 :: forall (a :: *). [[] ->> [a]] ->> [[] ->> [Unit]]
test1 <-
  k5{}

-----------------------------------------
-- Entrypoints: test1
