data Rainbow
  = Red
  | Orange
  | Yellow
  | Green
  | Blue
  | Indigo
  | Violet

-----------------------------------------
-- not recursive
b7 :: [] >>= [Bit 32]
b7[] =
  return 1

-----------------------------------------
-- not recursive
b5 :: [] >>= [Bit 32]
b5[] =
  return 2

-----------------------------------------
-- not recursive
b8 :: [Rainbow] >>= [Bit 32]
b8[t0] =
  case t0 of
    Red -> b7[]
    Violet -> b7[]
    _ -> b5[]

-----------------------------------------
-- not recursive
k3 :: {} [Rainbow] ->> [Bit 32]
k3{} t0 = b8[t0]

-----------------------------------------
-- not recursive
entrypoint test1 :: [Rainbow] ->> [Bit 32]
test1 <-
  k3{}

-----------------------------------------
-- Entrypoints: test1
