data Maybe (a :: *)
  = Nothing
  | Just a

-----------------------------------------
-- not recursive
b10 :: forall (a :: *). [Maybe a] >>= [a]
b10[t0] =
  assert t0 Just
  Just 0 t0

-----------------------------------------
-- not recursive
b11 :: [] >>= [Bit 32]
b11[] =
  return 2

-----------------------------------------
-- not recursive
b8 :: [Maybe (Bit 32)] >>= [Bit 32]
b8[t0] =
  case t0 of
    Just -> b10[t0]
    Nothing -> b11[]

-----------------------------------------
-- not recursive
k4 :: {} [Maybe (Bit 32)] ->> [Bit 32]
k4{} t0 = b8[t0]

-----------------------------------------
-- not recursive
entrypoint test1 :: [Maybe (Bit 32)] ->> [Bit 32]
test1 <-
  k4{}

-----------------------------------------
-- Entrypoints: test1
