-----------------------------------------
-- not recursive
export external large3 :: Bit 32

-----------------------------------------
-- not recursive
export external large2 :: Bit 32

-----------------------------------------
-- not recursive
export external large1 :: Bit 32

-----------------------------------------
-- not recursive
export external large :: Bit 32

-----------------------------------------
-- not recursive
entrypoint mylarge :: Bit 32
entrypoint mylarge1 :: Bit 32
entrypoint mylarge2 :: Bit 32
entrypoint mylarge3 :: Bit 32
[mylarge,mylarge1,mylarge2,mylarge3] <-
  return [large, large1, large2, large3]

-----------------------------------------
-- Entrypoints: [mylarge,mylarge1,mylarge2,mylarge3]
