-----------------------------------------
-- not recursive
external plus {primBitPlus n} :: forall (n :: nat). [Bit n] ->> [[Bit n] ->> [Bit n]]

-----------------------------------------
-- not recursive
b3 :: [] >>= [Bit 4]
b3[] =
  t0 <- plus @ X2
  t0 @ X3

-----------------------------------------
-- not recursive
entrypoint x4 :: Bit 4
x4 <-
  b3[]

-----------------------------------------
-- not recursive
b4 :: [] >>= [Bit 2]
b4[] =
  t0 <- plus @ B10
  t0 @ B11

-----------------------------------------
-- not recursive
entrypoint x2 :: Bit 2
x2 <-
  b4[]

-----------------------------------------
-- not recursive
b5 :: [] >>= [Bit 1]
b5[] =
  t0 <- plus @ B1
  t0 @ B0

-----------------------------------------
-- not recursive
entrypoint x1 :: Bit 1
x1 <-
  b5[]

-----------------------------------------
-- Entrypoints: x4 x2 x1
