-----------------------------------------
-- not recursive
external id :: [Bit 32] ->> [Bit 32]

-----------------------------------------
-- not recursive
entrypoint x :: Bit 32
x <-
  id @ 1

-----------------------------------------
-- not recursive
external id1 :: [Bit 1] ->> [Bit 1]

-----------------------------------------
-- not recursive
entrypoint y :: Bit 1
y <-
  id1 @ B1

-----------------------------------------
-- not recursive
external id2 :: [Ref String] ->> [Ref String]

-----------------------------------------
-- not recursive
str0 :: Ref String
str0 <- "hello"

-----------------------------------------
-- not recursive
entrypoint z :: Ref String
z <-
  id2 @ str0

-----------------------------------------
-- Entrypoints: x y z
