data Unit
  = Unit

-----------------------------------------
-- not recursive
s1 :: Unit
s1 <-
  Unit()

-----------------------------------------
-- not recursive
entrypoint nullFromNull0 :: [Unit, Unit] >>= [Unit]
nullFromNull0[t0, t1] =
  return s1

-----------------------------------------
-- not recursive
entrypoint nullFromFlag0 :: [Bit 1, Unit] >>= [Unit]
nullFromFlag0[t0, t1] =
  return s1

-----------------------------------------
-- not recursive
entrypoint nullFromFlag1 :: [Bit 1, Unit] >>= [Unit]
nullFromFlag1[t0, t1] =
  return s1

-----------------------------------------
-- not recursive
entrypoint bitFromFlag0 :: [Bit 1, Unit] >>= [Bit 1]
bitFromFlag0[t0, t1] =
  return t0

-----------------------------------------
-- not recursive
entrypoint nullFromLong0 :: [Bit 64, Unit] >>= [Unit]
nullFromLong0[t0, t1] =
  return s1

-----------------------------------------
-- not recursive
entrypoint nullFromLong1 :: [Bit 64, Unit] >>= [Unit]
nullFromLong1[t0, t1] =
  return s1

-----------------------------------------
-- not recursive
entrypoint nullFromLong2 :: [Bit 64, Unit] >>= [Unit]
nullFromLong2[t0, t1] =
  return s1

-----------------------------------------
-- not recursive
entrypoint nullFromLong29 :: [Bit 64, Unit] >>= [Unit]
nullFromLong29[t0, t1] =
  return s1

-----------------------------------------
-- not recursive
entrypoint nullFromLong31 :: [Bit 64, Unit] >>= [Unit]
nullFromLong31[t0, t1] =
  return s1

-----------------------------------------
-- not recursive
entrypoint nullFromLong32 :: [Bit 64, Unit] >>= [Unit]
nullFromLong32[t0, t1] =
  return s1

-----------------------------------------
-- not recursive
entrypoint nullFromLong33 :: [Bit 64, Unit] >>= [Unit]
nullFromLong33[t0, t1] =
  return s1

-----------------------------------------
-- not recursive
entrypoint nullFromLong48 :: [Bit 64, Unit] >>= [Unit]
nullFromLong48[t0, t1] =
  return s1

-----------------------------------------
-- not recursive
entrypoint nullFromLong63 :: [Bit 64, Unit] >>= [Unit]
nullFromLong63[t0, t1] =
  return s1

-----------------------------------------
-- not recursive
entrypoint nullFromLong64 :: [Bit 64, Unit] >>= [Unit]
nullFromLong64[t0, t1] =
  return s1

-----------------------------------------
-- not recursive
entrypoint bitFromLong0 :: [Bit 64, Unit] >>= [Bit 1]
bitFromLong0[t0, t1] =
  t2 <- and((t0, 1))
  primNeq((t2, 0))

-----------------------------------------
-- not recursive
entrypoint bitFromLong1 :: [Bit 64, Unit] >>= [Bit 1]
bitFromLong1[t0, t1] =
  t2 <- and((t0, 2))
  primNeq((t2, 0))

-----------------------------------------
-- not recursive
entrypoint bitFromLong2 :: [Bit 64, Unit] >>= [Bit 1]
bitFromLong2[t0, t1] =
  t2 <- and((t0, 4))
  primNeq((t2, 0))

-----------------------------------------
-- not recursive
entrypoint bitFromLong29 :: [Bit 64, Unit] >>= [Bit 1]
bitFromLong29[t0, t1] =
  t2 <- and((t0, 536870912))
  primNeq((t2, 0))

-----------------------------------------
-- not recursive
entrypoint bitFromLong31 :: [Bit 64, Unit] >>= [Bit 1]
bitFromLong31[t0, t1] =
  t2 <- and((t0, 2147483648))
  primNeq((t2, 0))

-----------------------------------------
-- not recursive
entrypoint bitFromLong32 :: [Bit 64, Unit] >>= [Bit 1]
bitFromLong32[t0, t1] =
  t2 <- and((t0, 4294967296))
  primNeq((t2, 0))

-----------------------------------------
-- not recursive
entrypoint bitFromLong33 :: [Bit 64, Unit] >>= [Bit 1]
bitFromLong33[t0, t1] =
  t2 <- and((t0, 8589934592))
  primNeq((t2, 0))

-----------------------------------------
-- not recursive
entrypoint bitFromLong48 :: [Bit 64, Unit] >>= [Bit 1]
bitFromLong48[t0, t1] =
  t2 <- and((t0, 281474976710656))
  primNeq((t2, 0))

-----------------------------------------
-- not recursive
entrypoint bitFromLong63 :: [Bit 64, Unit] >>= [Bit 1]
bitFromLong63[t0, t1] =
  t2 <- and((t0, -9223372036854775808))
  primNeq((t2, 0))

-----------------------------------------
-- not recursive
entrypoint byteFromLong0 :: [Bit 64, Unit] >>= [Bit 64]
byteFromLong0[t0, t1] =
  and((t0, 255))

-----------------------------------------
-- not recursive
entrypoint byteFromLong1 :: [Bit 64, Unit] >>= [Bit 64]
byteFromLong1[t0, t1] =
  t2 <- lshr((t0, 1))
  and((t2, 255))

-----------------------------------------
-- not recursive
entrypoint byteFromLong2 :: [Bit 64, Unit] >>= [Bit 64]
byteFromLong2[t0, t1] =
  t2 <- lshr((t0, 2))
  and((t2, 255))

-----------------------------------------
-- not recursive
entrypoint byteFromLong29 :: [Bit 64, Unit] >>= [Bit 64]
byteFromLong29[t0, t1] =
  t2 <- lshr((t0, 29))
  and((t2, 255))

-----------------------------------------
-- not recursive
entrypoint byteFromLong31 :: [Bit 64, Unit] >>= [Bit 64]
byteFromLong31[t0, t1] =
  t2 <- lshr((t0, 31))
  and((t2, 255))

-----------------------------------------
-- not recursive
entrypoint byteFromLong32 :: [Bit 64, Unit] >>= [Bit 64]
byteFromLong32[t0, t1] =
  t2 <- lshr((t0, 32))
  and((t2, 255))

-----------------------------------------
-- not recursive
entrypoint byteFromLong33 :: [Bit 64, Unit] >>= [Bit 64]
byteFromLong33[t0, t1] =
  t2 <- lshr((t0, 33))
  and((t2, 255))

-----------------------------------------
-- not recursive
entrypoint byteFromLong48 :: [Bit 64, Unit] >>= [Bit 64]
byteFromLong48[t0, t1] =
  t2 <- lshr((t0, 48))
  and((t2, 255))

-----------------------------------------
-- Entrypoints: nullFromNull0 nullFromFlag0 nullFromFlag1 bitFromFlag0 nullFromLong0 nullFromLong1 nullFromLong2 nullFromLong29 nullFromLong31 nullFromLong32 nullFromLong33 nullFromLong48 nullFromLong63 nullFromLong64 bitFromLong0 bitFromLong1 bitFromLong2 bitFromLong29 bitFromLong31 bitFromLong32 bitFromLong33 bitFromLong48 bitFromLong63 byteFromLong0 byteFromLong1 byteFromLong2 byteFromLong29 byteFromLong31 byteFromLong32 byteFromLong33 byteFromLong48
