data Unit
  = Unit

-----------------------------------------
-- not recursive
entrypoint writeRefStoredBit8 :: [Bit 64, Bit 64] >>= [Unit]
writeRefStoredBit8[t0, t1] =
  store8((t0, t1))

-----------------------------------------
-- not recursive
entrypoint writeRefStoredIx8 :: [Bit 64, Bit 64] >>= [Unit]
writeRefStoredIx8[t0, t1] =
  store8((t0, t1))

-----------------------------------------
-- not recursive
entrypoint writeRefStoredBit16 :: [Bit 64, Bit 64] >>= [Unit]
writeRefStoredBit16[t0, t1] =
  store16((t0, t1))

-----------------------------------------
-- not recursive
entrypoint writeRefStoredIx384 :: [Bit 64, Bit 64] >>= [Unit]
writeRefStoredIx384[t0, t1] =
  store16((t0, t1))

-----------------------------------------
-- not recursive
entrypoint writeRefStoredBit32 :: [Bit 64, Bit 64] >>= [Unit]
writeRefStoredBit32[t0, t1] =
  store32((t0, t1))

-----------------------------------------
-- not recursive
entrypoint writeRefStoredBit64 :: [Bit 64, Bit 64] >>= [Unit]
writeRefStoredBit64[t0, t1] =
  store64((t0, t1))

-----------------------------------------
-- not recursive
s1 :: Unit
s1 <-
  Unit()

-----------------------------------------
-- not recursive
entrypoint writeRefStoredBit0 :: [Bit 64, Unit] >>= [Unit]
writeRefStoredBit0[t0, t1] =
  return s1

-----------------------------------------
-- not recursive
entrypoint writeRefStoredBit1 :: [Bit 64, Bit 1] >>= [Unit]
writeRefStoredBit1[t0, t1] =
  store1((t0, t1))

-----------------------------------------
-- not recursive
entrypoint writeRefStoredFlag :: [Bit 64, Bit 1] >>= [Unit]
writeRefStoredFlag[t0, t1] =
  store1((t0, t1))

-----------------------------------------
-- not recursive
entrypoint writeRefStoredBit2 :: [Bit 64, Bit 64] >>= [Unit]
writeRefStoredBit2[t0, t1] =
  store8((t0, t1))

-----------------------------------------
-- not recursive
entrypoint writeRefStoredBit5 :: [Bit 64, Bit 64] >>= [Unit]
writeRefStoredBit5[t0, t1] =
  store8((t0, t1))

-----------------------------------------
-- not recursive
entrypoint writeRefStoredBit9 :: [Bit 64, Bit 64] >>= [Unit]
writeRefStoredBit9[t0, t1] =
  store16((t0, t1))

-----------------------------------------
-- not recursive
entrypoint writeRefStoredBit33 :: [Bit 64, Bit 64] >>= [Unit]
writeRefStoredBit33[t0, t1] =
  store64((t0, t1))

-----------------------------------------
-- Entrypoints: writeRefStoredBit8 writeRefStoredIx8 writeRefStoredBit16 writeRefStoredIx384 writeRefStoredBit32 writeRefStoredBit64 writeRefStoredBit0 writeRefStoredBit1 writeRefStoredFlag writeRefStoredBit2 writeRefStoredBit5 writeRefStoredBit9 writeRefStoredBit33
