data Unit
  = Unit

-----------------------------------------
-- not recursive
s1 :: Unit
s1 <-
  Unit()

-----------------------------------------
-- not recursive
entrypoint and0 :: [Unit, Unit] >>= [Unit]
and0[t0, t1] =
  return s1

-----------------------------------------
-- not recursive
entrypoint and1 :: [Bit 1, Bit 1] >>= [Bit 1]
and1[t0, t1] =
  band((t0, t1))

-----------------------------------------
-- not recursive
entrypoint and2 :: [Bit 32, Bit 32] >>= [Bit 32]
and2[t0, t1] =
  and((t0, t1))

-----------------------------------------
-- not recursive
entrypoint and7 :: [Bit 32, Bit 32] >>= [Bit 32]
and7[t0, t1] =
  and((t0, t1))

-----------------------------------------
-- not recursive
entrypoint and48 :: [Bit 32, Bit 32, Bit 32, Bit 32] >>= [Bit 32, Bit 32]
and48[t0, t1, t2, t3] =
  t4 <- and((t0, t2))
  t5 <- and((t1, t3))
  return [t4, t5]

-----------------------------------------
-- not recursive
entrypoint and64 :: [Bit 32, Bit 32, Bit 32, Bit 32] >>= [Bit 32, Bit 32]
and64[t0, t1, t2, t3] =
  t4 <- and((t0, t2))
  t5 <- and((t1, t3))
  return [t4, t5]

-----------------------------------------
-- not recursive
entrypoint and72 :: [Bit 32, Bit 32, Bit 32, Bit 32, Bit 32, Bit 32] >>= [Bit 32, Bit 32, Bit 32]
and72[t0, t1, t2, t3, t4, t5] =
  t6 <- and((t0, t3))
  t7 <- and((t1, t4))
  t8 <- and((t2, t5))
  return [t6, t7, t8]

-----------------------------------------
-- not recursive
entrypoint and497 :: [Bit 32, Bit 32, Bit 32, Bit 32, Bit 32, Bit 32, Bit 32, Bit 32, Bit 32, Bit 32, Bit 32, Bit 32, Bit 32, Bit 32, Bit 32, Bit 32, Bit 32, Bit 32, Bit 32, Bit 32, Bit 32, Bit 32, Bit 32, Bit 32, Bit 32, Bit 32, Bit 32, Bit 32, Bit 32, Bit 32, Bit 32, Bit 32] >>= [Bit 32, Bit 32, Bit 32, Bit 32, Bit 32, Bit 32, Bit 32, Bit 32, Bit 32, Bit 32, Bit 32, Bit 32, Bit 32, Bit 32, Bit 32, Bit 32]
and497[t0, t1, t2, t3, t4, t5, t6, t7, t8, t9, t10, t11, t12, t13, t14, t15, t16, t17, t18, t19, t20, t21, t22, t23, t24, t25, t26, t27, t28, t29, t30, t31] =
  t32 <- and((t0, t16))
  t33 <- and((t1, t17))
  t34 <- and((t2, t18))
  t35 <- and((t3, t19))
  t36 <- and((t4, t20))
  t37 <- and((t5, t21))
  t38 <- and((t6, t22))
  t39 <- and((t7, t23))
  t40 <- and((t8, t24))
  t41 <- and((t9, t25))
  t42 <- and((t10, t26))
  t43 <- and((t11, t27))
  t44 <- and((t12, t28))
  t45 <- and((t13, t29))
  t46 <- and((t14, t30))
  t47 <- and((t15, t31))
  return [t32, t33, t34, t35, t36, t37, t38, t39, t40, t41, t42, t43, t44, t45, t46, t47]

-----------------------------------------
-- not recursive
entrypoint and999 :: [Bit 32, Bit 32, Bit 32, Bit 32, Bit 32, Bit 32, Bit 32, Bit 32, Bit 32, Bit 32, Bit 32, Bit 32, Bit 32, Bit 32, Bit 32, Bit 32, Bit 32, Bit 32, Bit 32, Bit 32, Bit 32, Bit 32, Bit 32, Bit 32, Bit 32, Bit 32, Bit 32, Bit 32, Bit 32, Bit 32, Bit 32, Bit 32, Bit 32, Bit 32, Bit 32, Bit 32, Bit 32, Bit 32, Bit 32, Bit 32, Bit 32, Bit 32, Bit 32, Bit 32, Bit 32, Bit 32, Bit 32, Bit 32, Bit 32, Bit 32, Bit 32, Bit 32, Bit 32, Bit 32, Bit 32, Bit 32, Bit 32, Bit 32, Bit 32, Bit 32, Bit 32, Bit 32, Bit 32, Bit 32] >>= [Bit 32, Bit 32, Bit 32, Bit 32, Bit 32, Bit 32, Bit 32, Bit 32, Bit 32, Bit 32, Bit 32, Bit 32, Bit 32, Bit 32, Bit 32, Bit 32, Bit 32, Bit 32, Bit 32, Bit 32, Bit 32, Bit 32, Bit 32, Bit 32, Bit 32, Bit 32, Bit 32, Bit 32, Bit 32, Bit 32, Bit 32, Bit 32]
and999[t0, t1, t2, t3, t4, t5, t6, t7, t8, t9, t10, t11, t12, t13, t14, t15, t16, t17, t18, t19, t20, t21, t22, t23, t24, t25, t26, t27, t28, t29, t30, t31, t32, t33, t34, t35, t36, t37, t38, t39, t40, t41, t42, t43, t44, t45, t46, t47, t48, t49, t50, t51, t52, t53, t54, t55, t56, t57, t58, t59, t60, t61, t62, t63] =
  t64 <- and((t0, t32))
  t65 <- and((t1, t33))
  t66 <- and((t2, t34))
  t67 <- and((t3, t35))
  t68 <- and((t4, t36))
  t69 <- and((t5, t37))
  t70 <- and((t6, t38))
  t71 <- and((t7, t39))
  t72 <- and((t8, t40))
  t73 <- and((t9, t41))
  t74 <- and((t10, t42))
  t75 <- and((t11, t43))
  t76 <- and((t12, t44))
  t77 <- and((t13, t45))
  t78 <- and((t14, t46))
  t79 <- and((t15, t47))
  t80 <- and((t16, t48))
  t81 <- and((t17, t49))
  t82 <- and((t18, t50))
  t83 <- and((t19, t51))
  t84 <- and((t20, t52))
  t85 <- and((t21, t53))
  t86 <- and((t22, t54))
  t87 <- and((t23, t55))
  t88 <- and((t24, t56))
  t89 <- and((t25, t57))
  t90 <- and((t26, t58))
  t91 <- and((t27, t59))
  t92 <- and((t28, t60))
  t93 <- and((t29, t61))
  t94 <- and((t30, t62))
  t95 <- and((t31, t63))
  return [t64, t65, t66, t67, t68, t69, t70, t71, t72, t73, t74, t75, t76, t77, t78, t79, t80, t81, t82, t83, t84, t85, t86, t87, t88, t89, t90, t91, t92, t93, t94, t95]

-----------------------------------------
-- not recursive
entrypoint or0 :: [Unit, Unit] >>= [Unit]
or0[t0, t1] =
  return s1

-----------------------------------------
-- not recursive
entrypoint or1 :: [Bit 1, Bit 1] >>= [Bit 1]
or1[t0, t1] =
  bor((t0, t1))

-----------------------------------------
-- not recursive
entrypoint or2 :: [Bit 32, Bit 32] >>= [Bit 32]
or2[t0, t1] =
  or((t0, t1))

-----------------------------------------
-- not recursive
entrypoint or7 :: [Bit 32, Bit 32] >>= [Bit 32]
or7[t0, t1] =
  or((t0, t1))

-----------------------------------------
-- not recursive
entrypoint or48 :: [Bit 32, Bit 32, Bit 32, Bit 32] >>= [Bit 32, Bit 32]
or48[t0, t1, t2, t3] =
  t4 <- or((t0, t2))
  t5 <- or((t1, t3))
  return [t4, t5]

-----------------------------------------
-- not recursive
entrypoint or64 :: [Bit 32, Bit 32, Bit 32, Bit 32] >>= [Bit 32, Bit 32]
or64[t0, t1, t2, t3] =
  t4 <- or((t0, t2))
  t5 <- or((t1, t3))
  return [t4, t5]

-----------------------------------------
-- not recursive
entrypoint or72 :: [Bit 32, Bit 32, Bit 32, Bit 32, Bit 32, Bit 32] >>= [Bit 32, Bit 32, Bit 32]
or72[t0, t1, t2, t3, t4, t5] =
  t6 <- or((t0, t3))
  t7 <- or((t1, t4))
  t8 <- or((t2, t5))
  return [t6, t7, t8]

-----------------------------------------
-- not recursive
entrypoint or497 :: [Bit 32, Bit 32, Bit 32, Bit 32, Bit 32, Bit 32, Bit 32, Bit 32, Bit 32, Bit 32, Bit 32, Bit 32, Bit 32, Bit 32, Bit 32, Bit 32, Bit 32, Bit 32, Bit 32, Bit 32, Bit 32, Bit 32, Bit 32, Bit 32, Bit 32, Bit 32, Bit 32, Bit 32, Bit 32, Bit 32, Bit 32, Bit 32] >>= [Bit 32, Bit 32, Bit 32, Bit 32, Bit 32, Bit 32, Bit 32, Bit 32, Bit 32, Bit 32, Bit 32, Bit 32, Bit 32, Bit 32, Bit 32, Bit 32]
or497[t0, t1, t2, t3, t4, t5, t6, t7, t8, t9, t10, t11, t12, t13, t14, t15, t16, t17, t18, t19, t20, t21, t22, t23, t24, t25, t26, t27, t28, t29, t30, t31] =
  t32 <- or((t0, t16))
  t33 <- or((t1, t17))
  t34 <- or((t2, t18))
  t35 <- or((t3, t19))
  t36 <- or((t4, t20))
  t37 <- or((t5, t21))
  t38 <- or((t6, t22))
  t39 <- or((t7, t23))
  t40 <- or((t8, t24))
  t41 <- or((t9, t25))
  t42 <- or((t10, t26))
  t43 <- or((t11, t27))
  t44 <- or((t12, t28))
  t45 <- or((t13, t29))
  t46 <- or((t14, t30))
  t47 <- or((t15, t31))
  return [t32, t33, t34, t35, t36, t37, t38, t39, t40, t41, t42, t43, t44, t45, t46, t47]

-----------------------------------------
-- not recursive
entrypoint or999 :: [Bit 32, Bit 32, Bit 32, Bit 32, Bit 32, Bit 32, Bit 32, Bit 32, Bit 32, Bit 32, Bit 32, Bit 32, Bit 32, Bit 32, Bit 32, Bit 32, Bit 32, Bit 32, Bit 32, Bit 32, Bit 32, Bit 32, Bit 32, Bit 32, Bit 32, Bit 32, Bit 32, Bit 32, Bit 32, Bit 32, Bit 32, Bit 32, Bit 32, Bit 32, Bit 32, Bit 32, Bit 32, Bit 32, Bit 32, Bit 32, Bit 32, Bit 32, Bit 32, Bit 32, Bit 32, Bit 32, Bit 32, Bit 32, Bit 32, Bit 32, Bit 32, Bit 32, Bit 32, Bit 32, Bit 32, Bit 32, Bit 32, Bit 32, Bit 32, Bit 32, Bit 32, Bit 32, Bit 32, Bit 32] >>= [Bit 32, Bit 32, Bit 32, Bit 32, Bit 32, Bit 32, Bit 32, Bit 32, Bit 32, Bit 32, Bit 32, Bit 32, Bit 32, Bit 32, Bit 32, Bit 32, Bit 32, Bit 32, Bit 32, Bit 32, Bit 32, Bit 32, Bit 32, Bit 32, Bit 32, Bit 32, Bit 32, Bit 32, Bit 32, Bit 32, Bit 32, Bit 32]
or999[t0, t1, t2, t3, t4, t5, t6, t7, t8, t9, t10, t11, t12, t13, t14, t15, t16, t17, t18, t19, t20, t21, t22, t23, t24, t25, t26, t27, t28, t29, t30, t31, t32, t33, t34, t35, t36, t37, t38, t39, t40, t41, t42, t43, t44, t45, t46, t47, t48, t49, t50, t51, t52, t53, t54, t55, t56, t57, t58, t59, t60, t61, t62, t63] =
  t64 <- or((t0, t32))
  t65 <- or((t1, t33))
  t66 <- or((t2, t34))
  t67 <- or((t3, t35))
  t68 <- or((t4, t36))
  t69 <- or((t5, t37))
  t70 <- or((t6, t38))
  t71 <- or((t7, t39))
  t72 <- or((t8, t40))
  t73 <- or((t9, t41))
  t74 <- or((t10, t42))
  t75 <- or((t11, t43))
  t76 <- or((t12, t44))
  t77 <- or((t13, t45))
  t78 <- or((t14, t46))
  t79 <- or((t15, t47))
  t80 <- or((t16, t48))
  t81 <- or((t17, t49))
  t82 <- or((t18, t50))
  t83 <- or((t19, t51))
  t84 <- or((t20, t52))
  t85 <- or((t21, t53))
  t86 <- or((t22, t54))
  t87 <- or((t23, t55))
  t88 <- or((t24, t56))
  t89 <- or((t25, t57))
  t90 <- or((t26, t58))
  t91 <- or((t27, t59))
  t92 <- or((t28, t60))
  t93 <- or((t29, t61))
  t94 <- or((t30, t62))
  t95 <- or((t31, t63))
  return [t64, t65, t66, t67, t68, t69, t70, t71, t72, t73, t74, t75, t76, t77, t78, t79, t80, t81, t82, t83, t84, t85, t86, t87, t88, t89, t90, t91, t92, t93, t94, t95]

-----------------------------------------
-- not recursive
entrypoint xor0 :: [Unit, Unit] >>= [Unit]
xor0[t0, t1] =
  return s1

-----------------------------------------
-- not recursive
entrypoint xor1 :: [Bit 1, Bit 1] >>= [Bit 1]
xor1[t0, t1] =
  bxor((t0, t1))

-----------------------------------------
-- not recursive
entrypoint xor2 :: [Bit 32, Bit 32] >>= [Bit 32]
xor2[t0, t1] =
  xor((t0, t1))

-----------------------------------------
-- not recursive
entrypoint xor7 :: [Bit 32, Bit 32] >>= [Bit 32]
xor7[t0, t1] =
  xor((t0, t1))

-----------------------------------------
-- not recursive
entrypoint xor48 :: [Bit 32, Bit 32, Bit 32, Bit 32] >>= [Bit 32, Bit 32]
xor48[t0, t1, t2, t3] =
  t4 <- xor((t0, t2))
  t5 <- xor((t1, t3))
  return [t4, t5]

-----------------------------------------
-- not recursive
entrypoint xor64 :: [Bit 32, Bit 32, Bit 32, Bit 32] >>= [Bit 32, Bit 32]
xor64[t0, t1, t2, t3] =
  t4 <- xor((t0, t2))
  t5 <- xor((t1, t3))
  return [t4, t5]

-----------------------------------------
-- not recursive
entrypoint xor72 :: [Bit 32, Bit 32, Bit 32, Bit 32, Bit 32, Bit 32] >>= [Bit 32, Bit 32, Bit 32]
xor72[t0, t1, t2, t3, t4, t5] =
  t6 <- xor((t0, t3))
  t7 <- xor((t1, t4))
  t8 <- xor((t2, t5))
  return [t6, t7, t8]

-----------------------------------------
-- not recursive
entrypoint xor497 :: [Bit 32, Bit 32, Bit 32, Bit 32, Bit 32, Bit 32, Bit 32, Bit 32, Bit 32, Bit 32, Bit 32, Bit 32, Bit 32, Bit 32, Bit 32, Bit 32, Bit 32, Bit 32, Bit 32, Bit 32, Bit 32, Bit 32, Bit 32, Bit 32, Bit 32, Bit 32, Bit 32, Bit 32, Bit 32, Bit 32, Bit 32, Bit 32] >>= [Bit 32, Bit 32, Bit 32, Bit 32, Bit 32, Bit 32, Bit 32, Bit 32, Bit 32, Bit 32, Bit 32, Bit 32, Bit 32, Bit 32, Bit 32, Bit 32]
xor497[t0, t1, t2, t3, t4, t5, t6, t7, t8, t9, t10, t11, t12, t13, t14, t15, t16, t17, t18, t19, t20, t21, t22, t23, t24, t25, t26, t27, t28, t29, t30, t31] =
  t32 <- xor((t0, t16))
  t33 <- xor((t1, t17))
  t34 <- xor((t2, t18))
  t35 <- xor((t3, t19))
  t36 <- xor((t4, t20))
  t37 <- xor((t5, t21))
  t38 <- xor((t6, t22))
  t39 <- xor((t7, t23))
  t40 <- xor((t8, t24))
  t41 <- xor((t9, t25))
  t42 <- xor((t10, t26))
  t43 <- xor((t11, t27))
  t44 <- xor((t12, t28))
  t45 <- xor((t13, t29))
  t46 <- xor((t14, t30))
  t47 <- xor((t15, t31))
  return [t32, t33, t34, t35, t36, t37, t38, t39, t40, t41, t42, t43, t44, t45, t46, t47]

-----------------------------------------
-- not recursive
entrypoint xor999 :: [Bit 32, Bit 32, Bit 32, Bit 32, Bit 32, Bit 32, Bit 32, Bit 32, Bit 32, Bit 32, Bit 32, Bit 32, Bit 32, Bit 32, Bit 32, Bit 32, Bit 32, Bit 32, Bit 32, Bit 32, Bit 32, Bit 32, Bit 32, Bit 32, Bit 32, Bit 32, Bit 32, Bit 32, Bit 32, Bit 32, Bit 32, Bit 32, Bit 32, Bit 32, Bit 32, Bit 32, Bit 32, Bit 32, Bit 32, Bit 32, Bit 32, Bit 32, Bit 32, Bit 32, Bit 32, Bit 32, Bit 32, Bit 32, Bit 32, Bit 32, Bit 32, Bit 32, Bit 32, Bit 32, Bit 32, Bit 32, Bit 32, Bit 32, Bit 32, Bit 32, Bit 32, Bit 32, Bit 32, Bit 32] >>= [Bit 32, Bit 32, Bit 32, Bit 32, Bit 32, Bit 32, Bit 32, Bit 32, Bit 32, Bit 32, Bit 32, Bit 32, Bit 32, Bit 32, Bit 32, Bit 32, Bit 32, Bit 32, Bit 32, Bit 32, Bit 32, Bit 32, Bit 32, Bit 32, Bit 32, Bit 32, Bit 32, Bit 32, Bit 32, Bit 32, Bit 32, Bit 32]
xor999[t0, t1, t2, t3, t4, t5, t6, t7, t8, t9, t10, t11, t12, t13, t14, t15, t16, t17, t18, t19, t20, t21, t22, t23, t24, t25, t26, t27, t28, t29, t30, t31, t32, t33, t34, t35, t36, t37, t38, t39, t40, t41, t42, t43, t44, t45, t46, t47, t48, t49, t50, t51, t52, t53, t54, t55, t56, t57, t58, t59, t60, t61, t62, t63] =
  t64 <- xor((t0, t32))
  t65 <- xor((t1, t33))
  t66 <- xor((t2, t34))
  t67 <- xor((t3, t35))
  t68 <- xor((t4, t36))
  t69 <- xor((t5, t37))
  t70 <- xor((t6, t38))
  t71 <- xor((t7, t39))
  t72 <- xor((t8, t40))
  t73 <- xor((t9, t41))
  t74 <- xor((t10, t42))
  t75 <- xor((t11, t43))
  t76 <- xor((t12, t44))
  t77 <- xor((t13, t45))
  t78 <- xor((t14, t46))
  t79 <- xor((t15, t47))
  t80 <- xor((t16, t48))
  t81 <- xor((t17, t49))
  t82 <- xor((t18, t50))
  t83 <- xor((t19, t51))
  t84 <- xor((t20, t52))
  t85 <- xor((t21, t53))
  t86 <- xor((t22, t54))
  t87 <- xor((t23, t55))
  t88 <- xor((t24, t56))
  t89 <- xor((t25, t57))
  t90 <- xor((t26, t58))
  t91 <- xor((t27, t59))
  t92 <- xor((t28, t60))
  t93 <- xor((t29, t61))
  t94 <- xor((t30, t62))
  t95 <- xor((t31, t63))
  return [t64, t65, t66, t67, t68, t69, t70, t71, t72, t73, t74, t75, t76, t77, t78, t79, t80, t81, t82, t83, t84, t85, t86, t87, t88, t89, t90, t91, t92, t93, t94, t95]

-----------------------------------------
-- Entrypoints: and0 and1 and2 and7 and48 and64 and72 and497 and999 or0 or1 or2 or7 or48 or64 or72 or497 or999 xor0 xor1 xor2 xor7 xor48 xor64 xor72 xor497 xor999
