data Unit
  = Unit

-----------------------------------------
-- not recursive
b26 :: forall (a :: *). [a] >>= [a]
b26[t0] =
  return t0

-----------------------------------------
-- not recursive
s5 :: Unit
s5 <-
  Unit()

-----------------------------------------
-- not recursive
b25 :: forall (a :: tuple). [[Unit] ->> a] >>= a
b25[t0] =
  t0 @ s5

-----------------------------------------
-- not recursive
entrypoint genLeqIxF1 :: [Bit 1, [Unit] ->> [Bit 1], Bit 32, Unit] >>= [Bit 1]
genLeqIxF1[t0, t1, t2, t3] =
  t4 <- primUle((t2, 0))
  if t4
    then b25[t1]
    else b26[t0]

-----------------------------------------
-- not recursive
entrypoint genLeqIxW1 :: [Bit 32, [Unit] ->> [Bit 32], Bit 32, Unit] >>= [Bit 32]
genLeqIxW1[t0, t1, t2, t3] =
  t4 <- primUle((t2, 0))
  if t4
    then b25[t1]
    else b26[t0]

-----------------------------------------
-- not recursive
entrypoint genLeqIxI1 :: [Unit, [Unit] ->> [Unit], Bit 32, Unit] >>= [Unit]
genLeqIxI1[t0, t1, t2, t3] =
  t4 <- primUle((t2, 0))
  if t4
    then b25[t1]
    else b26[t0]

-----------------------------------------
-- not recursive
b35 :: forall (a :: *) (b :: *). [a, b] >>= [a, b]
b35[t0, t1] =
  return [t0, t1]

-----------------------------------------
-- not recursive
entrypoint genLeqIxB1 :: [Bit 32, Bit 32, [Unit] ->> [Bit 32, Bit 32], Bit 32, Unit] >>= [Bit 32, Bit 32]
genLeqIxB1[t0, t1, t2, t3, t4] =
  t5 <- primUle((t3, 0))
  if t5
    then b25[t2]
    else b35[t0, t1]

-----------------------------------------
-- not recursive
entrypoint genLeqIxM1 :: [Bit 1, [Unit] ->> [Bit 1], Bit 32, Unit] >>= [Bit 1]
genLeqIxM1[t0, t1, t2, t3] =
  t4 <- primUle((t2, 0))
  if t4
    then b25[t1]
    else b26[t0]

-----------------------------------------
-- not recursive
b40 :: forall (a :: tuple). [[Bit 1] ->> a, Bit 32] >>= a
b40[t0, t1] =
  t2 <- wordToFlag((t1))
  t0 @ t2

-----------------------------------------
-- not recursive
entrypoint genLeqIxF2 :: [Bit 1, [Bit 1] ->> [Bit 1], Bit 32, Bit 1] >>= [Bit 1]
genLeqIxF2[t0, t1, t2, t3] =
  t4 <- flagToWord((t3))
  t5 <- primUle((t2, t4))
  if t5
    then b40[t1, t2]
    else b26[t0]

-----------------------------------------
-- not recursive
entrypoint genLeqIxW2 :: [Bit 32, [Bit 1] ->> [Bit 32], Bit 32, Bit 1] >>= [Bit 32]
genLeqIxW2[t0, t1, t2, t3] =
  t4 <- flagToWord((t3))
  t5 <- primUle((t2, t4))
  if t5
    then b40[t1, t2]
    else b26[t0]

-----------------------------------------
-- not recursive
entrypoint genLeqIxI2 :: [Unit, [Bit 1] ->> [Unit], Bit 32, Bit 1] >>= [Unit]
genLeqIxI2[t0, t1, t2, t3] =
  t4 <- flagToWord((t3))
  t5 <- primUle((t2, t4))
  if t5
    then b40[t1, t2]
    else b26[t0]

-----------------------------------------
-- not recursive
entrypoint genLeqIxB2 :: [Bit 32, Bit 32, [Bit 1] ->> [Bit 32, Bit 32], Bit 32, Bit 1] >>= [Bit 32, Bit 32]
genLeqIxB2[t0, t1, t2, t3, t4] =
  t5 <- flagToWord((t4))
  t6 <- primUle((t3, t5))
  if t6
    then b40[t2, t3]
    else b35[t0, t1]

-----------------------------------------
-- not recursive
entrypoint genLeqIxM2 :: [Bit 32, [Bit 1] ->> [Bit 32], Bit 32, Bit 1] >>= [Bit 32]
genLeqIxM2[t0, t1, t2, t3] =
  t4 <- flagToWord((t3))
  t5 <- primUle((t2, t4))
  if t5
    then b40[t1, t2]
    else b26[t0]

-----------------------------------------
-- not recursive
b55 :: forall (a :: *) (b :: tuple). [[a] ->> b, a] >>= b
b55[t0, t1] =
  t0 @ t1

-----------------------------------------
-- not recursive
entrypoint genLeqIxF7 :: [Bit 1, [Bit 32] ->> [Bit 1], Bit 32, Bit 32] >>= [Bit 1]
genLeqIxF7[t0, t1, t2, t3] =
  t4 <- primUle((t2, t3))
  if t4
    then b55[t1, t2]
    else b26[t0]

-----------------------------------------
-- not recursive
entrypoint genLeqIxW7 :: [Bit 32, [Bit 32] ->> [Bit 32], Bit 32, Bit 32] >>= [Bit 32]
genLeqIxW7[t0, t1, t2, t3] =
  t4 <- primUle((t2, t3))
  if t4
    then b55[t1, t2]
    else b26[t0]

-----------------------------------------
-- not recursive
entrypoint genLeqIxI7 :: [Bit 32, [Bit 32] ->> [Bit 32], Bit 32, Bit 32] >>= [Bit 32]
genLeqIxI7[t0, t1, t2, t3] =
  t4 <- primUle((t2, t3))
  if t4
    then b55[t1, t2]
    else b26[t0]

-----------------------------------------
-- not recursive
entrypoint genLeqIxB7 :: [Bit 32, Bit 32, [Bit 32] ->> [Bit 32, Bit 32], Bit 32, Bit 32] >>= [Bit 32, Bit 32]
genLeqIxB7[t0, t1, t2, t3, t4] =
  t5 <- primUle((t3, t4))
  if t5
    then b55[t2, t3]
    else b35[t0, t1]

-----------------------------------------
-- not recursive
entrypoint genLeqIxM7 :: [Bit 32, [Bit 32] ->> [Bit 32], Bit 32, Bit 32] >>= [Bit 32]
genLeqIxM7[t0, t1, t2, t3] =
  t4 <- primUle((t2, t3))
  if t4
    then b55[t1, t2]
    else b26[t0]

-----------------------------------------
-- not recursive
entrypoint genLeqIxF64 :: [Bit 1, [Bit 32] ->> [Bit 1], Bit 32, Bit 32] >>= [Bit 1]
genLeqIxF64[t0, t1, t2, t3] =
  t4 <- primUle((t2, t3))
  if t4
    then b55[t1, t2]
    else b26[t0]

-----------------------------------------
-- not recursive
entrypoint genLeqIxW64 :: [Bit 32, [Bit 32] ->> [Bit 32], Bit 32, Bit 32] >>= [Bit 32]
genLeqIxW64[t0, t1, t2, t3] =
  t4 <- primUle((t2, t3))
  if t4
    then b55[t1, t2]
    else b26[t0]

-----------------------------------------
-- not recursive
entrypoint genLeqIxI64 :: [Bit 32, [Bit 32] ->> [Bit 32], Bit 32, Bit 32] >>= [Bit 32]
genLeqIxI64[t0, t1, t2, t3] =
  t4 <- primUle((t2, t3))
  if t4
    then b55[t1, t2]
    else b26[t0]

-----------------------------------------
-- not recursive
entrypoint genLeqIxB64 :: [Bit 32, Bit 32, [Bit 32] ->> [Bit 32, Bit 32], Bit 32, Bit 32] >>= [Bit 32, Bit 32]
genLeqIxB64[t0, t1, t2, t3, t4] =
  t5 <- primUle((t3, t4))
  if t5
    then b55[t2, t3]
    else b35[t0, t1]

-----------------------------------------
-- not recursive
entrypoint genLeqIxM64 :: [Bit 32, [Bit 32] ->> [Bit 32], Bit 32, Bit 32] >>= [Bit 32]
genLeqIxM64[t0, t1, t2, t3] =
  t4 <- primUle((t2, t3))
  if t4
    then b55[t1, t2]
    else b26[t0]

-----------------------------------------
-- not recursive
entrypoint leqIx1 :: [Bit 32, Unit] >>= [Bit 1]
leqIx1[t0, t1] =
  primUle((t0, 0))

-----------------------------------------
-- not recursive
b103 :: [] >>= [Bit 32]
b103[] =
  return 7

-----------------------------------------
-- not recursive
b102 :: forall (a :: *). [a] >>= [a]
b102[t0] =
  return t0

-----------------------------------------
-- not recursive
entrypoint leqIx7 :: [Bit 32, Bit 32] >>= [Bit 32]
leqIx7[t0, t1] =
  t2 <- primUle((t0, t1))
  if t2
    then b102[t0]
    else b103[]

-----------------------------------------
-- not recursive
b105 :: [] >>= [Bit 32]
b105[] =
  return 0

-----------------------------------------
-- not recursive
construct_Just7 :: [Bit 32] >>= [Bit 32]
construct_Just7[t0] =
  t1 <- shl((t0, 1))
  or((t1, 1))

-----------------------------------------
-- not recursive
entrypoint leqIx64 :: [Bit 32, Bit 32] >>= [Bit 32]
leqIx64[t0, t1] =
  t2 <- primUle((t0, t1))
  if t2
    then construct_Just7[t0]
    else b105[]

-----------------------------------------
-- Entrypoints: genLeqIxF1 genLeqIxW1 genLeqIxI1 genLeqIxB1 genLeqIxM1 genLeqIxF2 genLeqIxW2 genLeqIxI2 genLeqIxB2 genLeqIxM2 genLeqIxF7 genLeqIxW7 genLeqIxI7 genLeqIxB7 genLeqIxM7 genLeqIxF64 genLeqIxW64 genLeqIxI64 genLeqIxB64 genLeqIxM64 leqIx1 leqIx7 leqIx64
