data Unit
  = Unit

-----------------------------------------
-- not recursive
entrypoint selectX :: [Bit 64, Unit] >>= [Bit 64]
selectX[t0, t1] =
  return t0

-----------------------------------------
-- not recursive
entrypoint selectY :: [Bit 64, Unit] >>= [Bit 64]
selectY[t0, t1] =
  add((t0, 8))

-----------------------------------------
-- not recursive
entrypoint selectZ :: [Bit 64, Unit] >>= [Bit 64]
selectZ[t0, t1] =
  add((t0, 9))

-----------------------------------------
-- not recursive
entrypoint selectU :: [Bit 64, Unit] >>= [Bit 64]
selectU[t0, t1] =
  return t0

-----------------------------------------
-- not recursive
entrypoint selectV :: [Bit 64, Unit] >>= [Bit 64]
selectV[t0, t1] =
  add((t0, 8))

-----------------------------------------
-- not recursive
entrypoint selectW :: [Bit 64, Unit] >>= [Bit 64]
selectW[t0, t1] =
  add((t0, 16))

-----------------------------------------
-- not recursive
entrypoint selectA :: [Bit 64, Unit] >>= [Bit 64]
selectA[t0, t1] =
  return t0

-----------------------------------------
-- not recursive
entrypoint selectB :: [Bit 64, Unit] >>= [Bit 64]
selectB[t0, t1] =
  add((t0, 24))

-----------------------------------------
-- Entrypoints: selectX selectY selectZ selectU selectV selectW selectA selectB
