data Unit
  = Unit

-----------------------------------------
-- not recursive
entrypoint div2 :: [Word, Word] >>= [Word]
div2[t0, t1] =
  div((t0, t1))

-----------------------------------------
-- not recursive
entrypoint div12 :: [Word, Word] >>= [Word]
div12[t0, t1] =
  div((t0, t1))

-----------------------------------------
-- not recursive
entrypoint div32 :: [Word, Word] >>= [Word]
div32[t0, t1] =
  div((t0, t1))

-----------------------------------------
-- not recursive
entrypoint bit59 :: [Unit] >>= [Word]
bit59[t0] =
  return 59

-----------------------------------------
-- not recursive
entrypoint nz3 :: [Unit] >>= [Word]
nz3[t0] =
  return 3

-----------------------------------------
-- not recursive
entrypoint val :: Word
val <-
  return 19

-----------------------------------------
-- Entrypoints: div2 div12 div32 bit59 nz3 val
