-----------------------------------------
-- not recursive
entrypoint nonZero2 :: [Bit 64] >>= [Bit 64]
nonZero2[t0] =
  return t0

-----------------------------------------
-- not recursive
entrypoint nonZero4 :: [Bit 64] >>= [Bit 64]
nonZero4[t0] =
  return t0

-----------------------------------------
-- not recursive
entrypoint nonZero15 :: [Bit 64] >>= [Bit 64]
nonZero15[t0] =
  return t0

-----------------------------------------
-- not recursive
entrypoint nonZero32 :: [Bit 64] >>= [Bit 64]
nonZero32[t0] =
  return t0

-----------------------------------------
-- not recursive
entrypoint nonZero33 :: [Bit 64] >>= [Bit 64]
nonZero33[t0] =
  return t0

-----------------------------------------
-- not recursive
entrypoint nonZero48 :: [Bit 64] >>= [Bit 64]
nonZero48[t0] =
  return t0

-----------------------------------------
-- not recursive
entrypoint nothing4 :: Bit 64
nothing4 <-
  return 0

-----------------------------------------
-- not recursive
entrypoint just12 :: [Bit 64] >>= [Bit 64]
just12[t0] =
  return t0

-----------------------------------------
-- not recursive
entrypoint forget2 :: [Bit 64] >>= [Bit 64]
forget2[t0] =
  return t0

-----------------------------------------
-- not recursive
entrypoint forget4 :: [Bit 64] >>= [Bit 64]
forget4[t0] =
  return t0

-----------------------------------------
-- not recursive
entrypoint forget15 :: [Bit 64] >>= [Bit 64]
forget15[t0] =
  return t0

-----------------------------------------
-- not recursive
entrypoint forget32 :: [Bit 64] >>= [Bit 64]
forget32[t0] =
  return t0

-----------------------------------------
-- not recursive
entrypoint forget33 :: [Bit 64] >>= [Bit 64]
forget33[t0] =
  return t0

-----------------------------------------
-- not recursive
entrypoint forget48 :: [Bit 64] >>= [Bit 64]
forget48[t0] =
  return t0

-----------------------------------------
-- not recursive
entrypoint forget64 :: [Bit 64] >>= [Bit 64]
forget64[t0] =
  return t0

-----------------------------------------
-- Entrypoints: nonZero2 nonZero4 nonZero15 nonZero32 nonZero33 nonZero48 nothing4 just12 forget2 forget4 forget15 forget32 forget33 forget48 forget64
