data Unit
  = Unit

-----------------------------------------
-- not recursive
entrypoint bitShiftL1 :: [Flag, Unit] >>= [Flag]
bitShiftL1[t0, t1] =
  return t0

-----------------------------------------
-- not recursive
entrypoint bitShiftL2 :: [Word, Flag] >>= [Word]
bitShiftL2[t0, t1] =
  t2 <- flagToWord((t1))
  t3 <- shl((t0, t2))
  and((t3, 3))

-----------------------------------------
-- not recursive
entrypoint bitShiftL3 :: [Word, Word] >>= [Word]
bitShiftL3[t0, t1] =
  t2 <- shl((t0, t1))
  and((t2, 7))

-----------------------------------------
-- not recursive
entrypoint bitShiftL12 :: [Word, Word] >>= [Word]
bitShiftL12[t0, t1] =
  t2 <- shl((t0, t1))
  and((t2, 4095))

-----------------------------------------
-- not recursive
entrypoint bitShiftL32 :: [Word, Word] >>= [Word]
bitShiftL32[t0, t1] =
  shl((t0, t1))

-----------------------------------------
-- not recursive
b11 :: [Word, Word] >>= [Word, Word]
b11[t0, t1] =
  t2 <- add((t1, -32))
  t3 <- shl((t0, t2))
  t4 <- and((t3, 63))
  return [0, t4]

-----------------------------------------
-- not recursive
b10 :: [Word] >>= [Word, Word]
b10[t0] =
  t1 <- and((t0, 63))
  return [0, t1]

-----------------------------------------
-- not recursive
b12 :: [Word, Word] >>= [Word, Word]
b12[t0, t1] =
  t2 <- primEq((t1, 32))
  if t2
    then b10[t0]
    else b11[t0, t1]

-----------------------------------------
-- not recursive
b9 :: [Word, Word, Word] >>= [Word, Word]
b9[t0, t1, t2] =
  t3 <- sub((32, t2))
  t4 <- shl((t0, t2))
  t5 <- shl((t1, t2))
  t6 <- lshr((t0, t3))
  t7 <- or((t5, t6))
  t8 <- and((t7, 63))
  return [t4, t8]

-----------------------------------------
-- not recursive
entrypoint bitShiftL38 :: [Word, Word, Word] >>= [Word, Word]
bitShiftL38[t0, t1, t2] =
  t3 <- primUlt((t2, 32))
  if t3
    then b9[t0, t1, t2]
    else b12[t0, t2]

-----------------------------------------
-- not recursive
b16 :: [Word, Word] >>= [Word, Word]
b16[t0, t1] =
  t2 <- add((t1, -32))
  t3 <- shl((t0, t2))
  return [0, t3]

-----------------------------------------
-- not recursive
b15 :: forall (a :: *). [a] >>= [Word, a]
b15[t0] =
  return [0, t0]

-----------------------------------------
-- not recursive
b17 :: [Word, Word] >>= [Word, Word]
b17[t0, t1] =
  t2 <- primEq((t1, 32))
  if t2
    then b15[t0]
    else b16[t0, t1]

-----------------------------------------
-- not recursive
b14 :: [Word, Word, Word] >>= [Word, Word]
b14[t0, t1, t2] =
  t3 <- sub((32, t2))
  t4 <- shl((t0, t2))
  t5 <- shl((t1, t2))
  t6 <- lshr((t0, t3))
  t7 <- or((t5, t6))
  return [t4, t7]

-----------------------------------------
-- not recursive
entrypoint bitShiftL64 :: [Word, Word, Word] >>= [Word, Word]
bitShiftL64[t0, t1, t2] =
  t3 <- primUlt((t2, 32))
  if t3
    then b14[t0, t1, t2]
    else b17[t0, t2]

-----------------------------------------
-- not recursive
b28 :: [Word, Word] >>= [Word, Word, Word, Word]
b28[t0, t1] =
  t2 <- add((t1, -96))
  t3 <- shl((t0, t2))
  t4 <- and((t3, 3))
  return [0, 0, 0, t4]

-----------------------------------------
-- not recursive
b27 :: [Word] >>= [Word, Word, Word, Word]
b27[t0] =
  t1 <- and((t0, 3))
  return [0, 0, 0, t1]

-----------------------------------------
-- not recursive
b29 :: [Word, Word] >>= [Word, Word, Word, Word]
b29[t0, t1] =
  t2 <- primEq((t1, 96))
  if t2
    then b27[t0]
    else b28[t0, t1]

-----------------------------------------
-- not recursive
b25 :: [Word, Word, Word] >>= [Word, Word, Word, Word]
b25[t0, t1, t2] =
  t3 <- add((t2, -64))
  t4 <- sub((96, t2))
  t5 <- shl((t0, t3))
  t6 <- shl((t1, t3))
  t7 <- lshr((t0, t4))
  t8 <- or((t6, t7))
  t9 <- and((t8, 3))
  return [0, 0, t5, t9]

-----------------------------------------
-- not recursive
b24 :: forall (a :: *). [a, Word] >>= [Word, Word, a, Word]
b24[t0, t1] =
  t2 <- and((t1, 3))
  return [0, 0, t0, t2]

-----------------------------------------
-- not recursive
b26 :: [Word, Word, Word] >>= [Word, Word, Word, Word]
b26[t0, t1, t2] =
  t3 <- primEq((t2, 64))
  if t3
    then b24[t0, t1]
    else b25[t0, t1, t2]

-----------------------------------------
-- not recursive
b30 :: [Word, Word, Word] >>= [Word, Word, Word, Word]
b30[t0, t1, t2] =
  t3 <- primUlt((t2, 96))
  if t3
    then b26[t0, t1, t2]
    else b29[t0, t2]

-----------------------------------------
-- not recursive
b21 :: [Word, Word, Word, Word] >>= [Word, Word, Word, Word]
b21[t0, t1, t2, t3] =
  t4 <- add((t3, -32))
  t5 <- sub((64, t3))
  t6 <- shl((t0, t4))
  t7 <- shl((t2, t4))
  t8 <- lshr((t1, t5))
  t9 <- or((t7, t8))
  t10 <- shl((t1, t4))
  t11 <- lshr((t0, t5))
  t12 <- or((t10, t11))
  t13 <- and((t9, 3))
  return [0, t6, t12, t13]

-----------------------------------------
-- not recursive
b20 :: forall (a :: *) (b :: *). [a, b, Word] >>= [Word, a, b, Word]
b20[t0, t1, t2] =
  t3 <- and((t2, 3))
  return [0, t0, t1, t3]

-----------------------------------------
-- not recursive
b22 :: [Word, Word, Word, Word] >>= [Word, Word, Word, Word]
b22[t0, t1, t2, t3] =
  t4 <- primEq((t3, 32))
  if t4
    then b20[t0, t1, t2]
    else b21[t0, t1, t2, t3]

-----------------------------------------
-- not recursive
b19 :: [Word, Word, Word, Word, Word] >>= [Word, Word, Word, Word]
b19[t0, t1, t2, t3, t4] =
  t5 <- sub((32, t4))
  t6 <- shl((t0, t4))
  t7 <- shl((t3, t4))
  t8 <- lshr((t2, t5))
  t9 <- or((t7, t8))
  t10 <- shl((t2, t4))
  t11 <- lshr((t1, t5))
  t12 <- or((t10, t11))
  t13 <- shl((t1, t4))
  t14 <- lshr((t0, t5))
  t15 <- or((t13, t14))
  t16 <- and((t9, 3))
  return [t6, t15, t12, t16]

-----------------------------------------
-- not recursive
b23 :: [Word, Word, Word, Word, Word] >>= [Word, Word, Word, Word]
b23[t0, t1, t2, t3, t4] =
  t5 <- primUlt((t4, 32))
  if t5
    then b19[t0, t1, t2, t3, t4]
    else b22[t0, t1, t2, t4]

-----------------------------------------
-- not recursive
entrypoint bitShiftL98 :: [Word, Word, Word, Word, Word] >>= [Word, Word, Word, Word]
bitShiftL98[t0, t1, t2, t3, t4] =
  t5 <- primUlt((t4, 64))
  if t5
    then b23[t0, t1, t2, t3, t4]
    else b30[t0, t1, t4]

-----------------------------------------
-- not recursive
b41 :: [Word, Word] >>= [Word, Word, Word, Word]
b41[t0, t1] =
  t2 <- add((t1, -96))
  t3 <- shl((t0, t2))
  return [0, 0, 0, t3]

-----------------------------------------
-- not recursive
b40 :: forall (a :: *). [a] >>= [Word, Word, Word, a]
b40[t0] =
  return [0, 0, 0, t0]

-----------------------------------------
-- not recursive
b42 :: [Word, Word] >>= [Word, Word, Word, Word]
b42[t0, t1] =
  t2 <- primEq((t1, 96))
  if t2
    then b40[t0]
    else b41[t0, t1]

-----------------------------------------
-- not recursive
b38 :: [Word, Word, Word] >>= [Word, Word, Word, Word]
b38[t0, t1, t2] =
  t3 <- add((t2, -64))
  t4 <- sub((96, t2))
  t5 <- shl((t0, t3))
  t6 <- shl((t1, t3))
  t7 <- lshr((t0, t4))
  t8 <- or((t6, t7))
  return [0, 0, t5, t8]

-----------------------------------------
-- not recursive
b37 :: forall (a :: *) (b :: *). [a, b] >>= [Word, Word, a, b]
b37[t0, t1] =
  return [0, 0, t0, t1]

-----------------------------------------
-- not recursive
b39 :: [Word, Word, Word] >>= [Word, Word, Word, Word]
b39[t0, t1, t2] =
  t3 <- primEq((t2, 64))
  if t3
    then b37[t0, t1]
    else b38[t0, t1, t2]

-----------------------------------------
-- not recursive
b43 :: [Word, Word, Word] >>= [Word, Word, Word, Word]
b43[t0, t1, t2] =
  t3 <- primUlt((t2, 96))
  if t3
    then b39[t0, t1, t2]
    else b42[t0, t2]

-----------------------------------------
-- not recursive
b34 :: [Word, Word, Word, Word] >>= [Word, Word, Word, Word]
b34[t0, t1, t2, t3] =
  t4 <- add((t3, -32))
  t5 <- sub((64, t3))
  t6 <- shl((t0, t4))
  t7 <- shl((t2, t4))
  t8 <- lshr((t1, t5))
  t9 <- or((t7, t8))
  t10 <- shl((t1, t4))
  t11 <- lshr((t0, t5))
  t12 <- or((t10, t11))
  return [0, t6, t12, t9]

-----------------------------------------
-- not recursive
b33 :: forall (a :: *) (b :: *) (c :: *). [a, b, c] >>= [Word, a, b, c]
b33[t0, t1, t2] =
  return [0, t0, t1, t2]

-----------------------------------------
-- not recursive
b35 :: [Word, Word, Word, Word] >>= [Word, Word, Word, Word]
b35[t0, t1, t2, t3] =
  t4 <- primEq((t3, 32))
  if t4
    then b33[t0, t1, t2]
    else b34[t0, t1, t2, t3]

-----------------------------------------
-- not recursive
b32 :: [Word, Word, Word, Word, Word] >>= [Word, Word, Word, Word]
b32[t0, t1, t2, t3, t4] =
  t5 <- sub((32, t4))
  t6 <- shl((t0, t4))
  t7 <- shl((t3, t4))
  t8 <- lshr((t2, t5))
  t9 <- or((t7, t8))
  t10 <- shl((t2, t4))
  t11 <- lshr((t1, t5))
  t12 <- or((t10, t11))
  t13 <- shl((t1, t4))
  t14 <- lshr((t0, t5))
  t15 <- or((t13, t14))
  return [t6, t15, t12, t9]

-----------------------------------------
-- not recursive
b36 :: [Word, Word, Word, Word, Word] >>= [Word, Word, Word, Word]
b36[t0, t1, t2, t3, t4] =
  t5 <- primUlt((t4, 32))
  if t5
    then b32[t0, t1, t2, t3, t4]
    else b35[t0, t1, t2, t4]

-----------------------------------------
-- not recursive
entrypoint bitShiftL128 :: [Word, Word, Word, Word, Word] >>= [Word, Word, Word, Word]
bitShiftL128[t0, t1, t2, t3, t4] =
  t5 <- primUlt((t4, 64))
  if t5
    then b36[t0, t1, t2, t3, t4]
    else b43[t0, t1, t4]

-----------------------------------------
-- not recursive
entrypoint bitShiftRu1 :: [Flag, Unit] >>= [Flag]
bitShiftRu1[t0, t1] =
  return t0

-----------------------------------------
-- not recursive
entrypoint bitShiftRu2 :: [Word, Flag] >>= [Word]
bitShiftRu2[t0, t1] =
  t2 <- flagToWord((t1))
  lshr((t0, t2))

-----------------------------------------
-- not recursive
entrypoint bitShiftRu3 :: [Word, Word] >>= [Word]
bitShiftRu3[t0, t1] =
  lshr((t0, t1))

-----------------------------------------
-- not recursive
entrypoint bitShiftRu12 :: [Word, Word] >>= [Word]
bitShiftRu12[t0, t1] =
  lshr((t0, t1))

-----------------------------------------
-- not recursive
entrypoint bitShiftRu32 :: [Word, Word] >>= [Word]
bitShiftRu32[t0, t1] =
  lshr((t0, t1))

-----------------------------------------
-- not recursive
b53 :: [Word, Word] >>= [Word, Word]
b53[t0, t1] =
  t2 <- add((t1, -32))
  t3 <- lshr((t0, t2))
  return [t3, 0]

-----------------------------------------
-- not recursive
b51 :: [Word, Word, Word] >>= [Word, Word]
b51[t0, t1, t2] =
  t3 <- sub((32, t2))
  t4 <- lshr((t1, t2))
  t5 <- shl((t1, t3))
  t6 <- lshr((t0, t2))
  t7 <- or((t5, t6))
  return [t7, t4]

-----------------------------------------
-- not recursive
b50 :: forall (a :: *) (b :: *). [a, b] >>= [a, b]
b50[t0, t1] =
  return [t0, t1]

-----------------------------------------
-- not recursive
b52 :: [Word, Word, Word] >>= [Word, Word]
b52[t0, t1, t2] =
  t3 <- primEq((t2, 0))
  if t3
    then b50[t0, t1]
    else b51[t0, t1, t2]

-----------------------------------------
-- not recursive
entrypoint bitShiftRu38 :: [Word, Word, Word] >>= [Word, Word]
bitShiftRu38[t0, t1, t2] =
  t3 <- primUlt((t2, 32))
  if t3
    then b52[t0, t1, t2]
    else b53[t1, t2]

-----------------------------------------
-- not recursive
entrypoint bitShiftRu64 :: [Word, Word, Word] >>= [Word, Word]
bitShiftRu64[t0, t1, t2] =
  t3 <- primUlt((t2, 32))
  if t3
    then b52[t0, t1, t2]
    else b53[t1, t2]

-----------------------------------------
-- not recursive
b70 :: [Word, Word] >>= [Word, Word, Word, Word]
b70[t0, t1] =
  t2 <- add((t1, -96))
  t3 <- lshr((t0, t2))
  return [t3, 0, 0, 0]

-----------------------------------------
-- not recursive
b68 :: [Word, Word, Word] >>= [Word, Word, Word, Word]
b68[t0, t1, t2] =
  t3 <- add((t2, -64))
  t4 <- sub((96, t2))
  t5 <- lshr((t1, t3))
  t6 <- shl((t1, t4))
  t7 <- lshr((t0, t3))
  t8 <- or((t6, t7))
  return [t8, t5, 0, 0]

-----------------------------------------
-- not recursive
b67 :: forall (a :: *) (b :: *). [a, b] >>= [a, b, Word, Word]
b67[t0, t1] =
  return [t0, t1, 0, 0]

-----------------------------------------
-- not recursive
b69 :: [Word, Word, Word] >>= [Word, Word, Word, Word]
b69[t0, t1, t2] =
  t3 <- primEq((t2, 64))
  if t3
    then b67[t0, t1]
    else b68[t0, t1, t2]

-----------------------------------------
-- not recursive
b71 :: [Word, Word, Word] >>= [Word, Word, Word, Word]
b71[t0, t1, t2] =
  t3 <- primUlt((t2, 96))
  if t3
    then b69[t0, t1, t2]
    else b70[t1, t2]

-----------------------------------------
-- not recursive
b64 :: [Word, Word, Word, Word] >>= [Word, Word, Word, Word]
b64[t0, t1, t2, t3] =
  t4 <- add((t3, -32))
  t5 <- sub((64, t3))
  t6 <- lshr((t2, t4))
  t7 <- shl((t2, t5))
  t8 <- lshr((t1, t4))
  t9 <- or((t7, t8))
  t10 <- shl((t1, t5))
  t11 <- lshr((t0, t4))
  t12 <- or((t10, t11))
  return [t12, t9, t6, 0]

-----------------------------------------
-- not recursive
b63 :: forall (a :: *) (b :: *) (c :: *). [a, b, c] >>= [a, b, c, Word]
b63[t0, t1, t2] =
  return [t0, t1, t2, 0]

-----------------------------------------
-- not recursive
b65 :: [Word, Word, Word, Word] >>= [Word, Word, Word, Word]
b65[t0, t1, t2, t3] =
  t4 <- primEq((t3, 32))
  if t4
    then b63[t0, t1, t2]
    else b64[t0, t1, t2, t3]

-----------------------------------------
-- not recursive
b61 :: [Word, Word, Word, Word, Word] >>= [Word, Word, Word, Word]
b61[t0, t1, t2, t3, t4] =
  t5 <- sub((32, t4))
  t6 <- lshr((t3, t4))
  t7 <- shl((t3, t5))
  t8 <- lshr((t2, t4))
  t9 <- or((t7, t8))
  t10 <- shl((t2, t5))
  t11 <- lshr((t1, t4))
  t12 <- or((t10, t11))
  t13 <- shl((t1, t5))
  t14 <- lshr((t0, t4))
  t15 <- or((t13, t14))
  return [t15, t12, t9, t6]

-----------------------------------------
-- not recursive
b60 :: forall (a :: *) (b :: *) (c :: *) (d :: *). [a, b, c, d] >>= [a, b, c, d]
b60[t0, t1, t2, t3] =
  return [t0, t1, t2, t3]

-----------------------------------------
-- not recursive
b62 :: [Word, Word, Word, Word, Word] >>= [Word, Word, Word, Word]
b62[t0, t1, t2, t3, t4] =
  t5 <- primEq((t4, 0))
  if t5
    then b60[t0, t1, t2, t3]
    else b61[t0, t1, t2, t3, t4]

-----------------------------------------
-- not recursive
b66 :: [Word, Word, Word, Word, Word] >>= [Word, Word, Word, Word]
b66[t0, t1, t2, t3, t4] =
  t5 <- primUlt((t4, 32))
  if t5
    then b62[t0, t1, t2, t3, t4]
    else b65[t1, t2, t3, t4]

-----------------------------------------
-- not recursive
entrypoint bitShiftRu98 :: [Word, Word, Word, Word, Word] >>= [Word, Word, Word, Word]
bitShiftRu98[t0, t1, t2, t3, t4] =
  t5 <- primUlt((t4, 64))
  if t5
    then b66[t0, t1, t2, t3, t4]
    else b71[t2, t3, t4]

-----------------------------------------
-- not recursive
entrypoint bitShiftRu128 :: [Word, Word, Word, Word, Word] >>= [Word, Word, Word, Word]
bitShiftRu128[t0, t1, t2, t3, t4] =
  t5 <- primUlt((t4, 64))
  if t5
    then b66[t0, t1, t2, t3, t4]
    else b71[t2, t3, t4]

-----------------------------------------
-- Entrypoints: bitShiftL1 bitShiftL2 bitShiftL3 bitShiftL12 bitShiftL32 bitShiftL38 bitShiftL64 bitShiftL98 bitShiftL128 bitShiftRu1 bitShiftRu2 bitShiftRu3 bitShiftRu12 bitShiftRu32 bitShiftRu38 bitShiftRu64 bitShiftRu98 bitShiftRu128
