-----------------------------------------
-- not recursive
entrypoint direct :: [Word] >>= [Word]
direct[t0] =
  t1 <- lshr((t0, 16))
  and((t1, 255))

-----------------------------------------
-- not recursive
entrypoint indirect :: [Word] >>= [Word]
indirect[t0] =
  t1 <- lshr((t0, 16))
  and((t1, 255))

-----------------------------------------
-- not recursive
entrypoint indirect1 :: [Word] >>= [Word]
indirect1[t0] =
  t1 <- lshr((t0, 16))
  and((t1, 255))

-----------------------------------------
-- not recursive
entrypoint indirect2 :: [Word] >>= [Word]
indirect2[t0] =
  t1 <- lshr((t0, 16))
  and((t1, 255))

-----------------------------------------
-- not recursive
entrypoint mdirect :: [Word, Word] >>= [Word]
mdirect[t0, t1] =
  t2 <- lshr((t0, 30))
  t3 <- shl((t1, 2))
  t4 <- or((t2, t3))
  and((t4, 255))

-----------------------------------------
-- not recursive
entrypoint mindirect :: [Word, Word] >>= [Word]
mindirect[t0, t1] =
  t2 <- lshr((t0, 30))
  t3 <- shl((t1, 2))
  t4 <- or((t2, t3))
  and((t4, 255))

-----------------------------------------
-- not recursive
entrypoint mindirect1 :: [Word, Word] >>= [Word]
mindirect1[t0, t1] =
  t2 <- lshr((t0, 30))
  t3 <- shl((t1, 2))
  t4 <- and((t3, 252))
  or((t2, t4))

-----------------------------------------
-- Entrypoints: direct indirect indirect1 indirect2 mdirect mindirect mindirect1
