data Unit
  = Unit

-----------------------------------------
-- not recursive
s0 :: Unit
s0 <-
  Unit()

-----------------------------------------
-- not recursive
entrypoint zero :: [Unit] >>= [Unit]
zero[t0] =
  return s0

-----------------------------------------
-- not recursive
entrypoint zero1 :: [Unit] >>= [Bit 1]
zero1[t0] =
  return flag0

-----------------------------------------
-- not recursive
entrypoint one1 :: [Unit] >>= [Bit 1]
one1[t0] =
  return flag1

-----------------------------------------
-- not recursive
entrypoint blit42 :: [Unit] >>= [Bit 32]
blit42[t0] =
  return 42

-----------------------------------------
-- not recursive
entrypoint blit10 :: [Unit] >>= [Bit 32]
blit10[t0] =
  return 10

-----------------------------------------
-- not recursive
entrypoint blit48 :: [Unit] >>= [Bit 32]
blit48[t0] =
  return 48

-----------------------------------------
-- not recursive
entrypoint four12 :: [Unit] >>= [Bit 32]
four12[t0] =
  return 4

-----------------------------------------
-- not recursive
entrypoint four31 :: [Unit] >>= [Bit 32]
four31[t0] =
  return 4

-----------------------------------------
-- not recursive
entrypoint four32 :: [Unit] >>= [Bit 32]
four32[t0] =
  return 4

-----------------------------------------
-- not recursive
entrypoint four33 :: [Unit] >>= [Bit 32, Bit 32]
four33[t0] =
  return [4, 0]

-----------------------------------------
-- not recursive
entrypoint four64 :: [Unit] >>= [Bit 32, Bit 32]
four64[t0] =
  return [4, 0]

-----------------------------------------
-- not recursive
entrypoint four72 :: [Unit] >>= [Bit 32, Bit 32, Bit 32]
four72[t0] =
  return [4, 0, 0]

-----------------------------------------
-- Entrypoints: zero zero1 one1 blit42 blit10 blit48 four12 four31 four32 four33 four64 four72
