ERROR: "actual/main/gens/primBitConcat-neg-64.lc", line 3
external cat_2_2   {:#  2  2  3} :: Bit 2  -> Bit 2  -> Bit 2
         ^
No generated implementation: 3 is not the sum of 2 and 2

ERROR: "actual/main/gens/primBitConcat-neg-64.lc", line 4
external cat_12_12 {:# 12 12 32} :: Bit 12 -> Bit 12 -> Bit 12
         ^
No generated implementation: 32 is not the sum of 12 and 12

ERROR: "actual/main/gens/primBitConcat-neg-64.lc", line 5
external cat_16_16 {:# 16 16 30} :: Bit 16 -> Bit 16 -> Bit 30
         ^
No generated implementation: 30 is not the sum of 16 and 16

ERROR: "actual/main/gens/primBitConcat-neg-64.lc", line 6
external cat_32_16 {:# 32 16 54} :: Bit 32 -> Bit 16 -> Bit 54
         ^
No generated implementation: 54 is not the sum of 32 and 16

ERROR: "actual/main/gens/primBitConcat-neg-64.lc", line 7
external cat_32_32 {:# 32 32 72} :: Bit 32 -> Bit 32 -> Bit 72
         ^
No generated implementation: 72 is not the sum of 32 and 32

ERROR: Aborting after 5 previously reported errors

