data Unit
  = Unit

-----------------------------------------
-- not recursive
entrypoint decIx1 :: [Unit] >>= [Bit 1]
decIx1[t0] =
  return flag1

-----------------------------------------
-- not recursive
entrypoint decIx2 :: [Bit 1] >>= [Bit 32]
decIx2[t0] =
  t1 <- flagToWord((t0))
  t2 <- add((t1, 3))
  and((t2, 2))

-----------------------------------------
-- not recursive
entrypoint decIx7 :: [Bit 32] >>= [Bit 32]
decIx7[t0] =
  t1 <- add((t0, -1))
  and((t1, 7))

-----------------------------------------
-- not recursive
entrypoint decIx31 :: [Bit 32] >>= [Bit 32]
decIx31[t0] =
  t1 <- add((t0, -1))
  and((t1, 31))

-----------------------------------------
-- not recursive
entrypoint decIx65535 :: [Bit 32] >>= [Bit 32]
decIx65535[t0] =
  t1 <- add((t0, -1))
  and((t1, 65535))

-----------------------------------------
-- Entrypoints: decIx1 decIx2 decIx7 decIx31 decIx65535
