data Unit
  = Unit

-----------------------------------------
-- not recursive
entrypoint max1 :: Unit
max1 <-
  Unit()

-----------------------------------------
-- not recursive
entrypoint max2 :: Bit 1
max2 <-
  return flag1

-----------------------------------------
-- not recursive
entrypoint max12 :: Bit 32
max12 <-
  return 11

-----------------------------------------
-- not recursive
entrypoint max32 :: Bit 32
max32 <-
  return 31

-----------------------------------------
-- not recursive
entrypoint max256 :: Bit 32
max256 <-
  return 255

-----------------------------------------
-- not recursive
entrypoint max257 :: Bit 32
max257 <-
  return 256

-----------------------------------------
-- not recursive
entrypoint max1G :: Bit 32
max1G <-
  return 1073741823

-----------------------------------------
-- Entrypoints: max1 max2 max12 max32 max256 max257 max1G
