data Unit
  = Unit

-----------------------------------------
-- not recursive
s1 :: Unit
s1 <-
  Unit()

-----------------------------------------
-- not recursive
entrypoint ix1 :: [Unit] >>= [Unit]
ix1[t0] =
  return s1

-----------------------------------------
-- not recursive
entrypoint ix2 :: [Unit] >>= [Bit 1]
ix2[t0] =
  return flag1

-----------------------------------------
-- not recursive
entrypoint ix12 :: [Unit] >>= [Bit 64]
ix12[t0] =
  return 8

-----------------------------------------
-- not recursive
entrypoint ix32 :: [Unit] >>= [Bit 64]
ix32[t0] =
  return 17

-----------------------------------------
-- not recursive
entrypoint ix256 :: [Unit] >>= [Bit 64]
ix256[t0] =
  return 8

-----------------------------------------
-- not recursive
entrypoint ix1G :: [Unit] >>= [Bit 64]
ix1G[t0] =
  return 68

-----------------------------------------
-- not recursive
entrypoint ix2G :: [Unit] >>= [Bit 64]
ix2G[t0] =
  return 1073741824

-----------------------------------------
-- not recursive
entrypoint ix3G :: [Unit] >>= [Bit 64]
ix3G[t0] =
  return 2147483648

-----------------------------------------
-- not recursive
entrypoint ix4G :: [Unit] >>= [Bit 64]
ix4G[t0] =
  return 3221225472

-----------------------------------------
-- Entrypoints: ix1 ix2 ix12 ix32 ix256 ix1G ix2G ix3G ix4G
