data Unit
  = Unit

-----------------------------------------
-- not recursive
s1 :: Unit
s1 <-
  Unit()

-----------------------------------------
-- not recursive
entrypoint nullHi0 :: [Unit] >>= [Unit]
nullHi0[t0] =
  return s1

-----------------------------------------
-- not recursive
entrypoint flagHi0 :: [Bit 1] >>= [Unit]
flagHi0[t0] =
  return s1

-----------------------------------------
-- not recursive
entrypoint flagHi1 :: [Bit 1] >>= [Bit 1]
flagHi1[t0] =
  return t0

-----------------------------------------
-- not recursive
entrypoint byteHi0 :: [Bit 32] >>= [Unit]
byteHi0[t0] =
  return s1

-----------------------------------------
-- not recursive
entrypoint byteHi1 :: [Bit 32] >>= [Bit 1]
byteHi1[t0] =
  t1 <- and((t0, 128))
  primNeq((t1, 0))

-----------------------------------------
-- not recursive
entrypoint byteHi2 :: [Bit 32] >>= [Bit 32]
byteHi2[t0] =
  lshr((t0, 6))

-----------------------------------------
-- not recursive
entrypoint byteHi3 :: [Bit 32] >>= [Bit 32]
byteHi3[t0] =
  lshr((t0, 5))

-----------------------------------------
-- not recursive
entrypoint byteHi4 :: [Bit 32] >>= [Bit 32]
byteHi4[t0] =
  lshr((t0, 4))

-----------------------------------------
-- not recursive
entrypoint byteHi5 :: [Bit 32] >>= [Bit 32]
byteHi5[t0] =
  lshr((t0, 3))

-----------------------------------------
-- not recursive
entrypoint byteHi6 :: [Bit 32] >>= [Bit 32]
byteHi6[t0] =
  lshr((t0, 2))

-----------------------------------------
-- not recursive
entrypoint byteHi7 :: [Bit 32] >>= [Bit 32]
byteHi7[t0] =
  lshr((t0, 1))

-----------------------------------------
-- not recursive
entrypoint byteHi8 :: [Bit 32] >>= [Bit 32]
byteHi8[t0] =
  return t0

-----------------------------------------
-- not recursive
entrypoint intHi0 :: [Bit 32] >>= [Unit]
intHi0[t0] =
  return s1

-----------------------------------------
-- not recursive
entrypoint intHi1 :: [Bit 32] >>= [Bit 1]
intHi1[t0] =
  t1 <- and((t0, -2147483648))
  primNeq((t1, 0))

-----------------------------------------
-- not recursive
entrypoint intHi2 :: [Bit 32] >>= [Bit 32]
intHi2[t0] =
  lshr((t0, 30))

-----------------------------------------
-- not recursive
entrypoint intHi3 :: [Bit 32] >>= [Bit 32]
intHi3[t0] =
  lshr((t0, 29))

-----------------------------------------
-- not recursive
entrypoint intHi4 :: [Bit 32] >>= [Bit 32]
intHi4[t0] =
  lshr((t0, 28))

-----------------------------------------
-- not recursive
entrypoint intHi5 :: [Bit 32] >>= [Bit 32]
intHi5[t0] =
  lshr((t0, 27))

-----------------------------------------
-- not recursive
entrypoint intHi6 :: [Bit 32] >>= [Bit 32]
intHi6[t0] =
  lshr((t0, 26))

-----------------------------------------
-- not recursive
entrypoint intHi7 :: [Bit 32] >>= [Bit 32]
intHi7[t0] =
  lshr((t0, 25))

-----------------------------------------
-- not recursive
entrypoint intHi8 :: [Bit 32] >>= [Bit 32]
intHi8[t0] =
  lshr((t0, 24))

-----------------------------------------
-- not recursive
entrypoint intHi30 :: [Bit 32] >>= [Bit 32]
intHi30[t0] =
  lshr((t0, 2))

-----------------------------------------
-- not recursive
entrypoint intHi31 :: [Bit 32] >>= [Bit 32]
intHi31[t0] =
  lshr((t0, 1))

-----------------------------------------
-- not recursive
entrypoint intHi32 :: [Bit 32] >>= [Bit 32]
intHi32[t0] =
  return t0

-----------------------------------------
-- not recursive
entrypoint midHi0 :: [Bit 32, Bit 32] >>= [Unit]
midHi0[t0, t1] =
  return s1

-----------------------------------------
-- not recursive
entrypoint midHi1 :: [Bit 32, Bit 32] >>= [Bit 1]
midHi1[t0, t1] =
  t2 <- and((t1, 32768))
  primNeq((t2, 0))

-----------------------------------------
-- not recursive
entrypoint midHi2 :: [Bit 32, Bit 32] >>= [Bit 32]
midHi2[t0, t1] =
  lshr((t1, 14))

-----------------------------------------
-- not recursive
entrypoint midHi4 :: [Bit 32, Bit 32] >>= [Bit 32]
midHi4[t0, t1] =
  lshr((t1, 12))

-----------------------------------------
-- not recursive
entrypoint midHi9 :: [Bit 32, Bit 32] >>= [Bit 32]
midHi9[t0, t1] =
  lshr((t1, 7))

-----------------------------------------
-- not recursive
entrypoint midHi16 :: [Bit 32, Bit 32] >>= [Bit 32]
midHi16[t0, t1] =
  return t1

-----------------------------------------
-- not recursive
entrypoint midHi17 :: [Bit 32, Bit 32] >>= [Bit 32]
midHi17[t0, t1] =
  t2 <- lshr((t0, 31))
  t3 <- shl((t1, 1))
  or((t2, t3))

-----------------------------------------
-- not recursive
entrypoint midHi18 :: [Bit 32, Bit 32] >>= [Bit 32]
midHi18[t0, t1] =
  t2 <- lshr((t0, 30))
  t3 <- shl((t1, 2))
  or((t2, t3))

-----------------------------------------
-- not recursive
entrypoint midHi24 :: [Bit 32, Bit 32] >>= [Bit 32]
midHi24[t0, t1] =
  t2 <- lshr((t0, 24))
  t3 <- shl((t1, 8))
  or((t2, t3))

-----------------------------------------
-- not recursive
entrypoint midHi32 :: [Bit 32, Bit 32] >>= [Bit 32]
midHi32[t0, t1] =
  t2 <- lshr((t0, 16))
  t3 <- shl((t1, 16))
  or((t2, t3))

-----------------------------------------
-- not recursive
entrypoint midHi40 :: [Bit 32, Bit 32] >>= [Bit 32, Bit 32]
midHi40[t0, t1] =
  t2 <- lshr((t0, 8))
  t3 <- shl((t1, 24))
  t4 <- or((t2, t3))
  t5 <- lshr((t1, 8))
  return [t4, t5]

-----------------------------------------
-- not recursive
entrypoint midHi47 :: [Bit 32, Bit 32] >>= [Bit 32, Bit 32]
midHi47[t0, t1] =
  t2 <- lshr((t0, 1))
  t3 <- shl((t1, 31))
  t4 <- or((t2, t3))
  t5 <- lshr((t1, 1))
  return [t4, t5]

-----------------------------------------
-- not recursive
entrypoint midHi48 :: [Bit 32, Bit 32] >>= [Bit 32, Bit 32]
midHi48[t0, t1] =
  return [t0, t1]

-----------------------------------------
-- not recursive
entrypoint longHi0 :: [Bit 32, Bit 32] >>= [Unit]
longHi0[t0, t1] =
  return s1

-----------------------------------------
-- not recursive
entrypoint longHi1 :: [Bit 32, Bit 32] >>= [Bit 1]
longHi1[t0, t1] =
  t2 <- and((t1, -2147483648))
  primNeq((t2, 0))

-----------------------------------------
-- not recursive
entrypoint longHi2 :: [Bit 32, Bit 32] >>= [Bit 32]
longHi2[t0, t1] =
  lshr((t1, 30))

-----------------------------------------
-- not recursive
entrypoint longHi4 :: [Bit 32, Bit 32] >>= [Bit 32]
longHi4[t0, t1] =
  lshr((t1, 28))

-----------------------------------------
-- not recursive
entrypoint longHi9 :: [Bit 32, Bit 32] >>= [Bit 32]
longHi9[t0, t1] =
  lshr((t1, 23))

-----------------------------------------
-- not recursive
entrypoint longHi16 :: [Bit 32, Bit 32] >>= [Bit 32]
longHi16[t0, t1] =
  lshr((t1, 16))

-----------------------------------------
-- not recursive
entrypoint longHi17 :: [Bit 32, Bit 32] >>= [Bit 32]
longHi17[t0, t1] =
  lshr((t1, 15))

-----------------------------------------
-- not recursive
entrypoint longHi18 :: [Bit 32, Bit 32] >>= [Bit 32]
longHi18[t0, t1] =
  lshr((t1, 14))

-----------------------------------------
-- not recursive
entrypoint longHi24 :: [Bit 32, Bit 32] >>= [Bit 32]
longHi24[t0, t1] =
  lshr((t1, 8))

-----------------------------------------
-- not recursive
entrypoint longHi32 :: [Bit 32, Bit 32] >>= [Bit 32]
longHi32[t0, t1] =
  return t1

-----------------------------------------
-- not recursive
entrypoint longHi40 :: [Bit 32, Bit 32] >>= [Bit 32, Bit 32]
longHi40[t0, t1] =
  t2 <- lshr((t0, 24))
  t3 <- shl((t1, 8))
  t4 <- or((t2, t3))
  t5 <- lshr((t1, 24))
  return [t4, t5]

-----------------------------------------
-- not recursive
entrypoint longHi47 :: [Bit 32, Bit 32] >>= [Bit 32, Bit 32]
longHi47[t0, t1] =
  t2 <- lshr((t0, 17))
  t3 <- shl((t1, 15))
  t4 <- or((t2, t3))
  t5 <- lshr((t1, 17))
  return [t4, t5]

-----------------------------------------
-- not recursive
entrypoint longHi48 :: [Bit 32, Bit 32] >>= [Bit 32, Bit 32]
longHi48[t0, t1] =
  t2 <- lshr((t0, 16))
  t3 <- shl((t1, 16))
  t4 <- or((t2, t3))
  t5 <- lshr((t1, 16))
  return [t4, t5]

-----------------------------------------
-- not recursive
entrypoint longHi54 :: [Bit 32, Bit 32] >>= [Bit 32, Bit 32]
longHi54[t0, t1] =
  t2 <- lshr((t0, 10))
  t3 <- shl((t1, 22))
  t4 <- or((t2, t3))
  t5 <- lshr((t1, 10))
  return [t4, t5]

-----------------------------------------
-- not recursive
entrypoint longHi60 :: [Bit 32, Bit 32] >>= [Bit 32, Bit 32]
longHi60[t0, t1] =
  t2 <- lshr((t0, 4))
  t3 <- shl((t1, 28))
  t4 <- or((t2, t3))
  t5 <- lshr((t1, 4))
  return [t4, t5]

-----------------------------------------
-- not recursive
entrypoint longHi62 :: [Bit 32, Bit 32] >>= [Bit 32, Bit 32]
longHi62[t0, t1] =
  t2 <- lshr((t0, 2))
  t3 <- shl((t1, 30))
  t4 <- or((t2, t3))
  t5 <- lshr((t1, 2))
  return [t4, t5]

-----------------------------------------
-- not recursive
entrypoint longHi63 :: [Bit 32, Bit 32] >>= [Bit 32, Bit 32]
longHi63[t0, t1] =
  t2 <- lshr((t0, 1))
  t3 <- shl((t1, 31))
  t4 <- or((t2, t3))
  t5 <- lshr((t1, 1))
  return [t4, t5]

-----------------------------------------
-- not recursive
entrypoint longHi64 :: [Bit 32, Bit 32] >>= [Bit 32, Bit 32]
longHi64[t0, t1] =
  return [t0, t1]

-----------------------------------------
-- Entrypoints: nullHi0 flagHi0 flagHi1 byteHi0 byteHi1 byteHi2 byteHi3 byteHi4 byteHi5 byteHi6 byteHi7 byteHi8 intHi0 intHi1 intHi2 intHi3 intHi4 intHi5 intHi6 intHi7 intHi8 intHi30 intHi31 intHi32 midHi0 midHi1 midHi2 midHi4 midHi9 midHi16 midHi17 midHi18 midHi24 midHi32 midHi40 midHi47 midHi48 longHi0 longHi1 longHi2 longHi4 longHi9 longHi16 longHi17 longHi18 longHi24 longHi32 longHi40 longHi47 longHi48 longHi54 longHi60 longHi62 longHi63 longHi64
