data Unit
  = Unit

-----------------------------------------
-- not recursive
entrypoint shrix2_1 :: [Bit 1, Unit] >>= [Bit 1]
shrix2_1[t0, t1] =
  return t0

-----------------------------------------
-- not recursive
entrypoint shrix4_2 :: [Bit 32, Bit 1] >>= [Bit 32]
shrix4_2[t0, t1] =
  t2 <- flagToWord((t1))
  lshr((t0, t2))

-----------------------------------------
-- not recursive
entrypoint shrix8_3 :: [Bit 32, Bit 32] >>= [Bit 32]
shrix8_3[t0, t1] =
  lshr((t0, t1))

-----------------------------------------
-- not recursive
entrypoint shrix1K_10 :: [Bit 32, Bit 32] >>= [Bit 32]
shrix1K_10[t0, t1] =
  lshr((t0, t1))

-----------------------------------------
-- not recursive
entrypoint shrix1G_30 :: [Bit 32, Bit 32] >>= [Bit 32]
shrix1G_30[t0, t1] =
  lshr((t0, t1))

-----------------------------------------
-- not recursive
entrypoint primIxShiftR16 :: [Bit 32, Bit 32] >>= [Bit 32]
primIxShiftR16[t0, t1] =
  lshr((t0, t1))

-----------------------------------------
-- not recursive
entrypoint primIxShiftR4K :: [Bit 32, Bit 32] >>= [Bit 32]
primIxShiftR4K[t0, t1] =
  lshr((t0, t1))

-----------------------------------------
-- Entrypoints: shrix2_1 shrix4_2 shrix8_3 shrix1K_10 shrix1G_30 primIxShiftR16 primIxShiftR4K
