data Maybe0
  = Nothing0
  | Just1 Word

-----------------------------------------
-- not recursive
b9 :: forall (a :: *). [a] >>= [a]
b9[t0] =
  return t0

-----------------------------------------
-- not recursive
b8 :: forall (a :: tuple). [[Word] ->> a, Word] >>= a
b8[t0, t1] =
  t2 <- add((t1, -1))
  t0 @ t2

-----------------------------------------
-- not recursive
entrypoint genDecM1 :: [Maybe0, [Word] ->> [Maybe0], Word] >>= [Maybe0]
genDecM1[t0, t1, t2] =
  t3 <- primUgt((t2, 0))
  if t3
    then b8[t1, t2]
    else b9[t0]

-----------------------------------------
-- not recursive
entrypoint genDecM7 :: [Maybe0, [Word] ->> [Maybe0], Word] >>= [Maybe0]
genDecM7[t0, t1, t2] =
  t3 <- primUgt((t2, 0))
  if t3
    then b8[t1, t2]
    else b9[t0]

-----------------------------------------
-- not recursive
entrypoint genDecM64 :: [Maybe0, [Word] ->> [Maybe0], Word] >>= [Maybe0]
genDecM64[t0, t1, t2] =
  t3 <- primUgt((t2, 0))
  if t3
    then b8[t1, t2]
    else b9[t0]

-----------------------------------------
-- not recursive
Nothing :: Maybe0
Nothing <-
  Nothing0()

-----------------------------------------
-- not recursive
b30 :: [] >>= [Maybe0]
b30[] =
  return Nothing

-----------------------------------------
-- not recursive
b29 :: [Word] >>= [Maybe0]
b29[t0] =
  t1 <- add((t0, -1))
  Just1(t1)

-----------------------------------------
-- not recursive
entrypoint decIx1 :: [Word] >>= [Maybe0]
decIx1[t0] =
  t1 <- primUgt((t0, 0))
  if t1
    then b29[t0]
    else b30[]

-----------------------------------------
-- not recursive
entrypoint decIx7 :: [Word] >>= [Maybe0]
decIx7[t0] =
  t1 <- primUgt((t0, 0))
  if t1
    then b29[t0]
    else b30[]

-----------------------------------------
-- not recursive
entrypoint decIx64 :: [Word] >>= [Maybe0]
decIx64[t0] =
  t1 <- primUgt((t0, 0))
  if t1
    then b29[t0]
    else b30[]

-----------------------------------------
-- Entrypoints: genDecM1 genDecM7 genDecM64 decIx1 decIx7 decIx64
