data Unit
  = Unit

-----------------------------------------
-- not recursive
entrypoint genIncF1 :: [Bit 1, [Unit] ->> [Bit 1], Unit] >>= [Bit 1]
genIncF1[t0, t1, t2] =
  return t0

-----------------------------------------
-- not recursive
entrypoint genIncW1 :: [Bit 32, [Unit] ->> [Bit 32], Unit] >>= [Bit 32]
genIncW1[t0, t1, t2] =
  return t0

-----------------------------------------
-- not recursive
entrypoint genIncI1 :: [Unit, [Unit] ->> [Unit], Unit] >>= [Unit]
genIncI1[t0, t1, t2] =
  return t0

-----------------------------------------
-- not recursive
entrypoint genIncB1 :: [Bit 32, Bit 32, [Unit] ->> [Bit 32, Bit 32], Unit] >>= [Bit 32, Bit 32]
genIncB1[t0, t1, t2, t3] =
  return [t0, t1]

-----------------------------------------
-- not recursive
entrypoint genIncM1 :: [Bit 1, [Unit] ->> [Bit 1], Unit] >>= [Bit 1]
genIncM1[t0, t1, t2] =
  return t0

-----------------------------------------
-- not recursive
b30 :: forall (a :: tuple). [[Bit 1] ->> a] >>= a
b30[t0] =
  t0 @ flag1

-----------------------------------------
-- not recursive
b31 :: forall (a :: *). [a] >>= [a]
b31[t0] =
  return t0

-----------------------------------------
-- not recursive
entrypoint genIncF2 :: [Bit 1, [Bit 1] ->> [Bit 1], Bit 1] >>= [Bit 1]
genIncF2[t0, t1, t2] =
  if t2
    then b31[t0]
    else b30[t1]

-----------------------------------------
-- not recursive
entrypoint genIncW2 :: [Bit 32, [Bit 1] ->> [Bit 32], Bit 1] >>= [Bit 32]
genIncW2[t0, t1, t2] =
  if t2
    then b31[t0]
    else b30[t1]

-----------------------------------------
-- not recursive
entrypoint genIncI2 :: [Unit, [Bit 1] ->> [Unit], Bit 1] >>= [Unit]
genIncI2[t0, t1, t2] =
  if t2
    then b31[t0]
    else b30[t1]

-----------------------------------------
-- not recursive
b40 :: forall (a :: *) (b :: *). [a, b] >>= [a, b]
b40[t0, t1] =
  return [t0, t1]

-----------------------------------------
-- not recursive
entrypoint genIncB2 :: [Bit 32, Bit 32, [Bit 1] ->> [Bit 32, Bit 32], Bit 1] >>= [Bit 32, Bit 32]
genIncB2[t0, t1, t2, t3] =
  if t3
    then b40[t0, t1]
    else b30[t2]

-----------------------------------------
-- not recursive
entrypoint genIncM2 :: [Bit 32, [Bit 1] ->> [Bit 32], Bit 1] >>= [Bit 32]
genIncM2[t0, t1, t2] =
  if t2
    then b31[t0]
    else b30[t1]

-----------------------------------------
-- not recursive
b45 :: forall (a :: tuple). [[Bit 32] ->> a, Bit 32] >>= a
b45[t0, t1] =
  t2 <- add((t1, 1))
  t0 @ t2

-----------------------------------------
-- not recursive
entrypoint genIncF7 :: [Bit 1, [Bit 32] ->> [Bit 1], Bit 32] >>= [Bit 1]
genIncF7[t0, t1, t2] =
  t3 <- primUlt((t2, 6))
  if t3
    then b45[t1, t2]
    else b31[t0]

-----------------------------------------
-- not recursive
entrypoint genIncW7 :: [Bit 32, [Bit 32] ->> [Bit 32], Bit 32] >>= [Bit 32]
genIncW7[t0, t1, t2] =
  t3 <- primUlt((t2, 6))
  if t3
    then b45[t1, t2]
    else b31[t0]

-----------------------------------------
-- not recursive
entrypoint genIncI7 :: [Bit 32, [Bit 32] ->> [Bit 32], Bit 32] >>= [Bit 32]
genIncI7[t0, t1, t2] =
  t3 <- primUlt((t2, 6))
  if t3
    then b45[t1, t2]
    else b31[t0]

-----------------------------------------
-- not recursive
entrypoint genIncB7 :: [Bit 32, Bit 32, [Bit 32] ->> [Bit 32, Bit 32], Bit 32] >>= [Bit 32, Bit 32]
genIncB7[t0, t1, t2, t3] =
  t4 <- primUlt((t3, 6))
  if t4
    then b45[t2, t3]
    else b40[t0, t1]

-----------------------------------------
-- not recursive
entrypoint genIncM7 :: [Bit 32, [Bit 32] ->> [Bit 32], Bit 32] >>= [Bit 32]
genIncM7[t0, t1, t2] =
  t3 <- primUlt((t2, 6))
  if t3
    then b45[t1, t2]
    else b31[t0]

-----------------------------------------
-- not recursive
entrypoint genIncF64 :: [Bit 1, [Bit 32] ->> [Bit 1], Bit 32] >>= [Bit 1]
genIncF64[t0, t1, t2] =
  t3 <- primUlt((t2, 63))
  if t3
    then b45[t1, t2]
    else b31[t0]

-----------------------------------------
-- not recursive
entrypoint genIncW64 :: [Bit 32, [Bit 32] ->> [Bit 32], Bit 32] >>= [Bit 32]
genIncW64[t0, t1, t2] =
  t3 <- primUlt((t2, 63))
  if t3
    then b45[t1, t2]
    else b31[t0]

-----------------------------------------
-- not recursive
entrypoint genIncI64 :: [Bit 32, [Bit 32] ->> [Bit 32], Bit 32] >>= [Bit 32]
genIncI64[t0, t1, t2] =
  t3 <- primUlt((t2, 63))
  if t3
    then b45[t1, t2]
    else b31[t0]

-----------------------------------------
-- not recursive
entrypoint genIncB64 :: [Bit 32, Bit 32, [Bit 32] ->> [Bit 32, Bit 32], Bit 32] >>= [Bit 32, Bit 32]
genIncB64[t0, t1, t2, t3] =
  t4 <- primUlt((t3, 63))
  if t4
    then b45[t2, t3]
    else b40[t0, t1]

-----------------------------------------
-- not recursive
entrypoint genIncM64 :: [Bit 32, [Bit 32] ->> [Bit 32], Bit 32] >>= [Bit 32]
genIncM64[t0, t1, t2] =
  t3 <- primUlt((t2, 63))
  if t3
    then b45[t1, t2]
    else b31[t0]

-----------------------------------------
-- not recursive
entrypoint incIx1 :: [Unit] >>= [Bit 1]
incIx1[t0] =
  return flag0

-----------------------------------------
-- not recursive
b88 :: [] >>= [Bit 32]
b88[] =
  return 7

-----------------------------------------
-- not recursive
b87 :: [Bit 32] >>= [Bit 32]
b87[t0] =
  add((t0, 1))

-----------------------------------------
-- not recursive
entrypoint incIx7 :: [Bit 32] >>= [Bit 32]
incIx7[t0] =
  t1 <- primUlt((t0, 6))
  if t1
    then b87[t0]
    else b88[]

-----------------------------------------
-- not recursive
b90 :: [] >>= [Bit 32]
b90[] =
  return 0

-----------------------------------------
-- not recursive
b89 :: [Bit 32] >>= [Bit 32]
b89[t0] =
  t1 <- shl((t0, 1))
  t2 <- add((t1, 2))
  or((t2, 1))

-----------------------------------------
-- not recursive
entrypoint incIx64 :: [Bit 32] >>= [Bit 32]
incIx64[t0] =
  t1 <- primUlt((t0, 63))
  if t1
    then b89[t0]
    else b90[]

-----------------------------------------
-- Entrypoints: genIncF1 genIncW1 genIncI1 genIncB1 genIncM1 genIncF2 genIncW2 genIncI2 genIncB2 genIncM2 genIncF7 genIncW7 genIncI7 genIncB7 genIncM7 genIncF64 genIncW64 genIncI64 genIncB64 genIncM64 incIx1 incIx7 incIx64
