-----------------------------------------
-- not recursive
b25 :: [Word] >>= [Word]
b25[t0] =
  t1 <- lshr((t0, 16))
  t2 <- and((t1, 255))
  return t2

-----------------------------------------
-- not recursive
k18 :: {} [Word] ->> [Word]
k18{} t0 = b25[t0]

-----------------------------------------
-- not recursive
select32_8_16 :: [Word] ->> [Word]
select32_8_16 <-
  k18{}

-----------------------------------------
-- not recursive
direct_impl :: [Word] ->> [Word]
direct_impl <-
  return select32_8_16

-----------------------------------------
-- not recursive
entrypoint direct :: [Word] >>= [Word]
direct[t0] =
  direct_impl @ t0

-----------------------------------------
-- not recursive
b26 :: [Word] >>= [Word]
b26[t0] =
  t1 <- lshr((t0, 16))
  return t1

-----------------------------------------
-- not recursive
k19 :: {} [Word] ->> [Word]
k19{} t0 = b26[t0]

-----------------------------------------
-- not recursive
hi32_16 :: [Word] ->> [Word]
hi32_16 <-
  k19{}

-----------------------------------------
-- not recursive
b27 :: [Word] >>= [Word]
b27[t0] =
  t1 <- return t0
  t2 <- and((t1, 255))
  return t2

-----------------------------------------
-- not recursive
k20 :: {} [Word] ->> [Word]
k20{} t0 = b27[t0]

-----------------------------------------
-- not recursive
lo16_8 :: [Word] ->> [Word]
lo16_8 <-
  k20{}

-----------------------------------------
-- not recursive
b24 :: [Word] >>= [Word]
b24[t0] =
  t1 <- hi32_16 @ t0
  lo16_8 @ t1

-----------------------------------------
-- not recursive
k17 :: {} [Word] ->> [Word]
k17{} t0 = b24[t0]

-----------------------------------------
-- not recursive
indirect_impl :: [Word] ->> [Word]
indirect_impl <-
  k17{}

-----------------------------------------
-- not recursive
entrypoint indirect :: [Word] >>= [Word]
indirect[t0] =
  indirect_impl @ t0

-----------------------------------------
-- not recursive
b28 :: [Word] >>= [Word]
b28[t0] =
  t1 <- return t0
  t2 <- and((t1, 16777215))
  return t2

-----------------------------------------
-- not recursive
k21 :: {} [Word] ->> [Word]
k21{} t0 = b28[t0]

-----------------------------------------
-- not recursive
lo32_24 :: [Word] ->> [Word]
lo32_24 <-
  k21{}

-----------------------------------------
-- not recursive
b29 :: [Word] >>= [Word]
b29[t0] =
  t1 <- lshr((t0, 16))
  return t1

-----------------------------------------
-- not recursive
k22 :: {} [Word] ->> [Word]
k22{} t0 = b29[t0]

-----------------------------------------
-- not recursive
hi24_8 :: [Word] ->> [Word]
hi24_8 <-
  k22{}

-----------------------------------------
-- not recursive
b23 :: [Word] >>= [Word]
b23[t0] =
  t1 <- lo32_24 @ t0
  hi24_8 @ t1

-----------------------------------------
-- not recursive
k16 :: {} [Word] ->> [Word]
k16{} t0 = b23[t0]

-----------------------------------------
-- not recursive
indirect1_impl :: [Word] ->> [Word]
indirect1_impl <-
  k16{}

-----------------------------------------
-- not recursive
entrypoint indirect1 :: [Word] >>= [Word]
indirect1[t0] =
  indirect1_impl @ t0

-----------------------------------------
-- not recursive
b30 :: [Word] >>= [Word]
b30[t0] =
  t1 <- lshr((t0, 8))
  return t1

-----------------------------------------
-- not recursive
k23 :: {} [Word] ->> [Word]
k23{} t0 = b30[t0]

-----------------------------------------
-- not recursive
hi32_24 :: [Word] ->> [Word]
hi32_24 <-
  k23{}

-----------------------------------------
-- not recursive
b31 :: [Word] >>= [Word]
b31[t0] =
  t1 <- return t0
  t2 <- and((t1, 1048575))
  return t2

-----------------------------------------
-- not recursive
k24 :: {} [Word] ->> [Word]
k24{} t0 = b31[t0]

-----------------------------------------
-- not recursive
lo24_20 :: [Word] ->> [Word]
lo24_20 <-
  k24{}

-----------------------------------------
-- not recursive
b32 :: [Word] >>= [Word]
b32[t0] =
  t1 <- lshr((t0, 8))
  return t1

-----------------------------------------
-- not recursive
k25 :: {} [Word] ->> [Word]
k25{} t0 = b32[t0]

-----------------------------------------
-- not recursive
hi20_12 :: [Word] ->> [Word]
hi20_12 <-
  k25{}

-----------------------------------------
-- not recursive
b33 :: [Word] >>= [Word]
b33[t0] =
  t1 <- return t0
  t2 <- and((t1, 255))
  return t2

-----------------------------------------
-- not recursive
k26 :: {} [Word] ->> [Word]
k26{} t0 = b33[t0]

-----------------------------------------
-- not recursive
lo12_8 :: [Word] ->> [Word]
lo12_8 <-
  k26{}

-----------------------------------------
-- not recursive
b22 :: [Word] >>= [Word]
b22[t0] =
  t1 <- hi32_24 @ t0
  t2 <- lo24_20 @ t1
  t3 <- hi20_12 @ t2
  lo12_8 @ t3

-----------------------------------------
-- not recursive
k15 :: {} [Word] ->> [Word]
k15{} t0 = b22[t0]

-----------------------------------------
-- not recursive
indirect2_impl :: [Word] ->> [Word]
indirect2_impl <-
  k15{}

-----------------------------------------
-- not recursive
entrypoint indirect2 :: [Word] >>= [Word]
indirect2[t0] =
  indirect2_impl @ t0

-----------------------------------------
-- not recursive
b34 :: [Word, Word] >>= [Word]
b34[t0, t1] =
  t2 <- lshr((t0, 30))
  t3 <- shl((t1, 2))
  t4 <- or((t2, t3))
  t5 <- and((t4, 255))
  return t5

-----------------------------------------
-- not recursive
k27 :: {} [Word, Word] ->> [Word]
k27{} [t0, t1] = b34[t0, t1]

-----------------------------------------
-- not recursive
select64_8_30 :: [Word, Word] ->> [Word]
select64_8_30 <-
  k27{}

-----------------------------------------
-- not recursive
mdirect_impl :: [Word, Word] ->> [Word]
mdirect_impl <-
  return select64_8_30

-----------------------------------------
-- not recursive
entrypoint mdirect :: [Word, Word] >>= [Word]
mdirect[t0, t1] =
  mdirect_impl @ [t0, t1]

-----------------------------------------
-- not recursive
b35 :: [Word, Word] >>= [Word, Word]
b35[t0, t1] =
  t2 <- lshr((t0, 30))
  t3 <- shl((t1, 2))
  t4 <- or((t2, t3))
  t5 <- lshr((t1, 30))
  return [t4, t5]

-----------------------------------------
-- not recursive
k28 :: {} [Word, Word] ->> [Word, Word]
k28{} [t0, t1] = b35[t0, t1]

-----------------------------------------
-- not recursive
hi64_34 :: [Word, Word] ->> [Word, Word]
hi64_34 <-
  k28{}

-----------------------------------------
-- not recursive
b36 :: forall (a :: *). [Word, a] >>= [Word]
b36[t0, t1] =
  t2 <- return t0
  t3 <- and((t2, 255))
  return t3

-----------------------------------------
-- not recursive
k29 :: forall (a :: *). {} [Word, a] ->> [Word]
k29{} [t0, t1] = b36[t0, t1]

-----------------------------------------
-- not recursive
lo34_8 :: [Word, Word] ->> [Word]
lo34_8 <-
  k29{}

-----------------------------------------
-- not recursive
b19 :: [Word, Word] >>= [Word]
b19[t0, t1] =
  [t2, t3] <- hi64_34 @ [t0, t1]
  lo34_8 @ [t2, t3]

-----------------------------------------
-- not recursive
k12 :: {} [Word, Word] ->> [Word]
k12{} [t0, t1] = b19[t0, t1]

-----------------------------------------
-- not recursive
mindirect_impl :: [Word, Word] ->> [Word]
mindirect_impl <-
  k12{}

-----------------------------------------
-- not recursive
entrypoint mindirect :: [Word, Word] >>= [Word]
mindirect[t0, t1] =
  mindirect_impl @ [t0, t1]

-----------------------------------------
-- not recursive
b37 :: forall (a :: *). [a, Word] >>= [a, Word]
b37[t0, t1] =
  t2 <- return t0
  t3 <- return t1
  t4 <- and((t3, 63))
  return [t2, t4]

-----------------------------------------
-- not recursive
k30 :: forall (a :: *). {} [a, Word] ->> [a, Word]
k30{} [t0, t1] = b37[t0, t1]

-----------------------------------------
-- not recursive
lo64_38 :: [Word, Word] ->> [Word, Word]
lo64_38 <-
  k30{}

-----------------------------------------
-- not recursive
b38 :: [Word, Word] >>= [Word]
b38[t0, t1] =
  t2 <- lshr((t0, 30))
  t3 <- shl((t1, 2))
  t4 <- or((t2, t3))
  return t4

-----------------------------------------
-- not recursive
k31 :: {} [Word, Word] ->> [Word]
k31{} [t0, t1] = b38[t0, t1]

-----------------------------------------
-- not recursive
hi38_8 :: [Word, Word] ->> [Word]
hi38_8 <-
  k31{}

-----------------------------------------
-- not recursive
b18 :: [Word, Word] >>= [Word]
b18[t0, t1] =
  [t2, t3] <- lo64_38 @ [t0, t1]
  hi38_8 @ [t2, t3]

-----------------------------------------
-- not recursive
k11 :: {} [Word, Word] ->> [Word]
k11{} [t0, t1] = b18[t0, t1]

-----------------------------------------
-- not recursive
mindirect1_impl :: [Word, Word] ->> [Word]
mindirect1_impl <-
  k11{}

-----------------------------------------
-- not recursive
entrypoint mindirect1 :: [Word, Word] >>= [Word]
mindirect1[t0, t1] =
  mindirect1_impl @ [t0, t1]

-----------------------------------------
-- Entrypoints: direct indirect indirect1 indirect2 mdirect mindirect mindirect1
