bitdata Bool /1
  = False [ B0 ]
    -- predFalse(x :: Bit 1) = x == 0b0
  | True [ B1 ]
    -- predTrue(x :: Bit 1) = x == 0b1

-- bit pattern:
--  _

-----------------------------------------
-- not recursive
False :: Bool
False <-
  False()

-----------------------------------------
-- not recursive
entrypoint false :: Bool
false <-
  return False

-----------------------------------------
-- not recursive
True :: Bool
True <-
  True()

-----------------------------------------
-- not recursive
entrypoint true :: Bool
true <-
  return True

-----------------------------------------
-- Entrypoints: false true
