bitdata BBOOL /1
  = Bt [ B1 ]
    -- predBt(x :: Bit 1) = x == 0b1
  | Bf [ B0 ]
    -- predBf(x :: Bit 1) = x == 0b0

bitdata BOOL /1
  = Tt [ B1 ]
    -- predTt(x :: Bit 1) = x == 0b1
  | Ff [ B0 ]
    -- predFf(x :: Bit 1) = x == 0b0

bitdata ABOOL /1
  = At [ B1 ]
    -- predAt(x :: Bit 1) = x == 0b1
  | Sf [ B0 ]
    -- predSf(x :: Bit 1) = x == 0b0

-----------------------------------------
-- not recursive
Tt :: BOOL
Tt <-
  Tt()

-----------------------------------------
-- not recursive
entrypoint tt :: BOOL
tt <-
  return Tt

-----------------------------------------
-- not recursive
Ff :: BOOL
Ff <-
  Ff()

-----------------------------------------
-- not recursive
entrypoint ff :: BOOL
ff <-
  return Ff

-----------------------------------------
-- not recursive
At :: ABOOL
At <-
  At()

-----------------------------------------
-- not recursive
entrypoint at :: ABOOL
at <-
  return At

-----------------------------------------
-- not recursive
Sf :: ABOOL
Sf <-
  Sf()

-----------------------------------------
-- not recursive
entrypoint sf :: ABOOL
sf <-
  return Sf

-----------------------------------------
-- not recursive
Bt :: BBOOL
Bt <-
  Bt()

-----------------------------------------
-- not recursive
entrypoint bt :: BBOOL
bt <-
  return Bt

-----------------------------------------
-- not recursive
Bf :: BBOOL
Bf <-
  Bf()

-----------------------------------------
-- not recursive
entrypoint bf :: BBOOL
bf <-
  return Bf

-----------------------------------------
-- not recursive
b5 :: [] >>= [Word]
b5[] =
  return 2

-----------------------------------------
-- not recursive
b4 :: [] >>= [Word]
b4[] =
  return 1

-----------------------------------------
-- not recursive
b6 :: [BOOL] >>= [Word]
b6[t0] =
  case t0 of
    Tt -> b4[]
    Ff -> b5[]

-----------------------------------------
-- not recursive
k2 :: {} [BOOL] ->> [Word]
k2{} t0 = b6[t0]

-----------------------------------------
-- not recursive
entrypoint decide :: [BOOL] ->> [Word]
decide <-
  k2{}

-----------------------------------------
-- Entrypoints: tt ff at sf bt bf decide
