bitdata H /6
  = SixtyThree [ B11_1111 ]
    -- predSixtyThree(x :: Bit 6) = true

-- bit pattern:
--  111111

bitdata Q /2
  = Zero [ B00 ]
    -- predZero(x :: Bit 2) = x == 0b0
  | One [ B01 ]
    -- predOne(x :: Bit 2) = x == 0b1
  | Two [ B10 ]
    -- predTwo(x :: Bit 2) = x == 0b10
  | Three [ B11 ]
    -- predThree(x :: Bit 2) = x == 0b11

-- bit pattern:
--  __

bitdata U2 /8
  = XX2 [ X12 ]
    -- predXX2(x :: Bit 8) = true

-- bit pattern:
--  00010010

bitdata Z2 /6
  = Z2 [ B01_0000 ]
    -- predZ2(x :: Bit 6) = true

-- bit pattern:
--  010000

-----------------------------------------
-- not recursive
k3 :: {} [U2] ->> [U2]
k3{} t0 = return t0

-----------------------------------------
-- not recursive
entrypoint idU2 :: [U2] ->> [U2]
idU2 <-
  k3{}

-----------------------------------------
-- not recursive
k31 :: {} [Z2] ->> [Z2]
k31{} t0 = return t0

-----------------------------------------
-- not recursive
entrypoint idZ2 :: [Z2] ->> [Z2]
idZ2 <-
  k31{}

-----------------------------------------
-- not recursive
k32 :: {} [Q] ->> [Q]
k32{} t0 = return t0

-----------------------------------------
-- not recursive
entrypoint idQ :: [Q] ->> [Q]
idQ <-
  k32{}

-----------------------------------------
-- not recursive
k33 :: {} [H] ->> [H]
k33{} t0 = return t0

-----------------------------------------
-- not recursive
entrypoint idH :: [H] ->> [H]
idH <-
  k33{}

-----------------------------------------
-- Entrypoints: idU2 idZ2 idQ idH
