-----------------------------------------
-- not recursive
entrypoint isUnmapped :: [Word] >>= [Bit 1]
isUnmapped[t0] =
  primEq((t0, 0))

-----------------------------------------
-- not recursive
entrypoint isMapped :: [Word] >>= [Bit 1]
isMapped[t0] =
  t1 <- and((t0, 1))
  primEq((t1, 1))

-----------------------------------------
-- not recursive
entrypoint isMapped1 :: [Word] >>= [Bit 1]
isMapped1[t0] =
  primNeq((t0, 0))

-----------------------------------------
-- not recursive
entrypoint mapped :: [Word] >>= [Word]
mapped[t0] =
  t1 <- shl((t0, 1))
  or((t1, 1))

-----------------------------------------
-- not recursive
entrypoint unmapped :: Word
unmapped <-
  return 0

-----------------------------------------
-- Entrypoints: isUnmapped isMapped isMapped1 mapped unmapped
