bitdata ABOOL /1
  = At [ B1 ]
    -- predAt(x :: Bit 1) = x == 0x1
  | Sf [ B0 ]
    -- predSf(x :: Bit 1) = x == 0x0

-- bit pattern:
--  _

bitdata BBOOL /1
  = Bt [ B1 ]
    -- predBt(x :: Bit 1) = x == 0x1
  | Bf [ B0 ]
    -- predBf(x :: Bit 1) = x == 0x0

-- bit pattern:
--  _

bitdata BOOL /1
  = Tt [ B1 ]
    -- predTt(x :: Bit 1) = x == 0x1
  | Ff [ B0 ]
    -- predFf(x :: Bit 1) = x == 0x0

-- bit pattern:
--  _

-----------------------------------------
-- not recursive
Tt :: BOOL
Tt <-
  Tt()

-----------------------------------------
-- not recursive
entrypoint tt :: BOOL
tt <-
  return Tt

-----------------------------------------
-- not recursive
Ff :: BOOL
Ff <-
  Ff()

-----------------------------------------
-- not recursive
entrypoint ff :: BOOL
ff <-
  return Ff

-----------------------------------------
-- not recursive
At :: ABOOL
At <-
  At()

-----------------------------------------
-- not recursive
entrypoint at :: ABOOL
at <-
  return At

-----------------------------------------
-- not recursive
Sf :: ABOOL
Sf <-
  Sf()

-----------------------------------------
-- not recursive
entrypoint sf :: ABOOL
sf <-
  return Sf

-----------------------------------------
-- not recursive
Bt :: BBOOL
Bt <-
  Bt()

-----------------------------------------
-- not recursive
entrypoint bt :: BBOOL
bt <-
  return Bt

-----------------------------------------
-- not recursive
Bf :: BBOOL
Bf <-
  Bf()

-----------------------------------------
-- not recursive
entrypoint bf :: BBOOL
bf <-
  return Bf

-----------------------------------------
-- not recursive
b6 :: [] >>= [Bit 64]
b6[] =
  return 1

-----------------------------------------
-- not recursive
b5 :: [] >>= [Bit 64]
b5[] =
  return 2

-----------------------------------------
-- not recursive
b7 :: [BOOL] >>= [Bit 64]
b7[t0] =
  case t0 of
    Tt -> b6[]
    Ff -> b5[]

-----------------------------------------
-- not recursive
k3 :: {} [BOOL] ->> [Bit 64]
k3{} t0 = b7[t0]

-----------------------------------------
-- not recursive
entrypoint decide :: [BOOL] ->> [Bit 64]
decide <-
  k3{}

-----------------------------------------
-- Entrypoints: tt ff at sf bt bf decide
