bitdata PCI /16
  = PCI [ bus :: Bit 8 | dev :: Bit 5 | fun :: Bit 3 ]
    -- predPCI(x :: Bit 16) = true

-- bit pattern:
--  ________________

-----------------------------------------
-- not recursive
b20 :: [Bit 3, Bit 5, Bit 8] >>= [PCI]
b20[t0, t1, t2] =
  t3 <- PCI.PCI(t2, t1, t0)
  PCI(t3)

-----------------------------------------
-- not recursive
k10 :: {Bit 8, Bit 5} [Bit 3] ->> [PCI]
k10{t0, t1} t2 = b20[t2, t1, t0]

-----------------------------------------
-- not recursive
k11 :: {Bit 8} [Bit 5] ->> [[Bit 3] ->> [PCI]]
k11{t0} t1 = k10{t0, t1}

-----------------------------------------
-- not recursive
k12 :: {} [Bit 8] ->> [[Bit 5] ->> [[Bit 3] ->> [PCI]]]
k12{} t0 = k11{t0}

-----------------------------------------
-- not recursive
entrypoint mkPCI0 :: [Bit 8] ->> [[Bit 5] ->> [[Bit 3] ->> [PCI]]]
mkPCI0 <-
  k12{}

-----------------------------------------
-- not recursive
entrypoint mkPCI1 :: [Bit 8] ->> [[Bit 5] ->> [[Bit 3] ->> [PCI]]]
mkPCI1 <-
  k12{}

-----------------------------------------
-- not recursive
entrypoint mkPCI2 :: [Bit 8] ->> [[Bit 5] ->> [[Bit 3] ->> [PCI]]]
mkPCI2 <-
  k12{}

-----------------------------------------
-- not recursive
b25 :: [PCI] >>= [Bit 8]
b25[t0] =
  t1 <- PCI 0 t0
  PCI.PCI 0 t1

-----------------------------------------
-- not recursive
k13 :: {} [PCI] ->> [Bit 8]
k13{} t0 = b25[t0]

-----------------------------------------
-- not recursive
entrypoint getBus :: [PCI] ->> [Bit 8]
getBus <-
  k13{}

-----------------------------------------
-- not recursive
b29 :: [PCI] >>= [Bit 5]
b29[t0] =
  t1 <- PCI 0 t0
  PCI.PCI 1 t1

-----------------------------------------
-- not recursive
k14 :: {} [PCI] ->> [Bit 5]
k14{} t0 = b29[t0]

-----------------------------------------
-- not recursive
entrypoint getDev :: [PCI] ->> [Bit 5]
getDev <-
  k14{}

-----------------------------------------
-- not recursive
b33 :: [PCI] >>= [Bit 3]
b33[t0] =
  t1 <- PCI 0 t0
  PCI.PCI 2 t1

-----------------------------------------
-- not recursive
k15 :: {} [PCI] ->> [Bit 3]
k15{} t0 = b33[t0]

-----------------------------------------
-- not recursive
entrypoint getFun :: [PCI] ->> [Bit 3]
getFun <-
  k15{}

-----------------------------------------
-- not recursive
b37 :: [PCI, Bit 8] >>= [PCI]
b37[t0, t1] =
  t2 <- PCI 0 t0
  t3 <- update_bus((t2, t1))
  PCI(t3)

-----------------------------------------
-- not recursive
k16 :: {Bit 8} [PCI] ->> [PCI]
k16{t0} t1 = b37[t1, t0]

-----------------------------------------
-- not recursive
k17 :: {} [Bit 8] ->> [[PCI] ->> [PCI]]
k17{} t0 = k16{t0}

-----------------------------------------
-- not recursive
entrypoint updBus :: [Bit 8] ->> [[PCI] ->> [PCI]]
updBus <-
  k17{}

-----------------------------------------
-- not recursive
b42 :: [PCI, Bit 5] >>= [PCI]
b42[t0, t1] =
  t2 <- PCI 0 t0
  t3 <- update_dev((t2, t1))
  PCI(t3)

-----------------------------------------
-- not recursive
k18 :: {Bit 5} [PCI] ->> [PCI]
k18{t0} t1 = b42[t1, t0]

-----------------------------------------
-- not recursive
k19 :: {} [Bit 5] ->> [[PCI] ->> [PCI]]
k19{} t0 = k18{t0}

-----------------------------------------
-- not recursive
entrypoint updDev :: [Bit 5] ->> [[PCI] ->> [PCI]]
updDev <-
  k19{}

-----------------------------------------
-- not recursive
b47 :: [PCI, Bit 3] >>= [PCI]
b47[t0, t1] =
  t2 <- PCI 0 t0
  t3 <- update_fun((t2, t1))
  PCI(t3)

-----------------------------------------
-- not recursive
k20 :: {Bit 3} [PCI] ->> [PCI]
k20{t0} t1 = b47[t1, t0]

-----------------------------------------
-- not recursive
k21 :: {} [Bit 3] ->> [[PCI] ->> [PCI]]
k21{} t0 = k20{t0}

-----------------------------------------
-- not recursive
entrypoint updFun :: [Bit 3] ->> [[PCI] ->> [PCI]]
updFun <-
  k21{}

-----------------------------------------
-- Entrypoints: mkPCI0 mkPCI1 mkPCI2 getBus getDev getFun updBus updDev updFun
