bitdata Byte /8
  = Byte [ val :: Bit 8 ]
    -- predByte(x :: Bit 8) = true

-- bit pattern:
--  ________

data Unit
  = Unit

-----------------------------------------
-- not recursive
external seventeen {primBitFromLiteral 17 8} :: [Unit] ->> [Bit 8]

-----------------------------------------
-- not recursive
Unit :: Unit
Unit <-
  Unit()

-----------------------------------------
-- not recursive
b14 :: [] >>= [Byte]
b14[] =
  t0 <- seventeen @ Unit
  t1 <- Byte.Byte(t0)
  Byte(t1)

-----------------------------------------
-- not recursive
entrypoint aByte :: Byte
aByte <-
  b14[]

-----------------------------------------
-- not recursive
b11 :: [Byte] >>= [Bit 8]
b11[t0] =
  t1 <- Byte 0 t0
  Byte.Byte 0 t1

-----------------------------------------
-- not recursive
k5 :: {} [Byte] ->> [Bit 8]
k5{} t0 = b11[t0]

-----------------------------------------
-- not recursive
entrypoint getVal :: [Byte] ->> [Bit 8]
getVal <-
  k5{}

-----------------------------------------
-- not recursive
b8 :: [Bit 8] >>= [Byte]
b8[t0] =
  t1 <- Byte.Byte(t0)
  Byte(t1)

-----------------------------------------
-- not recursive
k4 :: {} [Bit 8] ->> [Byte]
k4{} t0 = b8[t0]

-----------------------------------------
-- not recursive
entrypoint setVal :: [Bit 8] ->> [Byte]
setVal <-
  k4{}

-----------------------------------------
-- Entrypoints: aByte getVal setVal
